TN:
SF:/usr/include/c++/9/bits/predefined_ops.h
FN:234,_ZN9__gnu_cxx5__ops16_Iter_equals_valIK4MoveEC2ERS3_
FNDA:13,_ZN9__gnu_cxx5__ops16_Iter_equals_valIK4MoveEC2ERS3_
FN:240,_ZN9__gnu_cxx5__ops16_Iter_equals_valIK4MoveEclINS_17__normal_iteratorIPS3_St6vectorIS2_SaIS2_EEEEEEbT_
FNDA:4,_ZN9__gnu_cxx5__ops16_Iter_equals_valIK4MoveEclINS_17__normal_iteratorIPS3_St6vectorIS2_SaIS2_EEEEEEbT_
FN:246,_ZN9__gnu_cxx5__ops17__iter_equals_valIK4MoveEENS0_16_Iter_equals_valIT_EERS5_
FNDA:13,_ZN9__gnu_cxx5__ops17__iter_equals_valIK4MoveEENS0_16_Iter_equals_valIT_EERS5_
DA:234,13
DA:235,13
DA:236,13
DA:240,4
DA:241,4
DA:246,13
DA:247,13
end_of_record
SF:/usr/include/c++/9/bits/stl_iterator.h
FN:806,_ZN9__gnu_cxx17__normal_iteratorIP8PositionSt6vectorIS1_SaIS1_EEEC2ERKS2_
FNDA:0,_ZN9__gnu_cxx17__normal_iteratorIP8PositionSt6vectorIS1_SaIS1_EEEC2ERKS2_
FN:806,_ZN9__gnu_cxx17__normal_iteratorIPK4MoveSt6vectorIS1_SaIS1_EEEC2ERKS3_
FNDA:0,_ZN9__gnu_cxx17__normal_iteratorIPK4MoveSt6vectorIS1_SaIS1_EEEC2ERKS3_
FN:806,_ZN9__gnu_cxx17__normal_iteratorIP4MoveSt6vectorIS1_SaIS1_EEEC2ERKS2_
FNDA:0,_ZN9__gnu_cxx17__normal_iteratorIP4MoveSt6vectorIS1_SaIS1_EEEC2ERKS2_
FN:806,_ZN9__gnu_cxx17__normal_iteratorIPK8PositionSt6vectorIS1_SaIS1_EEEC2ERKS3_
FNDA:0,_ZN9__gnu_cxx17__normal_iteratorIPK8PositionSt6vectorIS1_SaIS1_EEEC2ERKS3_
FN:819,_ZNK9__gnu_cxx17__normal_iteratorIP4MoveSt6vectorIS1_SaIS1_EEEdeEv
FNDA:0,_ZNK9__gnu_cxx17__normal_iteratorIP4MoveSt6vectorIS1_SaIS1_EEEdeEv
FN:819,_ZNK9__gnu_cxx17__normal_iteratorIP8PositionSt6vectorIS1_SaIS1_EEEdeEv
FNDA:0,_ZNK9__gnu_cxx17__normal_iteratorIP8PositionSt6vectorIS1_SaIS1_EEEdeEv
FN:819,_ZNK9__gnu_cxx17__normal_iteratorIPK4MoveSt6vectorIS1_SaIS1_EEEdeEv
FNDA:0,_ZNK9__gnu_cxx17__normal_iteratorIPK4MoveSt6vectorIS1_SaIS1_EEEdeEv
FN:819,_ZNK9__gnu_cxx17__normal_iteratorIPK8PositionSt6vectorIS1_SaIS1_EEEdeEv
FNDA:0,_ZNK9__gnu_cxx17__normal_iteratorIPK8PositionSt6vectorIS1_SaIS1_EEEdeEv
FN:827,_ZN9__gnu_cxx17__normal_iteratorIP4MoveSt6vectorIS1_SaIS1_EEEppEv
FNDA:0,_ZN9__gnu_cxx17__normal_iteratorIP4MoveSt6vectorIS1_SaIS1_EEEppEv
FN:827,_ZN9__gnu_cxx17__normal_iteratorIPK4MoveSt6vectorIS1_SaIS1_EEEppEv
FNDA:0,_ZN9__gnu_cxx17__normal_iteratorIPK4MoveSt6vectorIS1_SaIS1_EEEppEv
FN:827,_ZN9__gnu_cxx17__normal_iteratorIP8PositionSt6vectorIS1_SaIS1_EEEppEv
FNDA:0,_ZN9__gnu_cxx17__normal_iteratorIP8PositionSt6vectorIS1_SaIS1_EEEppEv
FN:827,_ZN9__gnu_cxx17__normal_iteratorIPK8PositionSt6vectorIS1_SaIS1_EEEppEv
FNDA:0,_ZN9__gnu_cxx17__normal_iteratorIPK8PositionSt6vectorIS1_SaIS1_EEEppEv
FN:859,_ZNK9__gnu_cxx17__normal_iteratorIP8PositionSt6vectorIS1_SaIS1_EEEplEl
FNDA:0,_ZNK9__gnu_cxx17__normal_iteratorIP8PositionSt6vectorIS1_SaIS1_EEEplEl
FN:871,_ZNK9__gnu_cxx17__normal_iteratorIP8PositionSt6vectorIS1_SaIS1_EEE4baseEv
FNDA:0,_ZNK9__gnu_cxx17__normal_iteratorIP8PositionSt6vectorIS1_SaIS1_EEE4baseEv
FN:871,_ZNK9__gnu_cxx17__normal_iteratorIPK8PositionSt6vectorIS1_SaIS1_EEE4baseEv
FNDA:0,_ZNK9__gnu_cxx17__normal_iteratorIPK8PositionSt6vectorIS1_SaIS1_EEE4baseEv
FN:871,_ZNK9__gnu_cxx17__normal_iteratorIPK4MoveSt6vectorIS1_SaIS1_EEE4baseEv
FNDA:0,_ZNK9__gnu_cxx17__normal_iteratorIPK4MoveSt6vectorIS1_SaIS1_EEE4baseEv
FN:871,_ZNK9__gnu_cxx17__normal_iteratorIP4MoveSt6vectorIS1_SaIS1_EEE4baseEv
FNDA:0,_ZNK9__gnu_cxx17__normal_iteratorIP4MoveSt6vectorIS1_SaIS1_EEE4baseEv
FN:893,_ZN9__gnu_cxxeqIPK8PositionSt6vectorIS1_SaIS1_EEEEbRKNS_17__normal_iteratorIT_T0_EESC_
FNDA:0,_ZN9__gnu_cxxeqIPK8PositionSt6vectorIS1_SaIS1_EEEEbRKNS_17__normal_iteratorIT_T0_EESC_
FN:893,_ZN9__gnu_cxxeqIPK4MoveSt6vectorIS1_SaIS1_EEEEbRKNS_17__normal_iteratorIT_T0_EESC_
FNDA:0,_ZN9__gnu_cxxeqIPK4MoveSt6vectorIS1_SaIS1_EEEEbRKNS_17__normal_iteratorIT_T0_EESC_
FN:907,_ZN9__gnu_cxxneIP4MoveSt6vectorIS1_SaIS1_EEEEbRKNS_17__normal_iteratorIT_T0_EESB_
FNDA:0,_ZN9__gnu_cxxneIP4MoveSt6vectorIS1_SaIS1_EEEEbRKNS_17__normal_iteratorIT_T0_EESB_
FN:907,_ZN9__gnu_cxxneIPK8PositionSt6vectorIS1_SaIS1_EEEEbRKNS_17__normal_iteratorIT_T0_EESC_
FNDA:0,_ZN9__gnu_cxxneIPK8PositionSt6vectorIS1_SaIS1_EEEEbRKNS_17__normal_iteratorIT_T0_EESC_
FN:907,_ZN9__gnu_cxxneIPK4MoveSt6vectorIS1_SaIS1_EEEEbRKNS_17__normal_iteratorIT_T0_EESC_
FNDA:0,_ZN9__gnu_cxxneIPK4MoveSt6vectorIS1_SaIS1_EEEEbRKNS_17__normal_iteratorIT_T0_EESC_
FN:907,_ZN9__gnu_cxxneIP8PositionSt6vectorIS1_SaIS1_EEEEbRKNS_17__normal_iteratorIT_T0_EESB_
FNDA:0,_ZN9__gnu_cxxneIP8PositionSt6vectorIS1_SaIS1_EEEEbRKNS_17__normal_iteratorIT_T0_EESB_
FN:989,_ZN9__gnu_cxxmiIPK4MoveSt6vectorIS1_SaIS1_EEEENS_17__normal_iteratorIT_T0_E15difference_typeERKSA_SD_
FNDA:26,_ZN9__gnu_cxxmiIPK4MoveSt6vectorIS1_SaIS1_EEEENS_17__normal_iteratorIT_T0_E15difference_typeERKSA_SD_
FN:989,_ZN9__gnu_cxxmiIP4MoveSt6vectorIS1_SaIS1_EEEENS_17__normal_iteratorIT_T0_E15difference_typeERKS9_SC_
FNDA:0,_ZN9__gnu_cxxmiIP4MoveSt6vectorIS1_SaIS1_EEEENS_17__normal_iteratorIT_T0_E15difference_typeERKS9_SC_
FN:989,_ZN9__gnu_cxxmiIP8PositionSt6vectorIS1_SaIS1_EEEENS_17__normal_iteratorIT_T0_E15difference_typeERKS9_SC_
FNDA:241,_ZN9__gnu_cxxmiIP8PositionSt6vectorIS1_SaIS1_EEEENS_17__normal_iteratorIT_T0_E15difference_typeERKS9_SC_
FN:1010,_ZSt12__niter_baseIP8PositionSt6vectorIS0_SaIS0_EEET_N9__gnu_cxx17__normal_iteratorIS5_T0_EE
FNDA:0,_ZSt12__niter_baseIP8PositionSt6vectorIS0_SaIS0_EEET_N9__gnu_cxx17__normal_iteratorIS5_T0_EE
FN:1010,_ZSt12__niter_baseIPK8PositionSt6vectorIS0_SaIS0_EEET_N9__gnu_cxx17__normal_iteratorIS6_T0_EE
FNDA:0,_ZSt12__niter_baseIPK8PositionSt6vectorIS0_SaIS0_EEET_N9__gnu_cxx17__normal_iteratorIS6_T0_EE
FN:1010,_ZSt12__niter_baseIPK4MoveSt6vectorIS0_SaIS0_EEET_N9__gnu_cxx17__normal_iteratorIS6_T0_EE
FNDA:0,_ZSt12__niter_baseIPK4MoveSt6vectorIS0_SaIS0_EEET_N9__gnu_cxx17__normal_iteratorIS6_T0_EE
FN:1057,_ZNSt13move_iteratorIP8PositionEC2ES1_
FNDA:0,_ZNSt13move_iteratorIP8PositionEC2ES1_
FN:1057,_ZNSt13move_iteratorIP4MoveEC2ES1_
FNDA:0,_ZNSt13move_iteratorIP4MoveEC2ES1_
FN:1066,_ZNKSt13move_iteratorIP8PositionE4baseEv
FNDA:0,_ZNKSt13move_iteratorIP8PositionE4baseEv
FN:1066,_ZNKSt13move_iteratorIP4MoveE4baseEv
FNDA:0,_ZNKSt13move_iteratorIP4MoveE4baseEv
FN:1070,_ZNKSt13move_iteratorIP8PositionEdeEv
FNDA:0,_ZNKSt13move_iteratorIP8PositionEdeEv
FN:1070,_ZNKSt13move_iteratorIP4MoveEdeEv
FNDA:0,_ZNKSt13move_iteratorIP4MoveEdeEv
FN:1078,_ZNSt13move_iteratorIP8PositionEppEv
FNDA:0,_ZNSt13move_iteratorIP8PositionEppEv
FN:1078,_ZNSt13move_iteratorIP4MoveEppEv
FNDA:0,_ZNSt13move_iteratorIP4MoveEppEv
FN:1145,_ZSteqIP8PositionEbRKSt13move_iteratorIT_ES6_
FNDA:0,_ZSteqIP8PositionEbRKSt13move_iteratorIT_ES6_
FN:1145,_ZSteqIP4MoveEbRKSt13move_iteratorIT_ES6_
FNDA:0,_ZSteqIP4MoveEbRKSt13move_iteratorIT_ES6_
FN:1157,_ZStneIP8PositionEbRKSt13move_iteratorIT_ES6_
FNDA:0,_ZStneIP8PositionEbRKSt13move_iteratorIT_ES6_
FN:1157,_ZStneIP4MoveEbRKSt13move_iteratorIT_ES6_
FNDA:0,_ZStneIP4MoveEbRKSt13move_iteratorIT_ES6_
FN:1242,_ZSt32__make_move_if_noexcept_iteratorI8PositionSt13move_iteratorIPS0_EET0_PT_
FNDA:0,_ZSt32__make_move_if_noexcept_iteratorI8PositionSt13move_iteratorIPS0_EET0_PT_
FN:1242,_ZSt32__make_move_if_noexcept_iteratorI4MoveSt13move_iteratorIPS0_EET0_PT_
FNDA:0,_ZSt32__make_move_if_noexcept_iteratorI4MoveSt13move_iteratorIPS0_EET0_PT_
DA:806,0
DA:807,0
DA:806,0
DA:807,0
DA:806,0
DA:807,0
DA:806,0
DA:807,0
DA:819,0
DA:820,0
DA:819,0
DA:820,0
DA:819,0
DA:820,0
DA:819,0
DA:820,0
DA:827,0
DA:829,0
DA:830,0
DA:827,0
DA:829,0
DA:830,0
DA:827,0
DA:829,0
DA:830,0
DA:827,0
DA:829,0
DA:830,0
DA:859,0
DA:860,0
DA:871,0
DA:872,0
DA:871,0
DA:872,0
DA:871,0
DA:872,0
DA:871,0
DA:872,0
DA:893,0
DA:896,0
DA:893,0
DA:896,0
DA:907,0
DA:910,0
DA:907,0
DA:910,0
DA:907,0
DA:910,0
DA:907,0
DA:910,0
DA:989,26
DA:992,26
DA:989,0
DA:992,0
DA:989,241
DA:992,241
DA:1010,0
DA:1012,0
DA:1010,0
DA:1012,0
DA:1010,0
DA:1012,0
DA:1057,0
DA:1058,0
DA:1057,0
DA:1058,0
DA:1066,0
DA:1067,0
DA:1066,0
DA:1067,0
DA:1070,0
DA:1071,0
DA:1070,0
DA:1071,0
DA:1078,0
DA:1080,0
DA:1081,0
DA:1078,0
DA:1080,0
DA:1081,0
DA:1145,0
DA:1147,0
DA:1145,0
DA:1147,0
DA:1157,0
DA:1159,0
DA:1157,0
DA:1159,0
DA:1242,0
DA:1243,0
DA:1242,0
DA:1243,0
end_of_record
SF:/usr/include/c++/9/bits/stl_iterator_base_funcs.h
FN:98,_ZSt10__distanceIPK4MoveENSt15iterator_traitsIT_E15difference_typeES4_S4_St26random_access_iterator_tag
FNDA:46,_ZSt10__distanceIPK4MoveENSt15iterator_traitsIT_E15difference_typeES4_S4_St26random_access_iterator_tag
FN:138,_ZSt8distanceIPK4MoveENSt15iterator_traitsIT_E15difference_typeES4_S4_
FNDA:46,_ZSt8distanceIPK4MoveENSt15iterator_traitsIT_E15difference_typeES4_S4_
DA:98,46
DA:104,46
DA:138,46
DA:141,46
DA:142,92
end_of_record
SF:/usr/include/c++/9/bits/stl_vector.h
FN:94,_ZNSt12_Vector_baseI8PositionSaIS0_EE17_Vector_impl_dataC2Ev
FNDA:0,_ZNSt12_Vector_baseI8PositionSaIS0_EE17_Vector_impl_dataC2Ev
FN:94,_ZNSt12_Vector_baseI4MoveSaIS0_EE17_Vector_impl_dataC2Ev
FNDA:0,_ZNSt12_Vector_baseI4MoveSaIS0_EE17_Vector_impl_dataC2Ev
FN:99,_ZNSt12_Vector_baseI8PositionSaIS0_EE17_Vector_impl_dataC2EOS3_
FNDA:0,_ZNSt12_Vector_baseI8PositionSaIS0_EE17_Vector_impl_dataC2EOS3_
FN:99,_ZNSt12_Vector_baseI4MoveSaIS0_EE17_Vector_impl_dataC2EOS3_
FNDA:0,_ZNSt12_Vector_baseI4MoveSaIS0_EE17_Vector_impl_dataC2EOS3_
FN:128,_ZNSt12_Vector_baseI8PositionSaIS0_EE12_Vector_implC2Ev
FNDA:0,_ZNSt12_Vector_baseI8PositionSaIS0_EE12_Vector_implC2Ev
FN:128,_ZNSt12_Vector_baseI4MoveSaIS0_EE12_Vector_implC2Ev
FNDA:0,_ZNSt12_Vector_baseI4MoveSaIS0_EE12_Vector_implC2Ev
FN:133,_ZNSt12_Vector_baseI4MoveSaIS0_EE12_Vector_implC2ERKS1_
FNDA:0,_ZNSt12_Vector_baseI4MoveSaIS0_EE12_Vector_implC2ERKS1_
FN:133,_ZNSt12_Vector_baseI8PositionSaIS0_EE12_Vector_implC2ERKS1_
FNDA:0,_ZNSt12_Vector_baseI8PositionSaIS0_EE12_Vector_implC2ERKS1_
FN:140,_ZNSt12_Vector_baseI8PositionSaIS0_EE12_Vector_implC2EOS3_
FNDA:0,_ZNSt12_Vector_baseI8PositionSaIS0_EE12_Vector_implC2EOS3_
FN:140,_ZNSt12_Vector_baseI4MoveSaIS0_EE12_Vector_implC2EOS3_
FNDA:0,_ZNSt12_Vector_baseI4MoveSaIS0_EE12_Vector_implC2EOS3_
FN:273,_ZNSt12_Vector_baseI8PositionSaIS0_EE19_M_get_Tp_allocatorEv
FNDA:0,_ZNSt12_Vector_baseI8PositionSaIS0_EE19_M_get_Tp_allocatorEv
FN:273,_ZNSt12_Vector_baseI4MoveSaIS0_EE19_M_get_Tp_allocatorEv
FNDA:0,_ZNSt12_Vector_baseI4MoveSaIS0_EE19_M_get_Tp_allocatorEv
FN:277,_ZNKSt12_Vector_baseI8PositionSaIS0_EE19_M_get_Tp_allocatorEv
FNDA:0,_ZNKSt12_Vector_baseI8PositionSaIS0_EE19_M_get_Tp_allocatorEv
FN:277,_ZNKSt12_Vector_baseI4MoveSaIS0_EE19_M_get_Tp_allocatorEv
FNDA:0,_ZNKSt12_Vector_baseI4MoveSaIS0_EE19_M_get_Tp_allocatorEv
FN:285,_ZNSt12_Vector_baseI8PositionSaIS0_EEC2Ev
FNDA:0,_ZNSt12_Vector_baseI8PositionSaIS0_EEC2Ev
FN:285,_ZNSt12_Vector_baseI4MoveSaIS0_EEC2Ev
FNDA:0,_ZNSt12_Vector_baseI4MoveSaIS0_EEC2Ev
FN:290,_ZNSt12_Vector_baseI4MoveSaIS0_EEC2ERKS1_
FNDA:0,_ZNSt12_Vector_baseI4MoveSaIS0_EEC2ERKS1_
FN:300,_ZNSt12_Vector_baseI8PositionSaIS0_EEC2EmRKS1_
FNDA:0,_ZNSt12_Vector_baseI8PositionSaIS0_EEC2EmRKS1_
FN:300,_ZNSt12_Vector_baseI4MoveSaIS0_EEC2EmRKS1_
FNDA:0,_ZNSt12_Vector_baseI4MoveSaIS0_EEC2EmRKS1_
FN:305,_ZNSt12_Vector_baseI4MoveSaIS0_EEC2EOS2_
FNDA:0,_ZNSt12_Vector_baseI4MoveSaIS0_EEC2EOS2_
FN:305,_ZNSt12_Vector_baseI8PositionSaIS0_EEC2EOS2_
FNDA:0,_ZNSt12_Vector_baseI8PositionSaIS0_EEC2EOS2_
FN:330,_ZNSt12_Vector_baseI8PositionSaIS0_EED2Ev
FNDA:0,_ZNSt12_Vector_baseI8PositionSaIS0_EED2Ev
FN:330,_ZNSt12_Vector_baseI4MoveSaIS0_EED2Ev
FNDA:0,_ZNSt12_Vector_baseI4MoveSaIS0_EED2Ev
FN:340,_ZNSt12_Vector_baseI8PositionSaIS0_EE11_M_allocateEm
FNDA:0,_ZNSt12_Vector_baseI8PositionSaIS0_EE11_M_allocateEm
FN:340,_ZNSt12_Vector_baseI4MoveSaIS0_EE11_M_allocateEm
FNDA:0,_ZNSt12_Vector_baseI4MoveSaIS0_EE11_M_allocateEm
FN:347,_ZNSt12_Vector_baseI8PositionSaIS0_EE13_M_deallocateEPS0_m
FNDA:0,_ZNSt12_Vector_baseI8PositionSaIS0_EE13_M_deallocateEPS0_m
FN:347,_ZNSt12_Vector_baseI4MoveSaIS0_EE13_M_deallocateEPS0_m
FNDA:0,_ZNSt12_Vector_baseI4MoveSaIS0_EE13_M_deallocateEPS0_m
FN:356,_ZNSt12_Vector_baseI4MoveSaIS0_EE17_M_create_storageEm
FNDA:0,_ZNSt12_Vector_baseI4MoveSaIS0_EE17_M_create_storageEm
FN:356,_ZNSt12_Vector_baseI8PositionSaIS0_EE17_M_create_storageEm
FNDA:0,_ZNSt12_Vector_baseI8PositionSaIS0_EE17_M_create_storageEm
FN:428,_ZNSt6vectorI4MoveSaIS0_EE19_S_nothrow_relocateESt17integral_constantIbLb1EE
FNDA:0,_ZNSt6vectorI4MoveSaIS0_EE19_S_nothrow_relocateESt17integral_constantIbLb1EE
FN:428,_ZNSt6vectorI8PositionSaIS0_EE19_S_nothrow_relocateESt17integral_constantIbLb1EE
FNDA:482,_ZNSt6vectorI8PositionSaIS0_EE19_S_nothrow_relocateESt17integral_constantIbLb1EE
FN:441,_ZNSt6vectorI8PositionSaIS0_EE15_S_use_relocateEv
FNDA:482,_ZNSt6vectorI8PositionSaIS0_EE15_S_use_relocateEv
FN:441,_ZNSt6vectorI4MoveSaIS0_EE15_S_use_relocateEv
FNDA:0,_ZNSt6vectorI4MoveSaIS0_EE15_S_use_relocateEv
FN:450,_ZNSt6vectorI4MoveSaIS0_EE14_S_do_relocateEPS0_S3_S3_RS1_St17integral_constantIbLb1EE
FNDA:0,_ZNSt6vectorI4MoveSaIS0_EE14_S_do_relocateEPS0_S3_S3_RS1_St17integral_constantIbLb1EE
FN:450,_ZNSt6vectorI8PositionSaIS0_EE14_S_do_relocateEPS0_S3_S3_RS1_St17integral_constantIbLb1EE
FNDA:482,_ZNSt6vectorI8PositionSaIS0_EE14_S_do_relocateEPS0_S3_S3_RS1_St17integral_constantIbLb1EE
FN:462,_ZNSt6vectorI8PositionSaIS0_EE11_S_relocateEPS0_S3_S3_RS1_
FNDA:482,_ZNSt6vectorI8PositionSaIS0_EE11_S_relocateEPS0_S3_S3_RS1_
FN:462,_ZNSt6vectorI4MoveSaIS0_EE11_S_relocateEPS0_S3_S3_RS1_
FNDA:0,_ZNSt6vectorI4MoveSaIS0_EE11_S_relocateEPS0_S3_S3_RS1_
FN:484,_ZNSt6vectorI8PositionSaIS0_EEC2Ev
FNDA:0,_ZNSt6vectorI8PositionSaIS0_EEC2Ev
FN:484,_ZNSt6vectorI4MoveSaIS0_EEC2Ev
FNDA:0,_ZNSt6vectorI4MoveSaIS0_EEC2Ev
FN:550,_ZNSt6vectorI8PositionSaIS0_EEC2ERKS2_
FNDA:0,_ZNSt6vectorI8PositionSaIS0_EEC2ERKS2_
FN:550,_ZNSt6vectorI4MoveSaIS0_EEC2ERKS2_
FNDA:0,_ZNSt6vectorI4MoveSaIS0_EEC2ERKS2_
FN:569,_ZNSt6vectorI4MoveSaIS0_EEC2EOS2_
FNDA:0,_ZNSt6vectorI4MoveSaIS0_EEC2EOS2_
FN:569,_ZNSt6vectorI8PositionSaIS0_EEC2EOS2_
FNDA:0,_ZNSt6vectorI8PositionSaIS0_EEC2EOS2_
FN:622,_ZNSt6vectorI4MoveSaIS0_EEC2ESt16initializer_listIS0_ERKS1_
FNDA:46,_ZNSt6vectorI4MoveSaIS0_EEC2ESt16initializer_listIS0_ERKS1_
FN:675,_ZNSt6vectorI8PositionSaIS0_EED2Ev
FNDA:0,_ZNSt6vectorI8PositionSaIS0_EED2Ev
FN:675,_ZNSt6vectorI4MoveSaIS0_EED2Ev
FNDA:0,_ZNSt6vectorI4MoveSaIS0_EED2Ev
FN:808,_ZNSt6vectorI8PositionSaIS0_EE5beginEv
FNDA:0,_ZNSt6vectorI8PositionSaIS0_EE5beginEv
FN:808,_ZNSt6vectorI4MoveSaIS0_EE5beginEv
FNDA:0,_ZNSt6vectorI4MoveSaIS0_EE5beginEv
FN:817,_ZNKSt6vectorI4MoveSaIS0_EE5beginEv
FNDA:0,_ZNKSt6vectorI4MoveSaIS0_EE5beginEv
FN:817,_ZNKSt6vectorI8PositionSaIS0_EE5beginEv
FNDA:0,_ZNKSt6vectorI8PositionSaIS0_EE5beginEv
FN:826,_ZNSt6vectorI8PositionSaIS0_EE3endEv
FNDA:0,_ZNSt6vectorI8PositionSaIS0_EE3endEv
FN:826,_ZNSt6vectorI4MoveSaIS0_EE3endEv
FNDA:0,_ZNSt6vectorI4MoveSaIS0_EE3endEv
FN:835,_ZNKSt6vectorI8PositionSaIS0_EE3endEv
FNDA:0,_ZNKSt6vectorI8PositionSaIS0_EE3endEv
FN:835,_ZNKSt6vectorI4MoveSaIS0_EE3endEv
FNDA:0,_ZNKSt6vectorI4MoveSaIS0_EE3endEv
FN:915,_ZNKSt6vectorI4MoveSaIS0_EE4sizeEv
FNDA:0,_ZNKSt6vectorI4MoveSaIS0_EE4sizeEv
FN:915,_ZNKSt6vectorI8PositionSaIS0_EE4sizeEv
FNDA:0,_ZNKSt6vectorI8PositionSaIS0_EE4sizeEv
FN:920,_ZNKSt6vectorI8PositionSaIS0_EE8max_sizeEv
FNDA:482,_ZNKSt6vectorI8PositionSaIS0_EE8max_sizeEv
FN:920,_ZNKSt6vectorI4MoveSaIS0_EE8max_sizeEv
FNDA:0,_ZNKSt6vectorI4MoveSaIS0_EE8max_sizeEv
FN:995,_ZNKSt6vectorI8PositionSaIS0_EE8capacityEv
FNDA:0,_ZNKSt6vectorI8PositionSaIS0_EE8capacityEv
FN:1004,_ZNKSt6vectorI4MoveSaIS0_EE5emptyEv
FNDA:0,_ZNKSt6vectorI4MoveSaIS0_EE5emptyEv
FN:1004,_ZNKSt6vectorI8PositionSaIS0_EE5emptyEv
FNDA:0,_ZNKSt6vectorI8PositionSaIS0_EE5emptyEv
FN:1184,_ZNSt6vectorI8PositionSaIS0_EE9push_backERKS0_
FNDA:242,_ZNSt6vectorI8PositionSaIS0_EE9push_backERKS0_
FN:1184,_ZNSt6vectorI4MoveSaIS0_EE9push_backERKS0_
FNDA:0,_ZNSt6vectorI4MoveSaIS0_EE9push_backERKS0_
FN:1495,_ZNSt6vectorI8PositionSaIS0_EE5clearEv
FNDA:0,_ZNSt6vectorI8PositionSaIS0_EE5clearEv
FN:1505,_ZNSt6vectorI8PositionSaIS0_EE20_M_allocate_and_copyIN9__gnu_cxx17__normal_iteratorIPKS0_S2_EEEEPS0_mT_SA_
FNDA:0,_ZNSt6vectorI8PositionSaIS0_EE20_M_allocate_and_copyIN9__gnu_cxx17__normal_iteratorIPKS0_S2_EEEEPS0_mT_SA_
FN:1574,_ZNSt6vectorI4MoveSaIS0_EE19_M_range_initializeIPKS0_EEvT_S6_St20forward_iterator_tag
FNDA:46,_ZNSt6vectorI4MoveSaIS0_EE19_M_range_initializeIPKS0_EEvT_S6_St20forward_iterator_tag
FN:1753,_ZNKSt6vectorI8PositionSaIS0_EE12_M_check_lenEmPKc
FNDA:241,_ZNKSt6vectorI8PositionSaIS0_EE12_M_check_lenEmPKc
FN:1753,_ZNKSt6vectorI4MoveSaIS0_EE12_M_check_lenEmPKc
FNDA:0,_ZNKSt6vectorI4MoveSaIS0_EE12_M_check_lenEmPKc
FN:1764,_ZNSt6vectorI4MoveSaIS0_EE17_S_check_init_lenEmRKS1_
FNDA:46,_ZNSt6vectorI4MoveSaIS0_EE17_S_check_init_lenEmRKS1_
FN:1773,_ZNSt6vectorI4MoveSaIS0_EE11_S_max_sizeERKS1_
FNDA:0,_ZNSt6vectorI4MoveSaIS0_EE11_S_max_sizeERKS1_
FN:1773,_ZNSt6vectorI8PositionSaIS0_EE11_S_max_sizeERKS1_
FNDA:482,_ZNSt6vectorI8PositionSaIS0_EE11_S_max_sizeERKS1_
FN:1789,_ZNSt6vectorI8PositionSaIS0_EE15_M_erase_at_endEPS0_
FNDA:0,_ZNSt6vectorI8PositionSaIS0_EE15_M_erase_at_endEPS0_
FN:1888,_ZSteqI4MoveSaIS0_EEbRKSt6vectorIT_T0_ES7_
FNDA:737,_ZSteqI4MoveSaIS0_EEbRKSt6vectorIT_T0_ES7_
FN:1888,_ZSteqI8PositionSaIS0_EEbRKSt6vectorIT_T0_ES7_
FNDA:737,_ZSteqI8PositionSaIS0_EEbRKSt6vectorIT_T0_ES7_
DA:94,0
DA:95,0
DA:96,0
DA:94,0
DA:95,0
DA:96,0
DA:99,0
DA:100,0
DA:101,0
DA:102,0
DA:99,0
DA:100,0
DA:101,0
DA:102,0
DA:128,0
DA:130,0
DA:131,0
DA:128,0
DA:130,0
DA:131,0
DA:133,0
DA:134,0
DA:135,0
DA:133,0
DA:134,0
DA:135,0
DA:140,0
DA:141,0
DA:142,0
DA:140,0
DA:141,0
DA:142,0
DA:273,0
DA:274,0
DA:273,0
DA:274,0
DA:277,0
DA:278,0
DA:277,0
DA:278,0
DA:285,0
DA:285,0
DA:290,0
DA:291,0
DA:300,0
DA:301,0
DA:302,0
DA:300,0
DA:301,0
DA:302,0
DA:305,0
DA:305,0
DA:330,0
DA:332,0
DA:333,0
DA:334,0
DA:330,0
DA:332,0
DA:333,0
DA:334,0
DA:340,0
DA:343,0
DA:340,0
DA:343,0
DA:347,0
DA:350,0
DA:351,0
DA:352,0
DA:347,0
DA:350,0
DA:351,0
DA:352,0
DA:356,0
DA:358,0
DA:359,0
DA:360,0
DA:361,0
DA:356,0
DA:358,0
DA:359,0
DA:360,0
DA:361,0
DA:428,0
DA:433,0
DA:428,482
DA:433,482
DA:441,0
DA:446,0
DA:441,482
DA:446,482
DA:450,0
DA:453,0
DA:450,482
DA:453,482
DA:462,0
DA:466,0
DA:462,482
DA:466,482
DA:484,0
DA:484,0
DA:550,0
DA:552,0
DA:554,0
DA:555,0
DA:557,0
DA:558,0
DA:550,0
DA:552,0
DA:554,0
DA:555,0
DA:557,0
DA:558,0
DA:569,0
DA:569,0
DA:622,46
DA:624,46
DA:626,46
DA:628,46
DA:675,0
DA:677,0
DA:678,0
DA:680,0
DA:675,0
DA:677,0
DA:678,0
DA:680,0
DA:808,0
DA:809,0
DA:808,0
DA:809,0
DA:817,0
DA:818,0
DA:817,0
DA:818,0
DA:826,0
DA:827,0
DA:826,0
DA:827,0
DA:835,0
DA:836,0
DA:835,0
DA:836,0
DA:915,0
DA:916,0
DA:915,0
DA:916,0
DA:920,0
DA:921,0
DA:920,482
DA:921,482
DA:995,0
DA:996,0
DA:997,0
DA:1004,0
DA:1005,0
DA:1004,0
DA:1005,0
DA:1184,0
DA:1186,0
DA:1189,0
DA:1191,0
DA:1195,0
DA:1196,0
DA:1184,242
DA:1186,242
DA:1189,1
DA:1191,1
DA:1195,241
DA:1196,242
DA:1495,0
DA:1496,0
DA:1505,0
DA:1508,0
DA:1511,0
DA:1512,0
DA:1513,0
DA:1515,0
DA:1517,0
DA:1518,0
DA:1574,46
DA:1577,46
DA:1578,46
DA:1579,46
DA:1580,46
DA:1581,46
DA:1582,46
DA:1584,46
DA:1585,46
DA:1753,0
DA:1755,0
DA:1756,0
DA:1758,0
DA:1759,0
DA:1753,241
DA:1755,241
DA:1756,0
DA:1758,241
DA:1759,241
DA:1764,46
DA:1766,46
DA:1767,0
DA:1769,46
DA:1773,482
DA:1778,482
DA:1780,482
DA:1781,482
DA:1773,0
DA:1778,0
DA:1780,0
DA:1781,0
DA:1789,0
DA:1791,0
DA:1793,0
DA:1794,0
DA:1795,0
DA:1798,0
DA:1888,737
DA:1889,737
DA:1890,737
DA:1888,737
DA:1889,737
DA:1890,737
end_of_record
SF:/home/napiad/studia/eiti/mgr/sem1/zpr/checkers-webapp/checkers/src/Move.h
FN:19,_ZN4MoveC2Ev
FNDA:0,_ZN4MoveC2Ev
DA:19,0
end_of_record
SF:/usr/include/c++/9/ext/new_allocator.h
FN:80,_ZN9__gnu_cxx13new_allocatorI4MoveEC2Ev
FNDA:0,_ZN9__gnu_cxx13new_allocatorI4MoveEC2Ev
FN:80,_ZN9__gnu_cxx13new_allocatorI8PositionEC2Ev
FNDA:0,_ZN9__gnu_cxx13new_allocatorI8PositionEC2Ev
FN:83,_ZN9__gnu_cxx13new_allocatorI8PositionEC2ERKS2_
FNDA:0,_ZN9__gnu_cxx13new_allocatorI8PositionEC2ERKS2_
FN:83,_ZN9__gnu_cxx13new_allocatorI4MoveEC2ERKS2_
FNDA:0,_ZN9__gnu_cxx13new_allocatorI4MoveEC2ERKS2_
FN:89,_ZN9__gnu_cxx13new_allocatorI8PositionED2Ev
FNDA:0,_ZN9__gnu_cxx13new_allocatorI8PositionED2Ev
FN:89,_ZN9__gnu_cxx13new_allocatorI4MoveED2Ev
FNDA:0,_ZN9__gnu_cxx13new_allocatorI4MoveED2Ev
FN:102,_ZN9__gnu_cxx13new_allocatorI4MoveE8allocateEmPKv
FNDA:0,_ZN9__gnu_cxx13new_allocatorI4MoveE8allocateEmPKv
FN:102,_ZN9__gnu_cxx13new_allocatorI8PositionE8allocateEmPKv
FNDA:0,_ZN9__gnu_cxx13new_allocatorI8PositionE8allocateEmPKv
FN:119,_ZN9__gnu_cxx13new_allocatorI8PositionE10deallocateEPS1_m
FNDA:0,_ZN9__gnu_cxx13new_allocatorI8PositionE10deallocateEPS1_m
FN:119,_ZN9__gnu_cxx13new_allocatorI4MoveE10deallocateEPS1_m
FNDA:0,_ZN9__gnu_cxx13new_allocatorI4MoveE10deallocateEPS1_m
FN:132,_ZNK9__gnu_cxx13new_allocatorI8PositionE8max_sizeEv
FNDA:0,_ZNK9__gnu_cxx13new_allocatorI8PositionE8max_sizeEv
FN:132,_ZNK9__gnu_cxx13new_allocatorI4MoveE8max_sizeEv
FNDA:0,_ZNK9__gnu_cxx13new_allocatorI4MoveE8max_sizeEv
FN:144,_ZN9__gnu_cxx13new_allocatorI4MoveE9constructIS1_JS1_EEEvPT_DpOT0_
FNDA:0,_ZN9__gnu_cxx13new_allocatorI4MoveE9constructIS1_JS1_EEEvPT_DpOT0_
FN:144,_ZN9__gnu_cxx13new_allocatorI4MoveE9constructIS1_JRKS1_EEEvPT_DpOT0_
FNDA:0,_ZN9__gnu_cxx13new_allocatorI4MoveE9constructIS1_JRKS1_EEEvPT_DpOT0_
FN:144,_ZN9__gnu_cxx13new_allocatorI8PositionE9constructIS1_JRKS1_EEEvPT_DpOT0_
FNDA:242,_ZN9__gnu_cxx13new_allocatorI8PositionE9constructIS1_JRKS1_EEEvPT_DpOT0_
FN:144,_ZN9__gnu_cxx13new_allocatorI8PositionE9constructIS1_JS1_EEEvPT_DpOT0_
FNDA:56,_ZN9__gnu_cxx13new_allocatorI8PositionE9constructIS1_JS1_EEEvPT_DpOT0_
FN:151,_ZN9__gnu_cxx13new_allocatorI8PositionE7destroyIS1_EEvPT_
FNDA:56,_ZN9__gnu_cxx13new_allocatorI8PositionE7destroyIS1_EEvPT_
FN:151,_ZN9__gnu_cxx13new_allocatorI4MoveE7destroyIS1_EEvPT_
FNDA:0,_ZN9__gnu_cxx13new_allocatorI4MoveE7destroyIS1_EEvPT_
DA:80,0
DA:80,0
DA:83,0
DA:83,0
DA:89,0
DA:89,0
DA:102,0
DA:104,0
DA:105,0
DA:114,0
DA:102,0
DA:104,0
DA:105,0
DA:114,0
DA:119,0
DA:128,0
DA:129,0
DA:119,0
DA:128,0
DA:129,0
DA:132,0
DA:135,0
DA:132,0
DA:135,0
DA:144,0
DA:147,0
DA:144,56
DA:147,56
DA:144,0
DA:147,0
DA:144,242
DA:147,242
DA:151,0
DA:153,0
DA:151,56
DA:153,56
end_of_record
SF:/usr/include/c++/9/bits/allocator.h
FN:138,_ZNSaI8PositionEC2Ev
FNDA:0,_ZNSaI8PositionEC2Ev
FN:138,_ZNSaI4MoveEC2Ev
FNDA:0,_ZNSaI4MoveEC2Ev
FN:141,_ZNSaI4MoveEC2ERKS0_
FNDA:0,_ZNSaI4MoveEC2ERKS0_
FN:141,_ZNSaI8PositionEC2ERKS0_
FNDA:0,_ZNSaI8PositionEC2ERKS0_
FN:153,_ZNSaI4MoveED2Ev
FNDA:0,_ZNSaI4MoveED2Ev
FN:153,_ZNSaI8PositionED2Ev
FNDA:0,_ZNSaI8PositionED2Ev
FN:160,_ZStneRKSaI8PositionES2_
FNDA:0,_ZStneRKSaI8PositionES2_
DA:138,0
DA:138,0
DA:141,0
DA:142,0
DA:141,0
DA:142,0
DA:153,0
DA:153,0
DA:160,0
DA:161,0
end_of_record
SF:/usr/include/c++/9/bits/stl_construct.h
FN:74,_ZSt10_ConstructI4MoveJS0_EEvPT_DpOT0_
FNDA:0,_ZSt10_ConstructI4MoveJS0_EEvPT_DpOT0_
FN:74,_ZSt10_ConstructI8PositionJS0_EEvPT_DpOT0_
FNDA:0,_ZSt10_ConstructI8PositionJS0_EEvPT_DpOT0_
FN:74,_ZSt10_ConstructI8PositionJRS0_EEvPT_DpOT0_
FNDA:0,_ZSt10_ConstructI8PositionJRS0_EEvPT_DpOT0_
FN:74,_ZSt10_ConstructI4MoveJRKS0_EEvPT_DpOT0_
FNDA:0,_ZSt10_ConstructI4MoveJRKS0_EEvPT_DpOT0_
FN:74,_ZSt10_ConstructI8PositionJRKS0_EEvPT_DpOT0_
FNDA:0,_ZSt10_ConstructI8PositionJRKS0_EEvPT_DpOT0_
FN:97,_ZSt8_DestroyI4MoveEvPT_
FNDA:0,_ZSt8_DestroyI4MoveEvPT_
FN:105,_ZNSt12_Destroy_auxILb0EE9__destroyIP4MoveEEvT_S4_
FNDA:0,_ZNSt12_Destroy_auxILb0EE9__destroyIP4MoveEEvT_S4_
FN:117,_ZNSt12_Destroy_auxILb1EE9__destroyIN9__gnu_cxx17__normal_iteratorIP8PositionSt6vectorIS4_SaIS4_EEEEEEvT_SA_
FNDA:0,_ZNSt12_Destroy_auxILb1EE9__destroyIN9__gnu_cxx17__normal_iteratorIP8PositionSt6vectorIS4_SaIS4_EEEEEEvT_SA_
FN:117,_ZNSt12_Destroy_auxILb1EE9__destroyIP8PositionEEvT_S4_
FNDA:0,_ZNSt12_Destroy_auxILb1EE9__destroyIP8PositionEEvT_S4_
FN:127,_ZSt8_DestroyIN9__gnu_cxx17__normal_iteratorIP8PositionSt6vectorIS2_SaIS2_EEEEEvT_S8_
FNDA:0,_ZSt8_DestroyIN9__gnu_cxx17__normal_iteratorIP8PositionSt6vectorIS2_SaIS2_EEEEEvT_S8_
FN:127,_ZSt8_DestroyIP4MoveEvT_S2_
FNDA:0,_ZSt8_DestroyIP4MoveEvT_S2_
FN:127,_ZSt8_DestroyIP8PositionEvT_S2_
FNDA:0,_ZSt8_DestroyIP8PositionEvT_S2_
FN:203,_ZSt8_DestroyIN9__gnu_cxx17__normal_iteratorIP8PositionSt6vectorIS2_SaIS2_EEEES2_EvT_S8_RSaIT0_E
FNDA:0,_ZSt8_DestroyIN9__gnu_cxx17__normal_iteratorIP8PositionSt6vectorIS2_SaIS2_EEEES2_EvT_S8_RSaIT0_E
FN:203,_ZSt8_DestroyIP4MoveS0_EvT_S2_RSaIT0_E
FNDA:0,_ZSt8_DestroyIP4MoveS0_EvT_S2_RSaIT0_E
FN:203,_ZSt8_DestroyIP8PositionS0_EvT_S2_RSaIT0_E
FNDA:0,_ZSt8_DestroyIP8PositionS0_EvT_S2_RSaIT0_E
DA:74,0
DA:75,0
DA:74,0
DA:75,0
DA:74,0
DA:75,0
DA:74,0
DA:75,0
DA:74,0
DA:75,0
DA:97,0
DA:98,0
DA:105,0
DA:107,0
DA:108,0
DA:109,0
DA:117,0
DA:117,0
DA:127,0
DA:137,0
DA:138,0
DA:127,0
DA:137,0
DA:138,0
DA:127,0
DA:137,0
DA:138,0
DA:203,0
DA:206,0
DA:207,0
DA:203,0
DA:206,0
DA:207,0
DA:203,0
DA:206,0
DA:207,0
end_of_record
SF:/usr/include/c++/9/new
FN:173,_ZnwmPv
FNDA:0,_ZnwmPv
FN:179,_ZdlPvS_
FNDA:0,_ZdlPvS_
DA:173,0
DA:174,0
DA:179,0
end_of_record
SF:/home/napiad/studia/eiti/mgr/sem1/zpr/checkers-webapp/checkers/src/Move.cc
FN:12,_ZN4MoveC2E8PositionS0_
FNDA:302,_ZN4MoveC2E8PositionS0_
FN:14,_ZN4MoveC2E8PositionS0_S0_
FNDA:128,_ZN4MoveC2E8PositionS0_S0_
FN:18,_ZNK4Move9isInitialEv
FNDA:866,_ZNK4Move9isInitialEv
FN:24,_ZNK4MoveeqERKS_
FNDA:877,_ZNK4MoveeqERKS_
FN:31,_ZNK4Move5mergeERS_
FNDA:47,_ZNK4Move5mergeERS_
FN:56,_ZN4Move18addUpgradePositionERK8Position
FNDA:15,_ZN4Move18addUpgradePositionERK8Position
FN:60,_ZN4Move19addCapturedPositionERK8Position
FNDA:4,_ZN4Move19addCapturedPositionERK8Position
FN:65,_ZNK4Move19getUpgradePositionsEv
FNDA:185,_ZNK4Move19getUpgradePositionsEv
FN:67,_ZNK4Move16getStartPositionEv
FNDA:486,_ZNK4Move16getStartPositionEv
FN:69,_ZNK4Move14getEndPositionEv
FNDA:472,_ZNK4Move14getEndPositionEv
FN:71,_ZNK4Move20getCapturedPositionsEv
FNDA:542,_ZNK4Move20getCapturedPositionsEv
FN:73,_ZNK4Move12getStepMovesEv
FNDA:23,_ZNK4Move12getStepMovesEv
FN:75,_ZNK4Move14containsAsStepERKS_
FNDA:13,_ZNK4Move14containsAsStepERKS_
DA:12,302
DA:14,128
DA:15,128
DA:16,128
DA:18,866
DA:19,1732
DA:20,866
DA:21,137
DA:24,877
DA:25,1622
DA:26,1622
DA:27,140
DA:31,47
DA:32,47
DA:33,1
DA:35,46
DA:37,230
DA:38,92
DA:39,86
DA:42,18
DA:43,12
DA:46,187
DA:47,95
DA:50,46
DA:51,13
DA:53,46
DA:56,15
DA:57,15
DA:58,15
DA:60,4
DA:61,4
DA:62,4
DA:65,185
DA:67,486
DA:69,472
DA:71,542
DA:73,23
DA:75,13
DA:76,13
DA:77,13
DA:78,4
DA:80,9
end_of_record
SF:/usr/include/c++/9/bits/stl_iterator_base_types.h
FN:205,_ZSt19__iterator_categoryIPK4MoveENSt15iterator_traitsIT_E17iterator_categoryERKS4_
FNDA:46,_ZSt19__iterator_categoryIPK4MoveENSt15iterator_traitsIT_E17iterator_categoryERKS4_
FN:205,_ZSt19__iterator_categoryIN9__gnu_cxx17__normal_iteratorIPK4MoveSt6vectorIS2_SaIS2_EEEEENSt15iterator_traitsIT_E17iterator_categoryERKSA_
FNDA:13,_ZSt19__iterator_categoryIN9__gnu_cxx17__normal_iteratorIPK4MoveSt6vectorIS2_SaIS2_EEEEENSt15iterator_traitsIT_E17iterator_categoryERKSA_
DA:205,46
DA:206,46
DA:205,13
DA:206,13
end_of_record
SF:/usr/include/c++/9/bits/stl_algobase.h
FN:198,_ZSt3minImERKT_S2_S2_
FNDA:0,_ZSt3minImERKT_S2_S2_
FN:222,_ZSt3maxImERKT_S2_S2_
FNDA:0,_ZSt3maxImERKT_S2_S2_
FN:280,_ZSt12__niter_baseIP8PositionET_S2_
FNDA:0,_ZSt12__niter_baseIP8PositionET_S2_
FN:280,_ZSt12__niter_baseIP4MoveET_S2_
FNDA:0,_ZSt12__niter_baseIP4MoveET_S2_
FN:289,_ZSt12__niter_wrapIN9__gnu_cxx17__normal_iteratorIP8PositionSt6vectorIS2_SaIS2_EEEES3_ET_S8_T0_
FNDA:0,_ZSt12__niter_wrapIN9__gnu_cxx17__normal_iteratorIP8PositionSt6vectorIS2_SaIS2_EEEES3_ET_S8_T0_
FN:295,_ZSt12__niter_wrapIP8PositionET_RKS2_S2_
FNDA:0,_ZSt12__niter_wrapIP8PositionET_RKS2_S2_
FN:375,_ZNSt11__copy_moveILb0ELb1ESt26random_access_iterator_tagE8__copy_mI8PositionEEPT_PKS4_S7_S5_
FNDA:0,_ZNSt11__copy_moveILb0ELb1ESt26random_access_iterator_tagE8__copy_mI8PositionEEPT_PKS4_S7_S5_
FN:393,_ZSt13__copy_move_aILb0EP8PositionS1_ET1_T0_S3_S2_
FNDA:0,_ZSt13__copy_move_aILb0EP8PositionS1_ET1_T0_S3_S2_
FN:393,_ZSt13__copy_move_aILb0EPK8PositionPS0_ET1_T0_S5_S4_
FNDA:0,_ZSt13__copy_move_aILb0EPK8PositionPS0_ET1_T0_S5_S4_
FN:438,_ZSt14__copy_move_a2ILb0EP8PositionS1_ET1_T0_S3_S2_
FNDA:0,_ZSt14__copy_move_a2ILb0EP8PositionS1_ET1_T0_S3_S2_
FN:438,_ZSt14__copy_move_a2ILb0EN9__gnu_cxx17__normal_iteratorIPK8PositionSt6vectorIS2_SaIS2_EEEENS1_IPS2_S7_EEET1_T0_SC_SB_
FNDA:0,_ZSt14__copy_move_a2ILb0EN9__gnu_cxx17__normal_iteratorIPK8PositionSt6vectorIS2_SaIS2_EEEENS1_IPS2_S7_EEET1_T0_SC_SB_
FN:465,_ZSt4copyIN9__gnu_cxx17__normal_iteratorIPK8PositionSt6vectorIS2_SaIS2_EEEENS1_IPS2_S7_EEET0_T_SC_SB_
FNDA:0,_ZSt4copyIN9__gnu_cxx17__normal_iteratorIPK8PositionSt6vectorIS2_SaIS2_EEEENS1_IPS2_S7_EEET0_T_SC_SB_
FN:465,_ZSt4copyIP8PositionS1_ET0_T_S3_S2_
FNDA:0,_ZSt4copyIP8PositionS1_ET0_T_S3_S2_
FN:817,_ZNSt7__equalILb0EE5equalIPK4MoveS4_EEbT_S5_T0_
FNDA:737,_ZNSt7__equalILb0EE5equalIPK4MoveS4_EEbT_S5_T0_
FN:817,_ZNSt7__equalILb0EE5equalIPK8PositionS4_EEbT_S5_T0_
FNDA:737,_ZNSt7__equalILb0EE5equalIPK8PositionS4_EEbT_S5_T0_
FN:841,_ZSt11__equal_auxIPK4MoveS2_EbT_S3_T0_
FNDA:737,_ZSt11__equal_auxIPK4MoveS2_EbT_S3_T0_
FN:841,_ZSt11__equal_auxIPK8PositionS2_EbT_S3_T0_
FNDA:737,_ZSt11__equal_auxIPK8PositionS2_EbT_S3_T0_
FN:1059,_ZSt5equalIN9__gnu_cxx17__normal_iteratorIPK8PositionSt6vectorIS2_SaIS2_EEEES8_EbT_S9_T0_
FNDA:737,_ZSt5equalIN9__gnu_cxx17__normal_iteratorIPK8PositionSt6vectorIS2_SaIS2_EEEES8_EbT_S9_T0_
FN:1059,_ZSt5equalIN9__gnu_cxx17__normal_iteratorIPK4MoveSt6vectorIS2_SaIS2_EEEES8_EbT_S9_T0_
FNDA:737,_ZSt5equalIN9__gnu_cxx17__normal_iteratorIPK4MoveSt6vectorIS2_SaIS2_EEEES8_EbT_S9_T0_
DA:198,0
DA:203,0
DA:204,0
DA:205,0
DA:222,0
DA:227,0
DA:228,0
DA:229,0
DA:280,0
DA:282,0
DA:280,0
DA:282,0
DA:289,0
DA:290,0
DA:295,0
DA:296,0
DA:375,0
DA:384,0
DA:385,0
DA:386,0
DA:387,0
DA:393,0
DA:398,0
DA:404,0
DA:393,0
DA:398,0
DA:404,0
DA:438,0
DA:440,0
DA:443,0
DA:438,0
DA:440,0
DA:443,0
DA:465,0
DA:474,0
DA:465,0
DA:474,0
DA:817,743
DA:819,743
DA:820,6
DA:821,0
DA:822,737
DA:817,737
DA:819,737
DA:820,0
DA:821,0
DA:822,737
DA:841,737
DA:845,737
DA:851,737
DA:841,737
DA:845,737
DA:851,737
DA:1059,737
DA:1069,737
DA:1071,737
DA:1059,737
DA:1069,737
DA:1071,737
end_of_record
SF:/usr/include/c++/9/bits/vector.tcc
FN:198,_ZNSt6vectorI8PositionSaIS0_EEaSERKS2_
FNDA:0,_ZNSt6vectorI8PositionSaIS0_EEaSERKS2_
FN:426,_ZNSt6vectorI4MoveSaIS0_EE17_M_realloc_insertIJRKS0_EEEvN9__gnu_cxx17__normal_iteratorIPS0_S2_EEDpOT_
FNDA:0,_ZNSt6vectorI4MoveSaIS0_EE17_M_realloc_insertIJRKS0_EEEvN9__gnu_cxx17__normal_iteratorIPS0_S2_EEDpOT_
FN:426,_ZNSt6vectorI8PositionSaIS0_EE17_M_realloc_insertIJRKS0_EEEvN9__gnu_cxx17__normal_iteratorIPS0_S2_EEDpOT_
FNDA:241,_ZNSt6vectorI8PositionSaIS0_EE17_M_realloc_insertIJRKS0_EEEvN9__gnu_cxx17__normal_iteratorIPS0_S2_EEDpOT_
DA:198,0
DA:201,0
DA:205,0
DA:207,0
DA:208,0
DA:211,0
DA:212,0
DA:213,0
DA:214,0
DA:215,0
DA:216,0
DA:217,0
DA:219,0
DA:223,0
DA:224,0
DA:226,0
DA:228,0
DA:229,0
DA:230,0
DA:231,0
DA:232,0
DA:233,0
DA:234,0
DA:236,0
DA:238,0
DA:239,0
DA:243,0
DA:245,0
DA:246,0
DA:248,0
DA:250,0
DA:252,0
DA:426,0
DA:435,0
DA:437,0
DA:438,0
DA:439,0
DA:440,0
DA:441,0
DA:449,0
DA:450,0
DA:456,0
DA:459,0
DA:461,0
DA:462,0
DA:464,0
DA:466,0
DA:467,0
DA:474,0
DA:475,0
DA:477,0
DA:481,0
DA:482,0
DA:485,0
DA:487,0
DA:488,0
DA:489,0
DA:491,0
DA:492,0
DA:493,0
DA:496,0
DA:498,0
DA:500,0
DA:501,0
DA:502,0
DA:503,0
DA:504,0
DA:505,0
DA:426,241
DA:435,241
DA:437,241
DA:438,241
DA:439,241
DA:440,241
DA:441,241
DA:449,241
DA:450,241
DA:456,241
DA:459,241
DA:461,241
DA:462,241
DA:464,241
DA:466,241
DA:467,241
DA:474,0
DA:475,0
DA:477,0
DA:481,0
DA:482,0
DA:485,0
DA:487,0
DA:488,0
DA:489,0
DA:491,0
DA:492,0
DA:493,0
DA:496,241
DA:498,0
DA:500,241
DA:501,241
DA:502,241
DA:503,241
DA:504,241
DA:505,241
end_of_record
SF:/usr/include/c++/9/bits/stl_uninitialized.h
FN:76,_ZNSt20__uninitialized_copyILb0EE13__uninit_copyISt13move_iteratorIP4MoveES4_EET0_T_S7_S6_
FNDA:0,_ZNSt20__uninitialized_copyILb0EE13__uninit_copyISt13move_iteratorIP4MoveES4_EET0_T_S7_S6_
FN:76,_ZNSt20__uninitialized_copyILb0EE13__uninit_copyISt13move_iteratorIP8PositionES4_EET0_T_S7_S6_
FNDA:0,_ZNSt20__uninitialized_copyILb0EE13__uninit_copyISt13move_iteratorIP8PositionES4_EET0_T_S7_S6_
FN:76,_ZNSt20__uninitialized_copyILb0EE13__uninit_copyIPK4MovePS2_EET0_T_S7_S6_
FNDA:46,_ZNSt20__uninitialized_copyILb0EE13__uninit_copyIPK4MovePS2_EET0_T_S7_S6_
FN:76,_ZNSt20__uninitialized_copyILb0EE13__uninit_copyIP8PositionS3_EET0_T_S5_S4_
FNDA:0,_ZNSt20__uninitialized_copyILb0EE13__uninit_copyIP8PositionS3_EET0_T_S5_S4_
FN:76,_ZNSt20__uninitialized_copyILb0EE13__uninit_copyIN9__gnu_cxx17__normal_iteratorIPK4MoveSt6vectorIS4_SaIS4_EEEEPS4_EET0_T_SD_SC_
FNDA:0,_ZNSt20__uninitialized_copyILb0EE13__uninit_copyIN9__gnu_cxx17__normal_iteratorIPK4MoveSt6vectorIS4_SaIS4_EEEEPS4_EET0_T_SD_SC_
FN:76,_ZNSt20__uninitialized_copyILb0EE13__uninit_copyIN9__gnu_cxx17__normal_iteratorIPK8PositionSt6vectorIS4_SaIS4_EEEEPS4_EET0_T_SD_SC_
FNDA:0,_ZNSt20__uninitialized_copyILb0EE13__uninit_copyIN9__gnu_cxx17__normal_iteratorIPK8PositionSt6vectorIS4_SaIS4_EEEEPS4_EET0_T_SD_SC_
FN:115,_ZSt18uninitialized_copyIN9__gnu_cxx17__normal_iteratorIPK8PositionSt6vectorIS2_SaIS2_EEEEPS2_ET0_T_SB_SA_
FNDA:0,_ZSt18uninitialized_copyIN9__gnu_cxx17__normal_iteratorIPK8PositionSt6vectorIS2_SaIS2_EEEEPS2_ET0_T_SB_SA_
FN:115,_ZSt18uninitialized_copyISt13move_iteratorIP4MoveES2_ET0_T_S5_S4_
FNDA:0,_ZSt18uninitialized_copyISt13move_iteratorIP4MoveES2_ET0_T_S5_S4_
FN:115,_ZSt18uninitialized_copyIN9__gnu_cxx17__normal_iteratorIPK4MoveSt6vectorIS2_SaIS2_EEEEPS2_ET0_T_SB_SA_
FNDA:0,_ZSt18uninitialized_copyIN9__gnu_cxx17__normal_iteratorIPK4MoveSt6vectorIS2_SaIS2_EEEEPS2_ET0_T_SB_SA_
FN:115,_ZSt18uninitialized_copyISt13move_iteratorIP8PositionES2_ET0_T_S5_S4_
FNDA:0,_ZSt18uninitialized_copyISt13move_iteratorIP8PositionES2_ET0_T_S5_S4_
FN:115,_ZSt18uninitialized_copyIP8PositionS1_ET0_T_S3_S2_
FNDA:0,_ZSt18uninitialized_copyIP8PositionS1_ET0_T_S3_S2_
FN:115,_ZSt18uninitialized_copyIPK4MovePS0_ET0_T_S5_S4_
FNDA:46,_ZSt18uninitialized_copyIPK4MovePS0_ET0_T_S5_S4_
FN:305,_ZSt22__uninitialized_copy_aIN9__gnu_cxx17__normal_iteratorIPK8PositionSt6vectorIS2_SaIS2_EEEEPS2_S2_ET0_T_SB_SA_RSaIT1_E
FNDA:0,_ZSt22__uninitialized_copy_aIN9__gnu_cxx17__normal_iteratorIPK8PositionSt6vectorIS2_SaIS2_EEEEPS2_S2_ET0_T_SB_SA_RSaIT1_E
FN:305,_ZSt22__uninitialized_copy_aIN9__gnu_cxx17__normal_iteratorIPK4MoveSt6vectorIS2_SaIS2_EEEEPS2_S2_ET0_T_SB_SA_RSaIT1_E
FNDA:0,_ZSt22__uninitialized_copy_aIN9__gnu_cxx17__normal_iteratorIPK4MoveSt6vectorIS2_SaIS2_EEEEPS2_S2_ET0_T_SB_SA_RSaIT1_E
FN:305,_ZSt22__uninitialized_copy_aIP8PositionS1_S0_ET0_T_S3_S2_RSaIT1_E
FNDA:0,_ZSt22__uninitialized_copy_aIP8PositionS1_S0_ET0_T_S3_S2_RSaIT1_E
FN:305,_ZSt22__uninitialized_copy_aIPK4MovePS0_S0_ET0_T_S5_S4_RSaIT1_E
FNDA:46,_ZSt22__uninitialized_copy_aIPK4MovePS0_S0_ET0_T_S5_S4_RSaIT1_E
FN:305,_ZSt22__uninitialized_copy_aISt13move_iteratorIP8PositionES2_S1_ET0_T_S5_S4_RSaIT1_E
FNDA:0,_ZSt22__uninitialized_copy_aISt13move_iteratorIP8PositionES2_S1_ET0_T_S5_S4_RSaIT1_E
FN:305,_ZSt22__uninitialized_copy_aISt13move_iteratorIP4MoveES2_S1_ET0_T_S5_S4_RSaIT1_E
FNDA:0,_ZSt22__uninitialized_copy_aISt13move_iteratorIP4MoveES2_S1_ET0_T_S5_S4_RSaIT1_E
FN:323,_ZSt34__uninitialized_move_if_noexcept_aIP4MoveS1_SaIS0_EET0_T_S4_S3_RT1_
FNDA:0,_ZSt34__uninitialized_move_if_noexcept_aIP4MoveS1_SaIS0_EET0_T_S4_S3_RT1_
FN:323,_ZSt34__uninitialized_move_if_noexcept_aIP8PositionS1_SaIS0_EET0_T_S4_S3_RT1_
FNDA:0,_ZSt34__uninitialized_move_if_noexcept_aIP8PositionS1_SaIS0_EET0_T_S4_S3_RT1_
FN:905,_ZSt19__relocate_object_aI8PositionS0_SaIS0_EEvPT_PT0_RT1_
FNDA:56,_ZSt19__relocate_object_aI8PositionS0_SaIS0_EEvPT_PT0_RT1_
FN:905,_ZSt19__relocate_object_aI4MoveS0_SaIS0_EEvPT_PT0_RT1_
FNDA:0,_ZSt19__relocate_object_aI4MoveS0_SaIS0_EEvPT_PT0_RT1_
FN:936,_ZSt14__relocate_a_1IP8PositionS1_SaIS0_EET0_T_S4_S3_RT1_
FNDA:482,_ZSt14__relocate_a_1IP8PositionS1_SaIS0_EET0_T_S4_S3_RT1_
FN:936,_ZSt14__relocate_a_1IP4MoveS1_SaIS0_EET0_T_S4_S3_RT1_
FNDA:0,_ZSt14__relocate_a_1IP4MoveS1_SaIS0_EET0_T_S4_S3_RT1_
FN:958,_ZSt12__relocate_aIP8PositionS1_SaIS0_EET0_T_S4_S3_RT1_
FNDA:482,_ZSt12__relocate_aIP8PositionS1_SaIS0_EET0_T_S4_S3_RT1_
FN:958,_ZSt12__relocate_aIP4MoveS1_SaIS0_EET0_T_S4_S3_RT1_
FNDA:0,_ZSt12__relocate_aIP4MoveS1_SaIS0_EET0_T_S4_S3_RT1_
DA:76,0
DA:79,0
DA:82,0
DA:83,0
DA:84,0
DA:86,0
DA:88,0
DA:89,0
DA:76,0
DA:79,0
DA:82,0
DA:83,0
DA:84,0
DA:86,0
DA:88,0
DA:89,0
DA:76,46
DA:79,46
DA:82,138
DA:83,92
DA:84,46
DA:86,0
DA:88,0
DA:89,0
DA:76,0
DA:79,0
DA:82,0
DA:83,0
DA:84,0
DA:76,0
DA:79,0
DA:82,0
DA:83,0
DA:84,0
DA:86,0
DA:88,0
DA:89,0
DA:76,0
DA:79,0
DA:82,0
DA:83,0
DA:84,0
DA:115,0
DA:134,0
DA:140,0
DA:115,0
DA:134,0
DA:140,0
DA:115,46
DA:134,46
DA:140,46
DA:115,0
DA:134,0
DA:140,0
DA:115,0
DA:134,0
DA:140,0
DA:115,0
DA:134,0
DA:140,0
DA:305,0
DA:307,0
DA:305,0
DA:307,0
DA:305,46
DA:307,46
DA:305,0
DA:307,0
DA:305,0
DA:307,0
DA:305,0
DA:307,0
DA:323,0
DA:329,0
DA:330,0
DA:323,0
DA:329,0
DA:330,0
DA:905,0
DA:912,0
DA:913,0
DA:914,0
DA:905,56
DA:912,56
DA:913,56
DA:914,56
DA:936,0
DA:948,0
DA:949,0
DA:950,0
DA:952,0
DA:936,482
DA:948,482
DA:949,538
DA:950,56
DA:952,482
DA:958,0
DA:964,0
DA:966,0
DA:958,482
DA:964,482
DA:966,482
end_of_record
SF:/usr/include/c++/9/iostream
end_of_record
SF:/usr/include/c++/9/bits/cpp_type_traits.h
FN:428,_ZSt12__miter_baseIP8PositionET_S2_
FNDA:0,_ZSt12__miter_baseIP8PositionET_S2_
FN:428,_ZSt12__miter_baseIN9__gnu_cxx17__normal_iteratorIPK8PositionSt6vectorIS2_SaIS2_EEEEET_S9_
FNDA:0,_ZSt12__miter_baseIN9__gnu_cxx17__normal_iteratorIPK8PositionSt6vectorIS2_SaIS2_EEEEET_S9_
DA:428,0
DA:429,0
DA:428,0
DA:429,0
end_of_record
SF:/usr/include/c++/9/bits/move.h
FN:47,_ZSt11__addressofI8PositionEPT_RS1_
FNDA:0,_ZSt11__addressofI8PositionEPT_RS1_
FN:47,_ZSt11__addressofI4MoveEPT_RS1_
FNDA:0,_ZSt11__addressofI4MoveEPT_RS1_
FN:74,_ZSt7forwardI4MoveEOT_RNSt16remove_referenceIS1_E4typeE
FNDA:0,_ZSt7forwardI4MoveEOT_RNSt16remove_referenceIS1_E4typeE
FN:74,_ZSt7forwardI8PositionEOT_RNSt16remove_referenceIS1_E4typeE
FNDA:0,_ZSt7forwardI8PositionEOT_RNSt16remove_referenceIS1_E4typeE
FN:74,_ZSt7forwardIR8PositionEOT_RNSt16remove_referenceIS2_E4typeE
FNDA:0,_ZSt7forwardIR8PositionEOT_RNSt16remove_referenceIS2_E4typeE
FN:74,_ZSt7forwardIRK4MoveEOT_RNSt16remove_referenceIS3_E4typeE
FNDA:0,_ZSt7forwardIRK4MoveEOT_RNSt16remove_referenceIS3_E4typeE
FN:74,_ZSt7forwardIRK8PositionEOT_RNSt16remove_referenceIS3_E4typeE
FNDA:0,_ZSt7forwardIRK8PositionEOT_RNSt16remove_referenceIS3_E4typeE
FN:99,_ZSt4moveIR4MoveEONSt16remove_referenceIT_E4typeEOS3_
FNDA:0,_ZSt4moveIR4MoveEONSt16remove_referenceIT_E4typeEOS3_
FN:99,_ZSt4moveIR8PositionEONSt16remove_referenceIT_E4typeEOS3_
FNDA:56,_ZSt4moveIR8PositionEONSt16remove_referenceIT_E4typeEOS3_
FN:99,_ZSt4moveIRNSt12_Vector_baseI4MoveSaIS1_EE12_Vector_implEEONSt16remove_referenceIT_E4typeEOS7_
FNDA:0,_ZSt4moveIRNSt12_Vector_baseI4MoveSaIS1_EE12_Vector_implEEONSt16remove_referenceIT_E4typeEOS7_
FN:99,_ZSt4moveIRNSt12_Vector_baseI8PositionSaIS1_EE12_Vector_implEEONSt16remove_referenceIT_E4typeEOS7_
FNDA:0,_ZSt4moveIRNSt12_Vector_baseI8PositionSaIS1_EE12_Vector_implEEONSt16remove_referenceIT_E4typeEOS7_
DA:47,0
DA:48,0
DA:47,0
DA:48,0
DA:74,0
DA:75,0
DA:74,0
DA:75,0
DA:74,0
DA:75,0
DA:74,0
DA:75,0
DA:74,0
DA:75,0
DA:99,0
DA:100,0
DA:99,56
DA:100,56
DA:99,0
DA:100,0
DA:99,0
DA:100,0
end_of_record
SF:/usr/include/c++/9/initializer_list
FN:71,_ZNKSt16initializer_listI4MoveE4sizeEv
FNDA:46,_ZNKSt16initializer_listI4MoveE4sizeEv
FN:75,_ZNKSt16initializer_listI4MoveE5beginEv
FNDA:92,_ZNKSt16initializer_listI4MoveE5beginEv
FN:79,_ZNKSt16initializer_listI4MoveE3endEv
FNDA:46,_ZNKSt16initializer_listI4MoveE3endEv
DA:71,46
DA:75,92
DA:79,46
end_of_record
SF:/usr/include/c++/9/bits/stl_algo.h
FN:112,_ZSt9__find_ifIN9__gnu_cxx17__normal_iteratorIPK4MoveSt6vectorIS2_SaIS2_EEEENS0_5__ops16_Iter_equals_valIS3_EEET_SC_SC_T0_St26random_access_iterator_tag
FNDA:13,_ZSt9__find_ifIN9__gnu_cxx17__normal_iteratorIPK4MoveSt6vectorIS2_SaIS2_EEEENS0_5__ops16_Iter_equals_valIS3_EEET_SC_SC_T0_St26random_access_iterator_tag
FN:159,_ZSt9__find_ifIN9__gnu_cxx17__normal_iteratorIPK4MoveSt6vectorIS2_SaIS2_EEEENS0_5__ops16_Iter_equals_valIS3_EEET_SC_SC_T0_
FNDA:13,_ZSt9__find_ifIN9__gnu_cxx17__normal_iteratorIPK4MoveSt6vectorIS2_SaIS2_EEEENS0_5__ops16_Iter_equals_valIS3_EEET_SC_SC_T0_
FN:3930,_ZSt4findIN9__gnu_cxx17__normal_iteratorIPK4MoveSt6vectorIS2_SaIS2_EEEES2_ET_S9_S9_RKT0_
FNDA:13,_ZSt4findIN9__gnu_cxx17__normal_iteratorIPK4MoveSt6vectorIS2_SaIS2_EEEES2_ET_S9_S9_RKT0_
DA:112,13
DA:116,13
DA:118,13
DA:120,0
DA:121,0
DA:122,0
DA:124,0
DA:125,0
DA:126,0
DA:128,0
DA:129,0
DA:130,0
DA:132,0
DA:133,0
DA:134,0
DA:137,13
DA:139,0
DA:140,0
DA:141,0
DA:142,0
DA:143,4
DA:144,4
DA:145,4
DA:146,0
DA:147,0
DA:148,0
DA:149,0
DA:150,0
DA:151,9
DA:153,9
DA:159,13
DA:161,13
DA:162,26
DA:3930,13
DA:3938,13
DA:3939,13
end_of_record
SF:/usr/include/c++/9/ext/alloc_traits.h
FN:97,_ZN9__gnu_cxx14__alloc_traitsISaI4MoveES1_E17_S_select_on_copyERKS2_
FNDA:0,_ZN9__gnu_cxx14__alloc_traitsISaI4MoveES1_E17_S_select_on_copyERKS2_
FN:97,_ZN9__gnu_cxx14__alloc_traitsISaI8PositionES1_E17_S_select_on_copyERKS2_
FNDA:0,_ZN9__gnu_cxx14__alloc_traitsISaI8PositionES1_E17_S_select_on_copyERKS2_
FN:103,_ZN9__gnu_cxx14__alloc_traitsISaI8PositionES1_E27_S_propagate_on_copy_assignEv
FNDA:0,_ZN9__gnu_cxx14__alloc_traitsISaI8PositionES1_E27_S_propagate_on_copy_assignEv
FN:112,_ZN9__gnu_cxx14__alloc_traitsISaI8PositionES1_E15_S_always_equalEv
FNDA:0,_ZN9__gnu_cxx14__alloc_traitsISaI8PositionES1_E15_S_always_equalEv
DA:97,0
DA:98,0
DA:97,0
DA:98,0
DA:103,0
DA:104,0
DA:112,0
DA:113,0
end_of_record
SF:/usr/include/c++/9/bits/alloc_traits.h
FN:443,_ZNSt16allocator_traitsISaI4MoveEE8allocateERS1_m
FNDA:0,_ZNSt16allocator_traitsISaI4MoveEE8allocateERS1_m
FN:443,_ZNSt16allocator_traitsISaI8PositionEE8allocateERS1_m
FNDA:0,_ZNSt16allocator_traitsISaI8PositionEE8allocateERS1_m
FN:469,_ZNSt16allocator_traitsISaI4MoveEE10deallocateERS1_PS0_m
FNDA:0,_ZNSt16allocator_traitsISaI4MoveEE10deallocateERS1_PS0_m
FN:469,_ZNSt16allocator_traitsISaI8PositionEE10deallocateERS1_PS0_m
FNDA:0,_ZNSt16allocator_traitsISaI8PositionEE10deallocateERS1_PS0_m
FN:482,_ZNSt16allocator_traitsISaI4MoveEE9constructIS0_JS0_EEEvRS1_PT_DpOT0_
FNDA:0,_ZNSt16allocator_traitsISaI4MoveEE9constructIS0_JS0_EEEvRS1_PT_DpOT0_
FN:482,_ZNSt16allocator_traitsISaI8PositionEE9constructIS0_JS0_EEEvRS1_PT_DpOT0_
FNDA:56,_ZNSt16allocator_traitsISaI8PositionEE9constructIS0_JS0_EEEvRS1_PT_DpOT0_
FN:482,_ZNSt16allocator_traitsISaI4MoveEE9constructIS0_JRKS0_EEEvRS1_PT_DpOT0_
FNDA:0,_ZNSt16allocator_traitsISaI4MoveEE9constructIS0_JRKS0_EEEvRS1_PT_DpOT0_
FN:482,_ZNSt16allocator_traitsISaI8PositionEE9constructIS0_JRKS0_EEEvRS1_PT_DpOT0_
FNDA:242,_ZNSt16allocator_traitsISaI8PositionEE9constructIS0_JRKS0_EEEvRS1_PT_DpOT0_
FN:495,_ZNSt16allocator_traitsISaI4MoveEE7destroyIS0_EEvRS1_PT_
FNDA:0,_ZNSt16allocator_traitsISaI4MoveEE7destroyIS0_EEvRS1_PT_
FN:495,_ZNSt16allocator_traitsISaI8PositionEE7destroyIS0_EEvRS1_PT_
FNDA:56,_ZNSt16allocator_traitsISaI8PositionEE7destroyIS0_EEvRS1_PT_
FN:505,_ZNSt16allocator_traitsISaI8PositionEE8max_sizeERKS1_
FNDA:482,_ZNSt16allocator_traitsISaI8PositionEE8max_sizeERKS1_
FN:505,_ZNSt16allocator_traitsISaI4MoveEE8max_sizeERKS1_
FNDA:0,_ZNSt16allocator_traitsISaI4MoveEE8max_sizeERKS1_
FN:514,_ZNSt16allocator_traitsISaI4MoveEE37select_on_container_copy_constructionERKS1_
FNDA:0,_ZNSt16allocator_traitsISaI4MoveEE37select_on_container_copy_constructionERKS1_
FN:514,_ZNSt16allocator_traitsISaI8PositionEE37select_on_container_copy_constructionERKS1_
FNDA:0,_ZNSt16allocator_traitsISaI8PositionEE37select_on_container_copy_constructionERKS1_
FN:526,_ZSt18__do_alloc_on_copyISaI8PositionEEvRT_RKS2_St17integral_constantIbLb0EE
FNDA:0,_ZSt18__do_alloc_on_copyISaI8PositionEEvRT_RKS2_St17integral_constantIbLb0EE
FN:530,_ZSt15__alloc_on_copyISaI8PositionEEvRT_RKS2_
FNDA:0,_ZSt15__alloc_on_copyISaI8PositionEEvRT_RKS2_
DA:443,0
DA:444,0
DA:443,0
DA:444,0
DA:469,0
DA:470,0
DA:469,0
DA:470,0
DA:482,0
DA:484,0
DA:482,56
DA:484,56
DA:482,0
DA:484,0
DA:482,242
DA:484,242
DA:495,0
DA:497,0
DA:495,56
DA:497,56
DA:505,482
DA:506,482
DA:505,0
DA:506,0
DA:514,0
DA:515,0
DA:514,0
DA:515,0
DA:526,0
DA:527,0
DA:530,0
DA:534,0
DA:535,0
end_of_record
TN:
SF:/home/napiad/studia/eiti/mgr/sem1/zpr/checkers-webapp/checkers/src/Piece.cc
FN:14,_ZN5PieceC2E8Positionbb
FNDA:312,_ZN5PieceC2E8Positionbb
FN:17,_ZNK5Piece5cloneEv
FNDA:8395,_ZNK5Piece5cloneEv
FN:21,_ZNK5Piece7isWhiteEv
FNDA:123,_ZNK5Piece7isWhiteEv
FN:23,_ZNK5Piece6isUserEv
FNDA:773,_ZNK5Piece6isUserEv
FN:25,_ZNK5Piece11getPositionEv
FNDA:5250,_ZNK5Piece11getPositionEv
FN:27,_ZN5Piece14changePositionE8Position
FNDA:162,_ZN5Piece14changePositionE8Position
FN:31,_ZNK5Piece11isSameColorER9PieceName
FNDA:746,_ZNK5Piece11isSameColorER9PieceName
FN:38,_ZNK5Piece11isDiffColorE9PieceName
FNDA:3050,_ZNK5Piece11isDiffColorE9PieceName
DA:14,312
DA:15,312
DA:17,8395
DA:18,8395
DA:21,123
DA:23,773
DA:25,5250
DA:27,162
DA:28,162
DA:29,162
DA:31,746
DA:32,746
DA:33,740
DA:34,11
DA:35,735
DA:38,3050
DA:39,3050
DA:40,2994
DA:41,157
DA:42,2893
end_of_record
SF:/usr/include/c++/9/iostream
end_of_record
TN:
SF:/usr/include/c++/9/ext/type_traits.h
FN:152,_ZN9__gnu_cxx17__is_null_pointerIcEEbPT_
FNDA:0,_ZN9__gnu_cxx17__is_null_pointerIcEEbPT_
DA:152,0
DA:153,0
end_of_record
SF:/home/napiad/studia/eiti/mgr/sem1/zpr/checkers-webapp/checkers/src/Move.h
FN:19,_ZN4MoveC2Ev
FNDA:0,_ZN4MoveC2Ev
DA:19,0
end_of_record
SF:/usr/include/c++/9/ext/atomicity.h
FN:48,_ZN9__gnu_cxxL18__exchange_and_addEPVii
FNDA:0,_ZN9__gnu_cxxL18__exchange_and_addEPVii
FN:52,_ZN9__gnu_cxxL12__atomic_addEPVii
FNDA:0,_ZN9__gnu_cxxL12__atomic_addEPVii
FN:65,_ZN9__gnu_cxxL25__exchange_and_add_singleEPii
FNDA:0,_ZN9__gnu_cxxL25__exchange_and_add_singleEPii
FN:73,_ZN9__gnu_cxxL19__atomic_add_singleEPii
FNDA:0,_ZN9__gnu_cxxL19__atomic_add_singleEPii
FN:78,_ZN9__gnu_cxxL27__exchange_and_add_dispatchEPii
FNDA:0,_ZN9__gnu_cxxL27__exchange_and_add_dispatchEPii
FN:92,_ZN9__gnu_cxxL21__atomic_add_dispatchEPii
FNDA:0,_ZN9__gnu_cxxL21__atomic_add_dispatchEPii
DA:48,0
DA:49,0
DA:52,0
DA:53,0
DA:65,0
DA:67,0
DA:68,0
DA:69,0
DA:73,0
DA:74,0
DA:78,0
DA:81,0
DA:82,0
DA:84,0
DA:92,0
DA:95,0
DA:96,0
DA:98,0
DA:102,0
end_of_record
SF:/usr/include/c++/9/bits/stl_construct.h
FN:74,_ZSt10_ConstructI4MoveJRS0_EEvPT_DpOT0_
FNDA:0,_ZSt10_ConstructI4MoveJRS0_EEvPT_DpOT0_
FN:74,_ZSt10_ConstructI8PositionJRS0_EEvPT_DpOT0_
FNDA:0,_ZSt10_ConstructI8PositionJRS0_EEvPT_DpOT0_
FN:74,_ZSt10_ConstructI4MoveJRKS0_EEvPT_DpOT0_
FNDA:0,_ZSt10_ConstructI4MoveJRKS0_EEvPT_DpOT0_
FN:74,_ZSt10_ConstructI8PositionJRKS0_EEvPT_DpOT0_
FNDA:0,_ZSt10_ConstructI8PositionJRKS0_EEvPT_DpOT0_
FN:74,_ZSt10_ConstructI4MoveJS0_EEvPT_DpOT0_
FNDA:0,_ZSt10_ConstructI4MoveJS0_EEvPT_DpOT0_
FN:97,_ZSt8_DestroyI4MoveEvPT_
FNDA:0,_ZSt8_DestroyI4MoveEvPT_
FN:105,_ZNSt12_Destroy_auxILb0EE9__destroyIN9__gnu_cxx17__normal_iteratorIP4MoveSt6vectorIS4_SaIS4_EEEEEEvT_SA_
FNDA:0,_ZNSt12_Destroy_auxILb0EE9__destroyIN9__gnu_cxx17__normal_iteratorIP4MoveSt6vectorIS4_SaIS4_EEEEEEvT_SA_
FN:105,_ZNSt12_Destroy_auxILb0EE9__destroyIP4MoveEEvT_S4_
FNDA:0,_ZNSt12_Destroy_auxILb0EE9__destroyIP4MoveEEvT_S4_
FN:117,_ZNSt12_Destroy_auxILb1EE9__destroyIP8PositionEEvT_S4_
FNDA:0,_ZNSt12_Destroy_auxILb1EE9__destroyIP8PositionEEvT_S4_
FN:117,_ZNSt12_Destroy_auxILb1EE9__destroyIN9__gnu_cxx17__normal_iteratorIP8PositionSt6vectorIS4_SaIS4_EEEEEEvT_SA_
FNDA:0,_ZNSt12_Destroy_auxILb1EE9__destroyIN9__gnu_cxx17__normal_iteratorIP8PositionSt6vectorIS4_SaIS4_EEEEEEvT_SA_
FN:127,_ZSt8_DestroyIN9__gnu_cxx17__normal_iteratorIP4MoveSt6vectorIS2_SaIS2_EEEEEvT_S8_
FNDA:0,_ZSt8_DestroyIN9__gnu_cxx17__normal_iteratorIP4MoveSt6vectorIS2_SaIS2_EEEEEvT_S8_
FN:127,_ZSt8_DestroyIN9__gnu_cxx17__normal_iteratorIP8PositionSt6vectorIS2_SaIS2_EEEEEvT_S8_
FNDA:0,_ZSt8_DestroyIN9__gnu_cxx17__normal_iteratorIP8PositionSt6vectorIS2_SaIS2_EEEEEvT_S8_
FN:127,_ZSt8_DestroyIP4MoveEvT_S2_
FNDA:0,_ZSt8_DestroyIP4MoveEvT_S2_
FN:127,_ZSt8_DestroyIP8PositionEvT_S2_
FNDA:0,_ZSt8_DestroyIP8PositionEvT_S2_
FN:203,_ZSt8_DestroyIN9__gnu_cxx17__normal_iteratorIP4MoveSt6vectorIS2_SaIS2_EEEES2_EvT_S8_RSaIT0_E
FNDA:0,_ZSt8_DestroyIN9__gnu_cxx17__normal_iteratorIP4MoveSt6vectorIS2_SaIS2_EEEES2_EvT_S8_RSaIT0_E
FN:203,_ZSt8_DestroyIN9__gnu_cxx17__normal_iteratorIP8PositionSt6vectorIS2_SaIS2_EEEES2_EvT_S8_RSaIT0_E
FNDA:0,_ZSt8_DestroyIN9__gnu_cxx17__normal_iteratorIP8PositionSt6vectorIS2_SaIS2_EEEES2_EvT_S8_RSaIT0_E
FN:203,_ZSt8_DestroyIP4MoveS0_EvT_S2_RSaIT0_E
FNDA:0,_ZSt8_DestroyIP4MoveS0_EvT_S2_RSaIT0_E
FN:203,_ZSt8_DestroyIP8PositionS0_EvT_S2_RSaIT0_E
FNDA:0,_ZSt8_DestroyIP8PositionS0_EvT_S2_RSaIT0_E
DA:74,0
DA:75,0
DA:74,0
DA:75,0
DA:74,0
DA:75,0
DA:74,0
DA:75,0
DA:74,0
DA:75,0
DA:97,0
DA:98,0
DA:105,0
DA:107,0
DA:108,0
DA:109,0
DA:105,0
DA:107,0
DA:108,0
DA:109,0
DA:117,0
DA:117,0
DA:127,0
DA:137,0
DA:138,0
DA:127,0
DA:137,0
DA:138,0
DA:127,0
DA:137,0
DA:138,0
DA:127,0
DA:137,0
DA:138,0
DA:203,0
DA:206,0
DA:207,0
DA:203,0
DA:206,0
DA:207,0
DA:203,0
DA:206,0
DA:207,0
DA:203,0
DA:206,0
DA:207,0
end_of_record
SF:/usr/include/x86_64-linux-gnu/c++/9/bits/gthr-default.h
FN:248,_ZL18__gthread_active_pv
FNDA:0,_ZL18__gthread_active_pv
DA:248,0
DA:252,0
end_of_record
SF:/usr/include/c++/9/bits/allocator.h
FN:138,_ZNSaI4MoveEC2Ev
FNDA:0,_ZNSaI4MoveEC2Ev
FN:138,_ZNSaI8PositionEC2Ev
FNDA:0,_ZNSaI8PositionEC2Ev
FN:141,_ZNSaISt13_Rb_tree_nodeISt4pairIK9PieceNamecEEEC2ERKS5_
FNDA:0,_ZNSaISt13_Rb_tree_nodeISt4pairIK9PieceNamecEEEC2ERKS5_
FN:141,_ZNSaISt13_Rb_tree_nodeISt4pairIKNSt7__cxx1112basic_stringIcSt11char_traitsIcESaIcEEE8PositionEEEC2ERKSB_
FNDA:0,_ZNSaISt13_Rb_tree_nodeISt4pairIKNSt7__cxx1112basic_stringIcSt11char_traitsIcESaIcEEE8PositionEEEC2ERKSB_
FN:141,_ZNSaI8PositionEC2ERKS0_
FNDA:0,_ZNSaI8PositionEC2ERKS0_
FN:141,_ZNSaI4MoveEC2ERKS0_
FNDA:0,_ZNSaI4MoveEC2ERKS0_
FN:153,_ZNSaISt13_Rb_tree_nodeISt4pairIKNSt7__cxx1112basic_stringIcSt11char_traitsIcESaIcEEE8PositionEEED2Ev
FNDA:0,_ZNSaISt13_Rb_tree_nodeISt4pairIKNSt7__cxx1112basic_stringIcSt11char_traitsIcESaIcEEE8PositionEEED2Ev
FN:153,_ZNSaISt13_Rb_tree_nodeISt4pairIK9PieceNamecEEED2Ev
FNDA:0,_ZNSaISt13_Rb_tree_nodeISt4pairIK9PieceNamecEEED2Ev
FN:153,_ZNSaI4MoveED2Ev
FNDA:0,_ZNSaI4MoveED2Ev
FN:153,_ZNSaI8PositionED2Ev
FNDA:0,_ZNSaI8PositionED2Ev
FN:160,_ZStneRKSaI4MoveES2_
FNDA:0,_ZStneRKSaI4MoveES2_
FN:160,_ZStneRKSaI8PositionES2_
FNDA:0,_ZStneRKSaI8PositionES2_
DA:138,0
DA:138,0
DA:141,0
DA:142,0
DA:141,0
DA:142,0
DA:141,0
DA:142,0
DA:141,0
DA:142,0
DA:153,0
DA:153,0
DA:153,0
DA:153,0
DA:160,0
DA:161,0
DA:160,0
DA:161,0
end_of_record
SF:/home/napiad/studia/eiti/mgr/sem1/zpr/checkers-webapp/checkers/src/King.h
FN:22,_ZN4KingC2ERKS_
FNDA:165,_ZN4KingC2ERKS_
DA:22,165
end_of_record
SF:/usr/include/c++/9/iostream
end_of_record
SF:/usr/include/c++/9/bits/cpp_type_traits.h
FN:428,_ZSt12__miter_baseIP4MoveET_S2_
FNDA:0,_ZSt12__miter_baseIP4MoveET_S2_
FN:428,_ZSt12__miter_baseIN9__gnu_cxx17__normal_iteratorIPK4MoveSt6vectorIS2_SaIS2_EEEEET_S9_
FNDA:0,_ZSt12__miter_baseIN9__gnu_cxx17__normal_iteratorIPK4MoveSt6vectorIS2_SaIS2_EEEEET_S9_
FN:428,_ZSt12__miter_baseIP8PositionET_S2_
FNDA:0,_ZSt12__miter_baseIP8PositionET_S2_
FN:428,_ZSt12__miter_baseIN9__gnu_cxx17__normal_iteratorIPK8PositionSt6vectorIS2_SaIS2_EEEEET_S9_
FNDA:0,_ZSt12__miter_baseIN9__gnu_cxx17__normal_iteratorIPK8PositionSt6vectorIS2_SaIS2_EEEEET_S9_
DA:428,0
DA:429,0
DA:428,0
DA:429,0
DA:428,0
DA:429,0
DA:428,0
DA:429,0
end_of_record
SF:/home/napiad/studia/eiti/mgr/sem1/zpr/checkers-webapp/checkers/src/Board.h
end_of_record
SF:/usr/include/c++/9/bits/shared_ptr.h
FN:139,_ZNSt10shared_ptrI4KingEC2IS0_vEEPT_
FNDA:165,_ZNSt10shared_ptrI4KingEC2IS0_vEEPT_
FN:234,_ZNSt10shared_ptrI4KingEC2I5PieceEERKS_IT_EPS0_
FNDA:0,_ZNSt10shared_ptrI4KingEC2I5PieceEERKS_IT_EPS0_
FN:263,_ZNSt10shared_ptrI5PieceEC2I4KingvEEOS_IT_E
FNDA:0,_ZNSt10shared_ptrI5PieceEC2I4KingvEEOS_IT_E
FN:491,_ZSt19static_pointer_castI4King5PieceESt10shared_ptrIT_ERKS2_IT0_E
FNDA:0,_ZSt19static_pointer_castI4King5PieceESt10shared_ptrIT_ERKS2_IT0_E
DA:139,165
DA:234,0
DA:235,0
DA:263,0
DA:264,0
DA:491,0
DA:494,0
end_of_record
SF:/home/napiad/studia/eiti/mgr/sem1/zpr/checkers-webapp/checkers/src/King.cc
FN:11,_ZN4KingC2E8PositionbbR5Board
FNDA:86,_ZN4KingC2E8PositionbbR5Board
FN:18,_ZNK4King5cloneEv
FNDA:0,_ZNK4King5cloneEv
FN:22,_ZNK4King19cloneImplementationEv
FNDA:165,_ZNK4King19cloneImplementationEv
FN:28,_ZNK4King12captureMovesERSt6vectorI4MoveSaIS1_EE5BoardS1_
FNDA:92,_ZNK4King12captureMovesERSt6vectorI4MoveSaIS1_EE5BoardS1_
FN:74,_ZNK4King15getCaptureMovesER5Board
FNDA:24,_ZNK4King15getCaptureMovesER5Board
FN:83,_ZNK4King18getNonCaptureMovesER5Board
FNDA:3,_ZNK4King18getNonCaptureMovesER5Board
FN:103,_ZNK4King5printERSo
FNDA:0,_ZNK4King5printERSo
DA:11,86
DA:12,86
DA:13,51
DA:15,35
DA:16,86
DA:18,0
DA:19,0
DA:22,165
DA:23,165
DA:28,92
DA:29,92
DA:30,92
DA:32,184
DA:33,184
DA:35,92
DA:37,92
DA:38,460
DA:39,368
DA:40,368
DA:41,368
DA:42,1102
DA:43,746
DA:44,746
DA:45,734
DA:46,59
DA:47,118
DA:49,59
DA:50,29
DA:52,59
DA:53,59
DA:54,59
DA:55,59
DA:56,59
DA:58,734
DA:59,33
DA:61,33
DA:62,33
DA:65,734
DA:66,734
DA:69,92
DA:70,53
DA:72,92
DA:74,24
DA:75,24
DA:77,48
DA:78,24
DA:80,48
DA:83,3
DA:85,3
DA:87,3
DA:88,3
DA:89,3
DA:91,15
DA:92,12
DA:93,26
DA:94,14
DA:95,14
DA:96,14
DA:100,6
DA:103,0
DA:104,0
DA:105,0
DA:106,0
end_of_record
SF:/usr/include/c++/9/bits/alloc_traits.h
FN:443,_ZNSt16allocator_traitsISaISt13_Rb_tree_nodeISt4pairIKNSt7__cxx1112basic_stringIcSt11char_traitsIcESaIcEEE8PositionEEEE8allocateERSC_m
FNDA:0,_ZNSt16allocator_traitsISaISt13_Rb_tree_nodeISt4pairIKNSt7__cxx1112basic_stringIcSt11char_traitsIcESaIcEEE8PositionEEEE8allocateERSC_m
FN:443,_ZNSt16allocator_traitsISaISt13_Rb_tree_nodeISt4pairIK9PieceNamecEEEE8allocateERS6_m
FNDA:0,_ZNSt16allocator_traitsISaISt13_Rb_tree_nodeISt4pairIK9PieceNamecEEEE8allocateERS6_m
FN:443,_ZNSt16allocator_traitsISaI8PositionEE8allocateERS1_m
FNDA:0,_ZNSt16allocator_traitsISaI8PositionEE8allocateERS1_m
FN:443,_ZNSt16allocator_traitsISaI4MoveEE8allocateERS1_m
FNDA:0,_ZNSt16allocator_traitsISaI4MoveEE8allocateERS1_m
FN:469,_ZNSt16allocator_traitsISaI8PositionEE10deallocateERS1_PS0_m
FNDA:0,_ZNSt16allocator_traitsISaI8PositionEE10deallocateERS1_PS0_m
FN:469,_ZNSt16allocator_traitsISaI4MoveEE10deallocateERS1_PS0_m
FNDA:0,_ZNSt16allocator_traitsISaI4MoveEE10deallocateERS1_PS0_m
FN:469,_ZNSt16allocator_traitsISaISt13_Rb_tree_nodeISt4pairIK9PieceNamecEEEE10deallocateERS6_PS5_m
FNDA:0,_ZNSt16allocator_traitsISaISt13_Rb_tree_nodeISt4pairIK9PieceNamecEEEE10deallocateERS6_PS5_m
FN:469,_ZNSt16allocator_traitsISaISt13_Rb_tree_nodeISt4pairIKNSt7__cxx1112basic_stringIcSt11char_traitsIcESaIcEEE8PositionEEEE10deallocateERSC_PSB_m
FNDA:0,_ZNSt16allocator_traitsISaISt13_Rb_tree_nodeISt4pairIKNSt7__cxx1112basic_stringIcSt11char_traitsIcESaIcEEE8PositionEEEE10deallocateERSC_PSB_m
FN:482,_ZNSt16allocator_traitsISaI4MoveEE9constructIS0_JRKS0_EEEvRS1_PT_DpOT0_
FNDA:0,_ZNSt16allocator_traitsISaI4MoveEE9constructIS0_JRKS0_EEEvRS1_PT_DpOT0_
FN:482,_ZNSt16allocator_traitsISaISt13_Rb_tree_nodeISt4pairIK9PieceNamecEEEE9constructIS4_JRKS4_EEEvRS6_PT_DpOT0_
FNDA:0,_ZNSt16allocator_traitsISaISt13_Rb_tree_nodeISt4pairIK9PieceNamecEEEE9constructIS4_JRKS4_EEEvRS6_PT_DpOT0_
FN:482,_ZNSt16allocator_traitsISaISt13_Rb_tree_nodeISt4pairIKNSt7__cxx1112basic_stringIcSt11char_traitsIcESaIcEEE8PositionEEEE9constructISA_JRKSA_EEEvRSC_PT_DpOT0_
FNDA:0,_ZNSt16allocator_traitsISaISt13_Rb_tree_nodeISt4pairIKNSt7__cxx1112basic_stringIcSt11char_traitsIcESaIcEEE8PositionEEEE9constructISA_JRKSA_EEEvRSC_PT_DpOT0_
FN:482,_ZNSt16allocator_traitsISaI4MoveEE9constructIS0_JS0_EEEvRS1_PT_DpOT0_
FNDA:0,_ZNSt16allocator_traitsISaI4MoveEE9constructIS0_JS0_EEEvRS1_PT_DpOT0_
FN:495,_ZNSt16allocator_traitsISaISt13_Rb_tree_nodeISt4pairIKNSt7__cxx1112basic_stringIcSt11char_traitsIcESaIcEEE8PositionEEEE7destroyISA_EEvRSC_PT_
FNDA:0,_ZNSt16allocator_traitsISaISt13_Rb_tree_nodeISt4pairIKNSt7__cxx1112basic_stringIcSt11char_traitsIcESaIcEEE8PositionEEEE7destroyISA_EEvRSC_PT_
FN:495,_ZNSt16allocator_traitsISaISt13_Rb_tree_nodeISt4pairIK9PieceNamecEEEE7destroyIS4_EEvRS6_PT_
FNDA:0,_ZNSt16allocator_traitsISaISt13_Rb_tree_nodeISt4pairIK9PieceNamecEEEE7destroyIS4_EEvRS6_PT_
FN:495,_ZNSt16allocator_traitsISaI4MoveEE7destroyIS0_EEvRS1_PT_
FNDA:0,_ZNSt16allocator_traitsISaI4MoveEE7destroyIS0_EEvRS1_PT_
FN:505,_ZNSt16allocator_traitsISaI4MoveEE8max_sizeERKS1_
FNDA:0,_ZNSt16allocator_traitsISaI4MoveEE8max_sizeERKS1_
FN:514,_ZNSt16allocator_traitsISaISt13_Rb_tree_nodeISt4pairIKNSt7__cxx1112basic_stringIcSt11char_traitsIcESaIcEEE8PositionEEEE37select_on_container_copy_constructionERKSC_
FNDA:0,_ZNSt16allocator_traitsISaISt13_Rb_tree_nodeISt4pairIKNSt7__cxx1112basic_stringIcSt11char_traitsIcESaIcEEE8PositionEEEE37select_on_container_copy_constructionERKSC_
FN:514,_ZNSt16allocator_traitsISaI8PositionEE37select_on_container_copy_constructionERKS1_
FNDA:0,_ZNSt16allocator_traitsISaI8PositionEE37select_on_container_copy_constructionERKS1_
FN:514,_ZNSt16allocator_traitsISaI4MoveEE37select_on_container_copy_constructionERKS1_
FNDA:0,_ZNSt16allocator_traitsISaI4MoveEE37select_on_container_copy_constructionERKS1_
FN:514,_ZNSt16allocator_traitsISaIcEE37select_on_container_copy_constructionERKS0_
FNDA:0,_ZNSt16allocator_traitsISaIcEE37select_on_container_copy_constructionERKS0_
FN:514,_ZNSt16allocator_traitsISaISt13_Rb_tree_nodeISt4pairIK9PieceNamecEEEE37select_on_container_copy_constructionERKS6_
FNDA:0,_ZNSt16allocator_traitsISaISt13_Rb_tree_nodeISt4pairIK9PieceNamecEEEE37select_on_container_copy_constructionERKS6_
FN:526,_ZSt18__do_alloc_on_copyISaI8PositionEEvRT_RKS2_St17integral_constantIbLb0EE
FNDA:0,_ZSt18__do_alloc_on_copyISaI8PositionEEvRT_RKS2_St17integral_constantIbLb0EE
FN:526,_ZSt18__do_alloc_on_copyISaI4MoveEEvRT_RKS2_St17integral_constantIbLb0EE
FNDA:0,_ZSt18__do_alloc_on_copyISaI4MoveEEvRT_RKS2_St17integral_constantIbLb0EE
FN:530,_ZSt15__alloc_on_copyISaI4MoveEEvRT_RKS2_
FNDA:0,_ZSt15__alloc_on_copyISaI4MoveEEvRT_RKS2_
FN:530,_ZSt15__alloc_on_copyISaI8PositionEEvRT_RKS2_
FNDA:0,_ZSt15__alloc_on_copyISaI8PositionEEvRT_RKS2_
FN:545,_ZSt18__do_alloc_on_moveISaI8PositionEEvRT_S3_St17integral_constantIbLb1EE
FNDA:0,_ZSt18__do_alloc_on_moveISaI8PositionEEvRT_S3_St17integral_constantIbLb1EE
FN:545,_ZSt18__do_alloc_on_moveISaI4MoveEEvRT_S3_St17integral_constantIbLb1EE
FNDA:0,_ZSt18__do_alloc_on_moveISaI4MoveEEvRT_S3_St17integral_constantIbLb1EE
FN:553,_ZSt15__alloc_on_moveISaI8PositionEEvRT_S3_
FNDA:0,_ZSt15__alloc_on_moveISaI8PositionEEvRT_S3_
FN:553,_ZSt15__alloc_on_moveISaI4MoveEEvRT_S3_
FNDA:0,_ZSt15__alloc_on_moveISaI4MoveEEvRT_S3_
DA:443,0
DA:444,0
DA:443,0
DA:444,0
DA:443,0
DA:444,0
DA:443,0
DA:444,0
DA:469,0
DA:470,0
DA:469,0
DA:470,0
DA:469,0
DA:470,0
DA:469,0
DA:470,0
DA:482,0
DA:484,0
DA:482,0
DA:484,0
DA:482,0
DA:484,0
DA:482,0
DA:484,0
DA:495,0
DA:497,0
DA:495,0
DA:497,0
DA:495,0
DA:497,0
DA:505,0
DA:506,0
DA:514,0
DA:515,0
DA:514,0
DA:515,0
DA:514,0
DA:515,0
DA:514,0
DA:515,0
DA:514,0
DA:515,0
DA:526,0
DA:527,0
DA:526,0
DA:527,0
DA:530,0
DA:534,0
DA:535,0
DA:530,0
DA:534,0
DA:535,0
DA:545,0
DA:546,0
DA:545,0
DA:546,0
DA:553,0
DA:557,0
DA:558,0
DA:553,0
DA:557,0
DA:558,0
end_of_record
SF:/usr/include/c++/9/bits/stl_map.h
FN:205,_ZNSt3mapI9PieceNamecSt4lessIS0_ESaISt4pairIKS0_cEEEC2ERKS7_
FNDA:0,_ZNSt3mapI9PieceNamecSt4lessIS0_ESaISt4pairIKS0_cEEEC2ERKS7_
FN:205,_ZNSt3mapINSt7__cxx1112basic_stringIcSt11char_traitsIcESaIcEEE8PositionSt4lessIS5_ESaISt4pairIKS5_S6_EEEC2ERKSD_
FNDA:0,_ZNSt3mapINSt7__cxx1112basic_stringIcSt11char_traitsIcESaIcEEE8PositionSt4lessIS5_ESaISt4pairIKS5_S6_EEEC2ERKSD_
FN:300,_ZNSt3mapINSt7__cxx1112basic_stringIcSt11char_traitsIcESaIcEEE8PositionSt4lessIS5_ESaISt4pairIKS5_S6_EEED2Ev
FNDA:0,_ZNSt3mapINSt7__cxx1112basic_stringIcSt11char_traitsIcESaIcEEE8PositionSt4lessIS5_ESaISt4pairIKS5_S6_EEED2Ev
FN:300,_ZNSt3mapI9PieceNamecSt4lessIS0_ESaISt4pairIKS0_cEEED2Ev
FNDA:0,_ZNSt3mapI9PieceNamecSt4lessIS0_ESaISt4pairIKS0_cEEED2Ev
DA:205,0
DA:205,0
DA:300,0
DA:300,0
end_of_record
SF:/usr/include/c++/9/bits/stl_iterator_base_funcs.h
FN:98,_ZSt10__distanceIPcENSt15iterator_traitsIT_E15difference_typeES2_S2_St26random_access_iterator_tag
FNDA:0,_ZSt10__distanceIPcENSt15iterator_traitsIT_E15difference_typeES2_S2_St26random_access_iterator_tag
FN:138,_ZSt8distanceIPcENSt15iterator_traitsIT_E15difference_typeES2_S2_
FNDA:0,_ZSt8distanceIPcENSt15iterator_traitsIT_E15difference_typeES2_S2_
DA:98,0
DA:104,0
DA:138,0
DA:141,0
DA:142,0
end_of_record
SF:/usr/include/c++/9/bits/stl_vector.h
FN:94,_ZNSt12_Vector_baseI8PositionSaIS0_EE17_Vector_impl_dataC2Ev
FNDA:0,_ZNSt12_Vector_baseI8PositionSaIS0_EE17_Vector_impl_dataC2Ev
FN:94,_ZNSt12_Vector_baseI4MoveSaIS0_EE17_Vector_impl_dataC2Ev
FNDA:0,_ZNSt12_Vector_baseI4MoveSaIS0_EE17_Vector_impl_dataC2Ev
FN:99,_ZNSt12_Vector_baseI8PositionSaIS0_EE17_Vector_impl_dataC2EOS3_
FNDA:0,_ZNSt12_Vector_baseI8PositionSaIS0_EE17_Vector_impl_dataC2EOS3_
FN:99,_ZNSt12_Vector_baseI4MoveSaIS0_EE17_Vector_impl_dataC2EOS3_
FNDA:0,_ZNSt12_Vector_baseI4MoveSaIS0_EE17_Vector_impl_dataC2EOS3_
FN:106,_ZNSt12_Vector_baseI4MoveSaIS0_EE17_Vector_impl_data12_M_copy_dataERKS3_
FNDA:0,_ZNSt12_Vector_baseI4MoveSaIS0_EE17_Vector_impl_data12_M_copy_dataERKS3_
FN:106,_ZNSt12_Vector_baseI8PositionSaIS0_EE17_Vector_impl_data12_M_copy_dataERKS3_
FNDA:0,_ZNSt12_Vector_baseI8PositionSaIS0_EE17_Vector_impl_data12_M_copy_dataERKS3_
FN:114,_ZNSt12_Vector_baseI8PositionSaIS0_EE17_Vector_impl_data12_M_swap_dataERS3_
FNDA:0,_ZNSt12_Vector_baseI8PositionSaIS0_EE17_Vector_impl_data12_M_swap_dataERS3_
FN:114,_ZNSt12_Vector_baseI4MoveSaIS0_EE17_Vector_impl_data12_M_swap_dataERS3_
FNDA:0,_ZNSt12_Vector_baseI4MoveSaIS0_EE17_Vector_impl_data12_M_swap_dataERS3_
FN:128,_ZNSt12_Vector_baseI8PositionSaIS0_EE12_Vector_implC2Ev
FNDA:0,_ZNSt12_Vector_baseI8PositionSaIS0_EE12_Vector_implC2Ev
FN:128,_ZNSt12_Vector_baseI4MoveSaIS0_EE12_Vector_implC2Ev
FNDA:0,_ZNSt12_Vector_baseI4MoveSaIS0_EE12_Vector_implC2Ev
FN:133,_ZNSt12_Vector_baseI4MoveSaIS0_EE12_Vector_implC2ERKS1_
FNDA:0,_ZNSt12_Vector_baseI4MoveSaIS0_EE12_Vector_implC2ERKS1_
FN:133,_ZNSt12_Vector_baseI8PositionSaIS0_EE12_Vector_implC2ERKS1_
FNDA:0,_ZNSt12_Vector_baseI8PositionSaIS0_EE12_Vector_implC2ERKS1_
FN:140,_ZNSt12_Vector_baseI4MoveSaIS0_EE12_Vector_implC2EOS3_
FNDA:0,_ZNSt12_Vector_baseI4MoveSaIS0_EE12_Vector_implC2EOS3_
FN:140,_ZNSt12_Vector_baseI8PositionSaIS0_EE12_Vector_implC2EOS3_
FNDA:0,_ZNSt12_Vector_baseI8PositionSaIS0_EE12_Vector_implC2EOS3_
FN:273,_ZNSt12_Vector_baseI4MoveSaIS0_EE19_M_get_Tp_allocatorEv
FNDA:0,_ZNSt12_Vector_baseI4MoveSaIS0_EE19_M_get_Tp_allocatorEv
FN:273,_ZNSt12_Vector_baseI8PositionSaIS0_EE19_M_get_Tp_allocatorEv
FNDA:0,_ZNSt12_Vector_baseI8PositionSaIS0_EE19_M_get_Tp_allocatorEv
FN:277,_ZNKSt12_Vector_baseI8PositionSaIS0_EE19_M_get_Tp_allocatorEv
FNDA:0,_ZNKSt12_Vector_baseI8PositionSaIS0_EE19_M_get_Tp_allocatorEv
FN:277,_ZNKSt12_Vector_baseI4MoveSaIS0_EE19_M_get_Tp_allocatorEv
FNDA:0,_ZNKSt12_Vector_baseI4MoveSaIS0_EE19_M_get_Tp_allocatorEv
FN:281,_ZNKSt12_Vector_baseI4MoveSaIS0_EE13get_allocatorEv
FNDA:0,_ZNKSt12_Vector_baseI4MoveSaIS0_EE13get_allocatorEv
FN:281,_ZNKSt12_Vector_baseI8PositionSaIS0_EE13get_allocatorEv
FNDA:0,_ZNKSt12_Vector_baseI8PositionSaIS0_EE13get_allocatorEv
FN:285,_ZNSt12_Vector_baseI4MoveSaIS0_EEC2Ev
FNDA:0,_ZNSt12_Vector_baseI4MoveSaIS0_EEC2Ev
FN:285,_ZNSt12_Vector_baseI8PositionSaIS0_EEC2Ev
FNDA:0,_ZNSt12_Vector_baseI8PositionSaIS0_EEC2Ev
FN:290,_ZNSt12_Vector_baseI4MoveSaIS0_EEC2ERKS1_
FNDA:0,_ZNSt12_Vector_baseI4MoveSaIS0_EEC2ERKS1_
FN:290,_ZNSt12_Vector_baseI8PositionSaIS0_EEC2ERKS1_
FNDA:0,_ZNSt12_Vector_baseI8PositionSaIS0_EEC2ERKS1_
FN:300,_ZNSt12_Vector_baseI8PositionSaIS0_EEC2EmRKS1_
FNDA:0,_ZNSt12_Vector_baseI8PositionSaIS0_EEC2EmRKS1_
FN:300,_ZNSt12_Vector_baseI4MoveSaIS0_EEC2EmRKS1_
FNDA:0,_ZNSt12_Vector_baseI4MoveSaIS0_EEC2EmRKS1_
FN:305,_ZNSt12_Vector_baseI4MoveSaIS0_EEC2EOS2_
FNDA:0,_ZNSt12_Vector_baseI4MoveSaIS0_EEC2EOS2_
FN:305,_ZNSt12_Vector_baseI8PositionSaIS0_EEC2EOS2_
FNDA:0,_ZNSt12_Vector_baseI8PositionSaIS0_EEC2EOS2_
FN:330,_ZNSt12_Vector_baseI8PositionSaIS0_EED2Ev
FNDA:0,_ZNSt12_Vector_baseI8PositionSaIS0_EED2Ev
FN:330,_ZNSt12_Vector_baseI4MoveSaIS0_EED2Ev
FNDA:0,_ZNSt12_Vector_baseI4MoveSaIS0_EED2Ev
FN:340,_ZNSt12_Vector_baseI8PositionSaIS0_EE11_M_allocateEm
FNDA:0,_ZNSt12_Vector_baseI8PositionSaIS0_EE11_M_allocateEm
FN:340,_ZNSt12_Vector_baseI4MoveSaIS0_EE11_M_allocateEm
FNDA:0,_ZNSt12_Vector_baseI4MoveSaIS0_EE11_M_allocateEm
FN:347,_ZNSt12_Vector_baseI8PositionSaIS0_EE13_M_deallocateEPS0_m
FNDA:0,_ZNSt12_Vector_baseI8PositionSaIS0_EE13_M_deallocateEPS0_m
FN:347,_ZNSt12_Vector_baseI4MoveSaIS0_EE13_M_deallocateEPS0_m
FNDA:0,_ZNSt12_Vector_baseI4MoveSaIS0_EE13_M_deallocateEPS0_m
FN:356,_ZNSt12_Vector_baseI4MoveSaIS0_EE17_M_create_storageEm
FNDA:0,_ZNSt12_Vector_baseI4MoveSaIS0_EE17_M_create_storageEm
FN:356,_ZNSt12_Vector_baseI8PositionSaIS0_EE17_M_create_storageEm
FNDA:0,_ZNSt12_Vector_baseI8PositionSaIS0_EE17_M_create_storageEm
FN:428,_ZNSt6vectorI4MoveSaIS0_EE19_S_nothrow_relocateESt17integral_constantIbLb1EE
FNDA:0,_ZNSt6vectorI4MoveSaIS0_EE19_S_nothrow_relocateESt17integral_constantIbLb1EE
FN:441,_ZNSt6vectorI4MoveSaIS0_EE15_S_use_relocateEv
FNDA:0,_ZNSt6vectorI4MoveSaIS0_EE15_S_use_relocateEv
FN:450,_ZNSt6vectorI4MoveSaIS0_EE14_S_do_relocateEPS0_S3_S3_RS1_St17integral_constantIbLb1EE
FNDA:0,_ZNSt6vectorI4MoveSaIS0_EE14_S_do_relocateEPS0_S3_S3_RS1_St17integral_constantIbLb1EE
FN:462,_ZNSt6vectorI4MoveSaIS0_EE11_S_relocateEPS0_S3_S3_RS1_
FNDA:0,_ZNSt6vectorI4MoveSaIS0_EE11_S_relocateEPS0_S3_S3_RS1_
FN:484,_ZNSt6vectorI4MoveSaIS0_EEC2Ev
FNDA:0,_ZNSt6vectorI4MoveSaIS0_EEC2Ev
FN:484,_ZNSt6vectorI8PositionSaIS0_EEC2Ev
FNDA:0,_ZNSt6vectorI8PositionSaIS0_EEC2Ev
FN:494,_ZNSt6vectorI8PositionSaIS0_EEC2ERKS1_
FNDA:0,_ZNSt6vectorI8PositionSaIS0_EEC2ERKS1_
FN:494,_ZNSt6vectorI4MoveSaIS0_EEC2ERKS1_
FNDA:0,_ZNSt6vectorI4MoveSaIS0_EEC2ERKS1_
FN:550,_ZNSt6vectorI8PositionSaIS0_EEC2ERKS2_
FNDA:0,_ZNSt6vectorI8PositionSaIS0_EEC2ERKS2_
FN:550,_ZNSt6vectorI4MoveSaIS0_EEC2ERKS2_
FNDA:0,_ZNSt6vectorI4MoveSaIS0_EEC2ERKS2_
FN:569,_ZNSt6vectorI8PositionSaIS0_EEC2EOS2_
FNDA:0,_ZNSt6vectorI8PositionSaIS0_EEC2EOS2_
FN:569,_ZNSt6vectorI4MoveSaIS0_EEC2EOS2_
FNDA:0,_ZNSt6vectorI4MoveSaIS0_EEC2EOS2_
FN:675,_ZNSt6vectorI8PositionSaIS0_EED2Ev
FNDA:0,_ZNSt6vectorI8PositionSaIS0_EED2Ev
FN:675,_ZNSt6vectorI4MoveSaIS0_EED2Ev
FNDA:0,_ZNSt6vectorI4MoveSaIS0_EED2Ev
FN:706,_ZNSt6vectorI8PositionSaIS0_EEaSEOS2_
FNDA:0,_ZNSt6vectorI8PositionSaIS0_EEaSEOS2_
FN:706,_ZNSt6vectorI4MoveSaIS0_EEaSEOS2_
FNDA:0,_ZNSt6vectorI4MoveSaIS0_EEaSEOS2_
FN:808,_ZNSt6vectorI8PositionSaIS0_EE5beginEv
FNDA:0,_ZNSt6vectorI8PositionSaIS0_EE5beginEv
FN:808,_ZNSt6vectorI4MoveSaIS0_EE5beginEv
FNDA:0,_ZNSt6vectorI4MoveSaIS0_EE5beginEv
FN:817,_ZNKSt6vectorI4MoveSaIS0_EE5beginEv
FNDA:0,_ZNKSt6vectorI4MoveSaIS0_EE5beginEv
FN:817,_ZNKSt6vectorI8PositionSaIS0_EE5beginEv
FNDA:0,_ZNKSt6vectorI8PositionSaIS0_EE5beginEv
FN:826,_ZNSt6vectorI4MoveSaIS0_EE3endEv
FNDA:0,_ZNSt6vectorI4MoveSaIS0_EE3endEv
FN:826,_ZNSt6vectorI8PositionSaIS0_EE3endEv
FNDA:0,_ZNSt6vectorI8PositionSaIS0_EE3endEv
FN:835,_ZNKSt6vectorI4MoveSaIS0_EE3endEv
FNDA:0,_ZNKSt6vectorI4MoveSaIS0_EE3endEv
FN:835,_ZNKSt6vectorI8PositionSaIS0_EE3endEv
FNDA:0,_ZNKSt6vectorI8PositionSaIS0_EE3endEv
FN:915,_ZNKSt6vectorI8PositionSaIS0_EE4sizeEv
FNDA:0,_ZNKSt6vectorI8PositionSaIS0_EE4sizeEv
FN:915,_ZNKSt6vectorI4MoveSaIS0_EE4sizeEv
FNDA:0,_ZNKSt6vectorI4MoveSaIS0_EE4sizeEv
FN:920,_ZNKSt6vectorI4MoveSaIS0_EE8max_sizeEv
FNDA:0,_ZNKSt6vectorI4MoveSaIS0_EE8max_sizeEv
FN:995,_ZNKSt6vectorI4MoveSaIS0_EE8capacityEv
FNDA:0,_ZNKSt6vectorI4MoveSaIS0_EE8capacityEv
FN:995,_ZNKSt6vectorI8PositionSaIS0_EE8capacityEv
FNDA:0,_ZNKSt6vectorI8PositionSaIS0_EE8capacityEv
FN:1184,_ZNSt6vectorI4MoveSaIS0_EE9push_backERKS0_
FNDA:0,_ZNSt6vectorI4MoveSaIS0_EE9push_backERKS0_
FN:1200,_ZNSt6vectorI4MoveSaIS0_EE9push_backEOS0_
FNDA:14,_ZNSt6vectorI4MoveSaIS0_EE9push_backEOS0_
FN:1495,_ZNSt6vectorI8PositionSaIS0_EE5clearEv
FNDA:0,_ZNSt6vectorI8PositionSaIS0_EE5clearEv
FN:1495,_ZNSt6vectorI4MoveSaIS0_EE5clearEv
FNDA:0,_ZNSt6vectorI4MoveSaIS0_EE5clearEv
FN:1505,_ZNSt6vectorI8PositionSaIS0_EE20_M_allocate_and_copyIN9__gnu_cxx17__normal_iteratorIPKS0_S2_EEEEPS0_mT_SA_
FNDA:0,_ZNSt6vectorI8PositionSaIS0_EE20_M_allocate_and_copyIN9__gnu_cxx17__normal_iteratorIPKS0_S2_EEEEPS0_mT_SA_
FN:1505,_ZNSt6vectorI4MoveSaIS0_EE20_M_allocate_and_copyIN9__gnu_cxx17__normal_iteratorIPKS0_S2_EEEEPS0_mT_SA_
FNDA:0,_ZNSt6vectorI4MoveSaIS0_EE20_M_allocate_and_copyIN9__gnu_cxx17__normal_iteratorIPKS0_S2_EEEEPS0_mT_SA_
FN:1753,_ZNKSt6vectorI4MoveSaIS0_EE12_M_check_lenEmPKc
FNDA:0,_ZNKSt6vectorI4MoveSaIS0_EE12_M_check_lenEmPKc
FN:1773,_ZNSt6vectorI4MoveSaIS0_EE11_S_max_sizeERKS1_
FNDA:0,_ZNSt6vectorI4MoveSaIS0_EE11_S_max_sizeERKS1_
FN:1789,_ZNSt6vectorI8PositionSaIS0_EE15_M_erase_at_endEPS0_
FNDA:0,_ZNSt6vectorI8PositionSaIS0_EE15_M_erase_at_endEPS0_
FN:1789,_ZNSt6vectorI4MoveSaIS0_EE15_M_erase_at_endEPS0_
FNDA:0,_ZNSt6vectorI4MoveSaIS0_EE15_M_erase_at_endEPS0_
FN:1812,_ZNSt6vectorI4MoveSaIS0_EE14_M_move_assignEOS2_St17integral_constantIbLb1EE
FNDA:0,_ZNSt6vectorI4MoveSaIS0_EE14_M_move_assignEOS2_St17integral_constantIbLb1EE
FN:1812,_ZNSt6vectorI8PositionSaIS0_EE14_M_move_assignEOS2_St17integral_constantIbLb1EE
FNDA:0,_ZNSt6vectorI8PositionSaIS0_EE14_M_move_assignEOS2_St17integral_constantIbLb1EE
DA:94,0
DA:95,0
DA:96,0
DA:94,0
DA:95,0
DA:96,0
DA:99,0
DA:100,0
DA:101,0
DA:102,0
DA:99,0
DA:100,0
DA:101,0
DA:102,0
DA:106,0
DA:108,0
DA:109,0
DA:110,0
DA:111,0
DA:106,0
DA:108,0
DA:109,0
DA:110,0
DA:111,0
DA:114,0
DA:118,0
DA:119,0
DA:120,0
DA:121,0
DA:122,0
DA:114,0
DA:118,0
DA:119,0
DA:120,0
DA:121,0
DA:122,0
DA:128,0
DA:130,0
DA:131,0
DA:128,0
DA:130,0
DA:131,0
DA:133,0
DA:134,0
DA:135,0
DA:133,0
DA:134,0
DA:135,0
DA:140,0
DA:141,0
DA:142,0
DA:140,0
DA:141,0
DA:142,0
DA:273,0
DA:274,0
DA:273,0
DA:274,0
DA:277,0
DA:278,0
DA:277,0
DA:278,0
DA:281,0
DA:282,0
DA:281,0
DA:282,0
DA:285,0
DA:285,0
DA:290,0
DA:291,0
DA:290,0
DA:291,0
DA:300,0
DA:301,0
DA:302,0
DA:300,0
DA:301,0
DA:302,0
DA:305,0
DA:305,0
DA:330,0
DA:332,0
DA:333,0
DA:334,0
DA:330,0
DA:332,0
DA:333,0
DA:334,0
DA:340,0
DA:343,0
DA:340,0
DA:343,0
DA:347,0
DA:350,0
DA:351,0
DA:352,0
DA:347,0
DA:350,0
DA:351,0
DA:352,0
DA:356,0
DA:358,0
DA:359,0
DA:360,0
DA:361,0
DA:356,0
DA:358,0
DA:359,0
DA:360,0
DA:361,0
DA:428,0
DA:433,0
DA:441,0
DA:446,0
DA:450,0
DA:453,0
DA:462,0
DA:466,0
DA:484,0
DA:484,0
DA:494,0
DA:495,0
DA:494,0
DA:495,0
DA:550,0
DA:552,0
DA:554,0
DA:555,0
DA:557,0
DA:558,0
DA:550,0
DA:552,0
DA:554,0
DA:555,0
DA:557,0
DA:558,0
DA:569,0
DA:569,0
DA:675,0
DA:677,0
DA:678,0
DA:680,0
DA:675,0
DA:677,0
DA:678,0
DA:680,0
DA:706,0
DA:708,0
DA:711,0
DA:712,0
DA:706,0
DA:708,0
DA:711,0
DA:712,0
DA:808,0
DA:809,0
DA:808,0
DA:809,0
DA:817,0
DA:818,0
DA:817,0
DA:818,0
DA:826,0
DA:827,0
DA:826,0
DA:827,0
DA:835,0
DA:836,0
DA:835,0
DA:836,0
DA:915,0
DA:916,0
DA:915,0
DA:916,0
DA:920,0
DA:921,0
DA:995,0
DA:996,0
DA:997,0
DA:995,0
DA:996,0
DA:997,0
DA:1184,0
DA:1186,0
DA:1189,0
DA:1191,0
DA:1195,0
DA:1196,0
DA:1200,14
DA:1201,14
DA:1495,0
DA:1496,0
DA:1495,0
DA:1496,0
DA:1505,0
DA:1508,0
DA:1511,0
DA:1512,0
DA:1513,0
DA:1515,0
DA:1517,0
DA:1518,0
DA:1505,0
DA:1508,0
DA:1511,0
DA:1512,0
DA:1513,0
DA:1515,0
DA:1517,0
DA:1518,0
DA:1753,0
DA:1755,0
DA:1756,0
DA:1758,0
DA:1759,0
DA:1773,0
DA:1778,0
DA:1780,0
DA:1781,0
DA:1789,0
DA:1791,0
DA:1793,0
DA:1794,0
DA:1795,0
DA:1798,0
DA:1789,0
DA:1791,0
DA:1793,0
DA:1794,0
DA:1795,0
DA:1798,0
DA:1812,0
DA:1814,0
DA:1815,0
DA:1816,0
DA:1817,0
DA:1818,0
DA:1812,0
DA:1814,0
DA:1815,0
DA:1816,0
DA:1817,0
DA:1818,0
end_of_record
SF:/usr/include/c++/9/ext/aligned_buffer.h
FN:64,_ZN9__gnu_cxx16__aligned_membufISt4pairIKNSt7__cxx1112basic_stringIcSt11char_traitsIcESaIcEEE8PositionEE7_M_addrEv
FNDA:0,_ZN9__gnu_cxx16__aligned_membufISt4pairIKNSt7__cxx1112basic_stringIcSt11char_traitsIcESaIcEEE8PositionEE7_M_addrEv
FN:64,_ZN9__gnu_cxx16__aligned_membufISt4pairIK9PieceNamecEE7_M_addrEv
FNDA:0,_ZN9__gnu_cxx16__aligned_membufISt4pairIK9PieceNamecEE7_M_addrEv
FN:68,_ZNK9__gnu_cxx16__aligned_membufISt4pairIK9PieceNamecEE7_M_addrEv
FNDA:0,_ZNK9__gnu_cxx16__aligned_membufISt4pairIK9PieceNamecEE7_M_addrEv
FN:68,_ZNK9__gnu_cxx16__aligned_membufISt4pairIKNSt7__cxx1112basic_stringIcSt11char_traitsIcESaIcEEE8PositionEE7_M_addrEv
FNDA:0,_ZNK9__gnu_cxx16__aligned_membufISt4pairIKNSt7__cxx1112basic_stringIcSt11char_traitsIcESaIcEEE8PositionEE7_M_addrEv
FN:72,_ZN9__gnu_cxx16__aligned_membufISt4pairIKNSt7__cxx1112basic_stringIcSt11char_traitsIcESaIcEEE8PositionEE6_M_ptrEv
FNDA:0,_ZN9__gnu_cxx16__aligned_membufISt4pairIKNSt7__cxx1112basic_stringIcSt11char_traitsIcESaIcEEE8PositionEE6_M_ptrEv
FN:72,_ZN9__gnu_cxx16__aligned_membufISt4pairIK9PieceNamecEE6_M_ptrEv
FNDA:0,_ZN9__gnu_cxx16__aligned_membufISt4pairIK9PieceNamecEE6_M_ptrEv
FN:76,_ZNK9__gnu_cxx16__aligned_membufISt4pairIK9PieceNamecEE6_M_ptrEv
FNDA:0,_ZNK9__gnu_cxx16__aligned_membufISt4pairIK9PieceNamecEE6_M_ptrEv
FN:76,_ZNK9__gnu_cxx16__aligned_membufISt4pairIKNSt7__cxx1112basic_stringIcSt11char_traitsIcESaIcEEE8PositionEE6_M_ptrEv
FNDA:0,_ZNK9__gnu_cxx16__aligned_membufISt4pairIKNSt7__cxx1112basic_stringIcSt11char_traitsIcESaIcEEE8PositionEE6_M_ptrEv
DA:64,0
DA:65,0
DA:64,0
DA:65,0
DA:68,0
DA:69,0
DA:68,0
DA:69,0
DA:72,0
DA:73,0
DA:72,0
DA:73,0
DA:76,0
DA:77,0
DA:76,0
DA:77,0
end_of_record
SF:/usr/include/c++/9/bits/stl_iterator.h
FN:806,_ZN9__gnu_cxx17__normal_iteratorIPK8PositionSt6vectorIS1_SaIS1_EEEC2ERKS3_
FNDA:0,_ZN9__gnu_cxx17__normal_iteratorIPK8PositionSt6vectorIS1_SaIS1_EEEC2ERKS3_
FN:806,_ZN9__gnu_cxx17__normal_iteratorIPK4MoveSt6vectorIS1_SaIS1_EEEC2ERKS3_
FNDA:0,_ZN9__gnu_cxx17__normal_iteratorIPK4MoveSt6vectorIS1_SaIS1_EEEC2ERKS3_
FN:806,_ZN9__gnu_cxx17__normal_iteratorIP8PositionSt6vectorIS1_SaIS1_EEEC2ERKS2_
FNDA:0,_ZN9__gnu_cxx17__normal_iteratorIP8PositionSt6vectorIS1_SaIS1_EEEC2ERKS2_
FN:806,_ZN9__gnu_cxx17__normal_iteratorIP4MoveSt6vectorIS1_SaIS1_EEEC2ERKS2_
FNDA:0,_ZN9__gnu_cxx17__normal_iteratorIP4MoveSt6vectorIS1_SaIS1_EEEC2ERKS2_
FN:819,_ZNK9__gnu_cxx17__normal_iteratorIP4MoveSt6vectorIS1_SaIS1_EEEdeEv
FNDA:0,_ZNK9__gnu_cxx17__normal_iteratorIP4MoveSt6vectorIS1_SaIS1_EEEdeEv
FN:819,_ZNK9__gnu_cxx17__normal_iteratorIPK8PositionSt6vectorIS1_SaIS1_EEEdeEv
FNDA:0,_ZNK9__gnu_cxx17__normal_iteratorIPK8PositionSt6vectorIS1_SaIS1_EEEdeEv
FN:819,_ZNK9__gnu_cxx17__normal_iteratorIPK4MoveSt6vectorIS1_SaIS1_EEEdeEv
FNDA:0,_ZNK9__gnu_cxx17__normal_iteratorIPK4MoveSt6vectorIS1_SaIS1_EEEdeEv
FN:827,_ZN9__gnu_cxx17__normal_iteratorIPK4MoveSt6vectorIS1_SaIS1_EEEppEv
FNDA:0,_ZN9__gnu_cxx17__normal_iteratorIPK4MoveSt6vectorIS1_SaIS1_EEEppEv
FN:827,_ZN9__gnu_cxx17__normal_iteratorIPK8PositionSt6vectorIS1_SaIS1_EEEppEv
FNDA:0,_ZN9__gnu_cxx17__normal_iteratorIPK8PositionSt6vectorIS1_SaIS1_EEEppEv
FN:827,_ZN9__gnu_cxx17__normal_iteratorIP4MoveSt6vectorIS1_SaIS1_EEEppEv
FNDA:0,_ZN9__gnu_cxx17__normal_iteratorIP4MoveSt6vectorIS1_SaIS1_EEEppEv
FN:859,_ZNK9__gnu_cxx17__normal_iteratorIP8PositionSt6vectorIS1_SaIS1_EEEplEl
FNDA:0,_ZNK9__gnu_cxx17__normal_iteratorIP8PositionSt6vectorIS1_SaIS1_EEEplEl
FN:859,_ZNK9__gnu_cxx17__normal_iteratorIP4MoveSt6vectorIS1_SaIS1_EEEplEl
FNDA:0,_ZNK9__gnu_cxx17__normal_iteratorIP4MoveSt6vectorIS1_SaIS1_EEEplEl
FN:871,_ZNK9__gnu_cxx17__normal_iteratorIPK4MoveSt6vectorIS1_SaIS1_EEE4baseEv
FNDA:0,_ZNK9__gnu_cxx17__normal_iteratorIPK4MoveSt6vectorIS1_SaIS1_EEE4baseEv
FN:871,_ZNK9__gnu_cxx17__normal_iteratorIP8PositionSt6vectorIS1_SaIS1_EEE4baseEv
FNDA:0,_ZNK9__gnu_cxx17__normal_iteratorIP8PositionSt6vectorIS1_SaIS1_EEE4baseEv
FN:871,_ZNK9__gnu_cxx17__normal_iteratorIPK8PositionSt6vectorIS1_SaIS1_EEE4baseEv
FNDA:0,_ZNK9__gnu_cxx17__normal_iteratorIPK8PositionSt6vectorIS1_SaIS1_EEE4baseEv
FN:871,_ZNK9__gnu_cxx17__normal_iteratorIP4MoveSt6vectorIS1_SaIS1_EEE4baseEv
FNDA:0,_ZNK9__gnu_cxx17__normal_iteratorIP4MoveSt6vectorIS1_SaIS1_EEE4baseEv
FN:907,_ZN9__gnu_cxxneIPK8PositionSt6vectorIS1_SaIS1_EEEEbRKNS_17__normal_iteratorIT_T0_EESC_
FNDA:0,_ZN9__gnu_cxxneIPK8PositionSt6vectorIS1_SaIS1_EEEEbRKNS_17__normal_iteratorIT_T0_EESC_
FN:907,_ZN9__gnu_cxxneIPK4MoveSt6vectorIS1_SaIS1_EEEEbRKNS_17__normal_iteratorIT_T0_EESC_
FNDA:0,_ZN9__gnu_cxxneIPK4MoveSt6vectorIS1_SaIS1_EEEEbRKNS_17__normal_iteratorIT_T0_EESC_
FN:907,_ZN9__gnu_cxxneIP4MoveSt6vectorIS1_SaIS1_EEEEbRKNS_17__normal_iteratorIT_T0_EESB_
FNDA:0,_ZN9__gnu_cxxneIP4MoveSt6vectorIS1_SaIS1_EEEEbRKNS_17__normal_iteratorIT_T0_EESB_
FN:989,_ZN9__gnu_cxxmiIP4MoveSt6vectorIS1_SaIS1_EEEENS_17__normal_iteratorIT_T0_E15difference_typeERKS9_SC_
FNDA:0,_ZN9__gnu_cxxmiIP4MoveSt6vectorIS1_SaIS1_EEEENS_17__normal_iteratorIT_T0_E15difference_typeERKS9_SC_
FN:1010,_ZSt12__niter_baseIP4MoveSt6vectorIS0_SaIS0_EEET_N9__gnu_cxx17__normal_iteratorIS5_T0_EE
FNDA:0,_ZSt12__niter_baseIP4MoveSt6vectorIS0_SaIS0_EEET_N9__gnu_cxx17__normal_iteratorIS5_T0_EE
FN:1010,_ZSt12__niter_baseIPK4MoveSt6vectorIS0_SaIS0_EEET_N9__gnu_cxx17__normal_iteratorIS6_T0_EE
FNDA:0,_ZSt12__niter_baseIPK4MoveSt6vectorIS0_SaIS0_EEET_N9__gnu_cxx17__normal_iteratorIS6_T0_EE
FN:1010,_ZSt12__niter_baseIP8PositionSt6vectorIS0_SaIS0_EEET_N9__gnu_cxx17__normal_iteratorIS5_T0_EE
FNDA:0,_ZSt12__niter_baseIP8PositionSt6vectorIS0_SaIS0_EEET_N9__gnu_cxx17__normal_iteratorIS5_T0_EE
FN:1010,_ZSt12__niter_baseIPK8PositionSt6vectorIS0_SaIS0_EEET_N9__gnu_cxx17__normal_iteratorIS6_T0_EE
FNDA:0,_ZSt12__niter_baseIPK8PositionSt6vectorIS0_SaIS0_EEET_N9__gnu_cxx17__normal_iteratorIS6_T0_EE
FN:1057,_ZNSt13move_iteratorIP4MoveEC2ES1_
FNDA:0,_ZNSt13move_iteratorIP4MoveEC2ES1_
FN:1066,_ZNKSt13move_iteratorIP4MoveE4baseEv
FNDA:0,_ZNKSt13move_iteratorIP4MoveE4baseEv
FN:1070,_ZNKSt13move_iteratorIP4MoveEdeEv
FNDA:0,_ZNKSt13move_iteratorIP4MoveEdeEv
FN:1078,_ZNSt13move_iteratorIP4MoveEppEv
FNDA:0,_ZNSt13move_iteratorIP4MoveEppEv
FN:1145,_ZSteqIP4MoveEbRKSt13move_iteratorIT_ES6_
FNDA:0,_ZSteqIP4MoveEbRKSt13move_iteratorIT_ES6_
FN:1157,_ZStneIP4MoveEbRKSt13move_iteratorIT_ES6_
FNDA:0,_ZStneIP4MoveEbRKSt13move_iteratorIT_ES6_
FN:1242,_ZSt32__make_move_if_noexcept_iteratorI4MoveSt13move_iteratorIPS0_EET0_PT_
FNDA:0,_ZSt32__make_move_if_noexcept_iteratorI4MoveSt13move_iteratorIPS0_EET0_PT_
DA:806,0
DA:807,0
DA:806,0
DA:807,0
DA:806,0
DA:807,0
DA:806,0
DA:807,0
DA:819,0
DA:820,0
DA:819,0
DA:820,0
DA:819,0
DA:820,0
DA:827,0
DA:829,0
DA:830,0
DA:827,0
DA:829,0
DA:830,0
DA:827,0
DA:829,0
DA:830,0
DA:859,0
DA:860,0
DA:859,0
DA:860,0
DA:871,0
DA:872,0
DA:871,0
DA:872,0
DA:871,0
DA:872,0
DA:871,0
DA:872,0
DA:907,0
DA:910,0
DA:907,0
DA:910,0
DA:907,0
DA:910,0
DA:989,0
DA:992,0
DA:1010,0
DA:1012,0
DA:1010,0
DA:1012,0
DA:1010,0
DA:1012,0
DA:1010,0
DA:1012,0
DA:1057,0
DA:1058,0
DA:1066,0
DA:1067,0
DA:1070,0
DA:1071,0
DA:1078,0
DA:1080,0
DA:1081,0
DA:1145,0
DA:1147,0
DA:1157,0
DA:1159,0
DA:1242,0
DA:1243,0
end_of_record
SF:/usr/include/c++/9/bits/basic_string.h
FN:243,_ZNSt7__cxx1112basic_stringIcSt11char_traitsIcESaIcEE16_M_construct_auxIPcEEvT_S7_St12__false_type
FNDA:0,_ZNSt7__cxx1112basic_stringIcSt11char_traitsIcESaIcEE16_M_construct_auxIPcEEvT_S7_St12__false_type
FN:263,_ZNSt7__cxx1112basic_stringIcSt11char_traitsIcESaIcEE12_M_constructIPcEEvT_S7_
FNDA:0,_ZNSt7__cxx1112basic_stringIcSt11char_traitsIcESaIcEE12_M_constructIPcEEvT_S7_
DA:243,0
DA:247,0
DA:248,0
DA:263,0
DA:266,0
DA:267,0
end_of_record
SF:/home/napiad/studia/eiti/mgr/sem1/zpr/checkers-webapp/checkers/src/Piece.h
FN:25,_ZN5PieceD0Ev
FNDA:0,_ZN5PieceD0Ev
FN:25,_ZN5PieceD2Ev
FNDA:0,_ZN5PieceD2Ev
DA:25,0
DA:25,0
end_of_record
SF:/usr/include/c++/9/bits/stl_tree.h
FN:112,_ZNSt18_Rb_tree_node_base10_S_minimumEPS_
FNDA:0,_ZNSt18_Rb_tree_node_base10_S_minimumEPS_
FN:126,_ZNSt18_Rb_tree_node_base10_S_maximumEPS_
FNDA:0,_ZNSt18_Rb_tree_node_base10_S_maximumEPS_
FN:152,_ZNSt20_Rb_tree_key_compareISt4lessI9PieceNameEEC2ERKS2_
FNDA:0,_ZNSt20_Rb_tree_key_compareISt4lessI9PieceNameEEC2ERKS2_
FN:152,_ZNSt20_Rb_tree_key_compareISt4lessINSt7__cxx1112basic_stringIcSt11char_traitsIcESaIcEEEEEC2ERKS7_
FNDA:0,_ZNSt20_Rb_tree_key_compareISt4lessINSt7__cxx1112basic_stringIcSt11char_traitsIcESaIcEEEEEC2ERKS7_
FN:173,_ZNSt15_Rb_tree_headerC2Ev
FNDA:0,_ZNSt15_Rb_tree_headerC2Ev
FN:206,_ZNSt15_Rb_tree_header8_M_resetEv
FNDA:0,_ZNSt15_Rb_tree_header8_M_resetEv
FN:234,_ZNSt13_Rb_tree_nodeISt4pairIK9PieceNamecEE9_M_valptrEv
FNDA:0,_ZNSt13_Rb_tree_nodeISt4pairIK9PieceNamecEE9_M_valptrEv
[...]
FNDA:19,_ZN5boost9function0IvEC2IPFvvEEET_NS_10enable_if_IXntsrNS_11is_integralIS5_EE5valueEiE4typeE
FN:756,_ZN5boost9function0IvED2Ev
FNDA:19,_ZN5boost9function0IvED2Ev
FN:868,_ZN5boost9function0IvE5clearEv
FNDA:19,_ZN5boost9function0IvE5clearEv
FN:912,_ZN5boost9function0IvE9assign_toIPFvvEEEvT_
FNDA:19,_ZN5boost9function0IvE9assign_toIPFvvEEEvT_
FN:1061,_ZN5boost8functionIFvvEEC2IPS1_EET_NS_10enable_if_IXntsrNS_11is_integralIS5_EE5valueEiE4typeE
FNDA:19,_ZN5boost8functionIFvvEEC2IPS1_EET_NS_10enable_if_IXntsrNS_11is_integralIS5_EE5valueEiE4typeE
DA:112,19
DA:116,19
DA:117,19
DA:118,19
DA:490,19
DA:493,19
DA:502,19
DA:504,19
DA:505,19
DA:506,19
DA:512,19
DA:514,19
DA:515,19
DA:518,19
DA:519,19
DA:521,0
DA:677,0
DA:679,0
DA:711,19
DA:718,19
DA:720,19
DA:721,19
DA:756,19
DA:868,19
DA:870,19
DA:871,19
DA:872,0
DA:873,19
DA:875,19
DA:912,19
DA:933,19
DA:934,19
DA:939,19
DA:940,19
DA:942,0
DA:943,19
DA:1061,19
DA:1068,19
DA:1070,19
end_of_record
SF:/usr/include/boost/test/utils/basic_cstring/io.hpp
FN:51,_ZN5boost9unit_testlsIcSt11char_traitsIcEKcEERSt13basic_ostreamIT_T0_ES9_RKNS0_13basic_cstringIT1_EE
FNDA:0,_ZN5boost9unit_testlsIcSt11char_traitsIcEKcEERSt13basic_ostreamIT_T0_ES9_RKNS0_13basic_cstringIT1_EE
DA:51,0
DA:53,0
DA:54,0
DA:55,0
DA:57,0
end_of_record
SF:/usr/include/boost/test/utils/basic_cstring/bcs_char_traits.hpp
FN:60,_ZN5boost9unit_test9ut_detail20bcs_char_traits_implIKcE2eqEcc
FNDA:800,_ZN5boost9unit_test9ut_detail20bcs_char_traits_implIKcE2eqEcc
FN:82,_ZN5boost9unit_test9ut_detail20bcs_char_traits_implIKcE6lengthEPS3_
FNDA:41,_ZN5boost9unit_test9ut_detail20bcs_char_traits_implIKcE6lengthEPS3_
FN:93,_ZN5boost9unit_test9ut_detail20bcs_char_traits_implIKcE4findEPS3_mc
FNDA:2,_ZN5boost9unit_test9ut_detail20bcs_char_traits_implIKcE4findEPS3_mc
DA:60,800
DA:62,800
DA:82,41
DA:84,41
DA:86,41
DA:87,798
DA:88,757
DA:90,41
DA:93,4
DA:95,4
DA:96,2
DA:97,0
DA:99,2
DA:100,2
DA:102,2
end_of_record
SF:/usr/include/c++/9/iostream
end_of_record
SF:/home/napiad/studia/eiti/mgr/sem1/zpr/checkers-webapp/checkers/src/Board.h
end_of_record
SF:/usr/include/c++/9/bits/shared_ptr.h
end_of_record
SF:/usr/include/c++/9/bits/stl_construct.h
FN:74,_ZSt10_ConstructI4MoveJRKS0_EEvPT_DpOT0_
FNDA:757,_ZSt10_ConstructI4MoveJRKS0_EEvPT_DpOT0_
FN:74,_ZSt10_ConstructI8PositionJRKS0_EEvPT_DpOT0_
FNDA:1910,_ZSt10_ConstructI8PositionJRKS0_EEvPT_DpOT0_
FN:97,_ZSt8_DestroyISt10shared_ptrI5PieceEEvPT_
FNDA:7507,_ZSt8_DestroyISt10shared_ptrI5PieceEEvPT_
FN:97,_ZSt8_DestroyI4MoveEvPT_
FNDA:1198,_ZSt8_DestroyI4MoveEvPT_
FN:97,_ZSt8_DestroyISt6vectorI4MoveSaIS1_EEEvPT_
FNDA:207,_ZSt8_DestroyISt6vectorI4MoveSaIS1_EEEvPT_
FN:105,_ZNSt12_Destroy_auxILb0EE9__destroyIPSt6vectorI4MoveSaIS3_EEEEvT_S7_
FNDA:276,_ZNSt12_Destroy_auxILb0EE9__destroyIPSt6vectorI4MoveSaIS3_EEEEvT_S7_
FN:105,_ZNSt12_Destroy_auxILb0EE9__destroyIPSt10shared_ptrI5PieceEEEvT_S6_
FNDA:786,_ZNSt12_Destroy_auxILb0EE9__destroyIPSt10shared_ptrI5PieceEEEvT_S6_
FN:105,_ZNSt12_Destroy_auxILb0EE9__destroyIP4MoveEEvT_S4_
FNDA:6843,_ZNSt12_Destroy_auxILb0EE9__destroyIP4MoveEEvT_S4_
FN:117,_ZNSt12_Destroy_auxILb1EE9__destroyIP8PositionEEvT_S4_
FNDA:11376,_ZNSt12_Destroy_auxILb1EE9__destroyIP8PositionEEvT_S4_
FN:127,_ZSt8_DestroyIPSt6vectorI4MoveSaIS1_EEEvT_S5_
FNDA:276,_ZSt8_DestroyIPSt6vectorI4MoveSaIS1_EEEvT_S5_
FN:127,_ZSt8_DestroyIPSt10shared_ptrI5PieceEEvT_S4_
FNDA:786,_ZSt8_DestroyIPSt10shared_ptrI5PieceEEvT_S4_
FN:127,_ZSt8_DestroyIP4MoveEvT_S2_
FNDA:6843,_ZSt8_DestroyIP4MoveEvT_S2_
FN:127,_ZSt8_DestroyIP8PositionEvT_S2_
FNDA:11376,_ZSt8_DestroyIP8PositionEvT_S2_
FN:203,_ZSt8_DestroyIPSt6vectorI4MoveSaIS1_EES3_EvT_S5_RSaIT0_E
FNDA:276,_ZSt8_DestroyIPSt6vectorI4MoveSaIS1_EES3_EvT_S5_RSaIT0_E
FN:203,_ZSt8_DestroyIPSt10shared_ptrI5PieceES2_EvT_S4_RSaIT0_E
FNDA:786,_ZSt8_DestroyIPSt10shared_ptrI5PieceES2_EvT_S4_RSaIT0_E
FN:203,_ZSt8_DestroyIP4MoveS0_EvT_S2_RSaIT0_E
FNDA:6843,_ZSt8_DestroyIP4MoveS0_EvT_S2_RSaIT0_E
FN:203,_ZSt8_DestroyIP8PositionS0_EvT_S2_RSaIT0_E
FNDA:11376,_ZSt8_DestroyIP8PositionS0_EvT_S2_RSaIT0_E
DA:74,757
DA:75,757
DA:74,1910
DA:75,1910
DA:97,207
DA:98,207
DA:97,7507
DA:98,7507
DA:97,1198
DA:98,1198
DA:105,483
DA:107,483
DA:108,207
DA:109,276
DA:105,8293
DA:107,8293
DA:108,7507
DA:109,786
DA:105,7964
DA:107,7964
DA:108,1121
DA:109,6843
DA:117,11376
DA:127,276
DA:137,276
DA:138,276
DA:127,786
DA:137,786
DA:138,786
DA:127,6843
DA:137,6843
DA:138,6843
DA:127,11376
DA:137,11376
DA:138,11376
DA:203,276
DA:206,276
DA:207,276
DA:203,786
DA:206,786
DA:207,786
DA:203,6843
DA:206,6843
DA:207,6843
DA:203,11376
DA:206,11376
DA:207,11376
end_of_record
SF:/home/napiad/studia/eiti/mgr/sem1/zpr/checkers-webapp/checkers/src/Pawn.h
end_of_record
SF:/usr/include/boost/type_index.hpp
FN:211,_ZN5boost9typeindex7type_idIPFvvEEENS0_14stl_type_indexEv
FNDA:0,_ZN5boost9typeindex7type_idIPFvvEEENS0_14stl_type_indexEv
DA:211,0
DA:212,0
end_of_record
SF:/usr/include/c++/9/ext/atomicity.h
FN:48,_ZN9__gnu_cxxL18__exchange_and_addEPVii
FNDA:20992,_ZN9__gnu_cxxL18__exchange_and_addEPVii
FN:65,_ZN9__gnu_cxxL25__exchange_and_add_singleEPii
FNDA:0,_ZN9__gnu_cxxL25__exchange_and_add_singleEPii
FN:78,_ZN9__gnu_cxxL27__exchange_and_add_dispatchEPii
FNDA:20992,_ZN9__gnu_cxxL27__exchange_and_add_dispatchEPii
DA:48,20992
DA:49,20992
DA:65,0
DA:67,0
DA:68,0
DA:69,0
DA:78,20992
DA:81,20992
DA:82,20992
DA:84,0
end_of_record
SF:/home/napiad/studia/eiti/mgr/sem1/zpr/checkers-webapp/checkers/src/Move.h
end_of_record
SF:/usr/include/c++/9/ext/type_traits.h
FN:152,_ZN9__gnu_cxx17__is_null_pointerIcEEbPT_
FNDA:0,_ZN9__gnu_cxx17__is_null_pointerIcEEbPT_
FN:152,_ZN9__gnu_cxx17__is_null_pointerIKcEEbPT_
FNDA:0,_ZN9__gnu_cxx17__is_null_pointerIKcEEbPT_
DA:152,0
DA:153,0
DA:152,0
DA:153,0
end_of_record
SF:/usr/include/c++/9/bits/char_traits.h
FN:315,_ZNSt11char_traitsIcE7compareEPKcS2_m
FNDA:5,_ZNSt11char_traitsIcE7compareEPKcS2_m
FN:329,_ZNSt11char_traitsIcE6lengthEPKc
FNDA:0,_ZNSt11char_traitsIcE6lengthEPKc
DA:315,5
DA:317,5
DA:318,0
DA:325,5
DA:329,0
DA:335,0
end_of_record
SF:/usr/include/c++/9/ext/alloc_traits.h
FN:97,_ZN9__gnu_cxx14__alloc_traitsISaISt13_Rb_tree_nodeISt4pairIK9PieceNamecEEES6_E17_S_select_on_copyERKS7_
FNDA:2221,_ZN9__gnu_cxx14__alloc_traitsISaISt13_Rb_tree_nodeISt4pairIK9PieceNamecEEES6_E17_S_select_on_copyERKS7_
FN:97,_ZN9__gnu_cxx14__alloc_traitsISaISt13_Rb_tree_nodeISt4pairIKNSt7__cxx1112basic_stringIcSt11char_traitsIcESaIcEEE8PositionEEESC_E17_S_select_on_copyERKSD_
FNDA:2221,_ZN9__gnu_cxx14__alloc_traitsISaISt13_Rb_tree_nodeISt4pairIKNSt7__cxx1112basic_stringIcSt11char_traitsIcESaIcEEE8PositionEEESC_E17_S_select_on_copyERKSD_
FN:97,_ZN9__gnu_cxx14__alloc_traitsISaI4MoveES1_E17_S_select_on_copyERKS2_
FNDA:3224,_ZN9__gnu_cxx14__alloc_traitsISaI4MoveES1_E17_S_select_on_copyERKS2_
FN:97,_ZN9__gnu_cxx14__alloc_traitsISaI8PositionES1_E17_S_select_on_copyERKS2_
FNDA:6715,_ZN9__gnu_cxx14__alloc_traitsISaI8PositionES1_E17_S_select_on_copyERKS2_
FN:97,_ZN9__gnu_cxx14__alloc_traitsISaIcEcE17_S_select_on_copyERKS1_
FNDA:0,_ZN9__gnu_cxx14__alloc_traitsISaIcEcE17_S_select_on_copyERKS1_
DA:97,2221
DA:98,2221
DA:97,2221
DA:98,2221
DA:97,3224
DA:98,3224
DA:97,6715
DA:98,6715
DA:97,0
DA:98,0
end_of_record
SF:/usr/include/boost/smart_ptr/detail/sp_counted_base_std_atomic.hpp
FN:35,_ZN5boost6detail16atomic_decrementEPSt6atomicIiE
FNDA:0,_ZN5boost6detail16atomic_decrementEPSt6atomicIiE
FN:108,_ZN5boost6detail15sp_counted_base7releaseEv
FNDA:0,_ZN5boost6detail15sp_counted_base7releaseEv
FN:122,_ZN5boost6detail15sp_counted_base12weak_releaseEv
FNDA:0,_ZN5boost6detail15sp_counted_base12weak_releaseEv
DA:35,0
DA:37,0
DA:108,0
DA:110,0
DA:112,0
DA:113,0
DA:115,0
DA:122,0
DA:124,0
DA:126,0
DA:128,0
end_of_record
SF:/usr/include/c++/9/bits/move.h
FN:47,_ZSt11__addressofISt6vectorI4MoveSaIS1_EEEPT_RS4_
FNDA:810,_ZSt11__addressofISt6vectorI4MoveSaIS1_EEEPT_RS4_
FN:47,_ZSt11__addressofI8PositionEPT_RS1_
FNDA:2097,_ZSt11__addressofI8PositionEPT_RS1_
FN:47,_ZSt11__addressofISt10shared_ptrI5PieceEEPT_RS3_
FNDA:31957,_ZSt11__addressofISt10shared_ptrI5PieceEEPT_RS3_
FN:47,_ZSt11__addressofI4MoveEPT_RS1_
FNDA:2513,_ZSt11__addressofI4MoveEPT_RS1_
FN:74,_ZSt7forwardIRKSt4pairIKNSt7__cxx1112basic_stringIcSt11char_traitsIcESaIcEEE8PositionEEOT_RNSt16remove_referenceISC_E4typeE
FNDA:710720,_ZSt7forwardIRKSt4pairIKNSt7__cxx1112basic_stringIcSt11char_traitsIcESaIcEEE8PositionEEOT_RNSt16remove_referenceISC_E4typeE
FN:74,_ZSt7forwardIRK4MoveEOT_RNSt16remove_referenceIS3_E4typeE
FNDA:2028,_ZSt7forwardIRK4MoveEOT_RNSt16remove_referenceIS3_E4typeE
FN:74,_ZSt7forwardIRK8PositionEOT_RNSt16remove_referenceIS3_E4typeE
FNDA:2635,_ZSt7forwardIRK8PositionEOT_RNSt16remove_referenceIS3_E4typeE
FN:74,_ZSt7forwardIRKSt4pairIK9PieceNamecEEOT_RNSt16remove_referenceIS6_E4typeE
FNDA:57030,_ZSt7forwardIRKSt4pairIK9PieceNamecEEOT_RNSt16remove_referenceIS6_E4typeE
FN:99,_ZSt4moveIRSaI8PositionEEONSt16remove_referenceIT_E4typeEOS4_
FNDA:98,_ZSt4moveIRSaI8PositionEEONSt16remove_referenceIT_E4typeEOS4_
FN:99,_ZSt4moveIRSaI4MoveEEONSt16remove_referenceIT_E4typeEOS4_
FNDA:59,_ZSt4moveIRSaI4MoveEEONSt16remove_referenceIT_E4typeEOS4_
FN:99,_ZSt4moveIRSt6vectorI8PositionSaIS1_EEEONSt16remove_referenceIT_E4typeEOS6_
FNDA:98,_ZSt4moveIRSt6vectorI8PositionSaIS1_EEEONSt16remove_referenceIT_E4typeEOS6_
FN:99,_ZSt4moveIRSt6vectorI4MoveSaIS1_EEEONSt16remove_referenceIT_E4typeEOS6_
FNDA:260,_ZSt4moveIRSt6vectorI4MoveSaIS1_EEEONSt16remove_referenceIT_E4typeEOS6_
FN:99,_ZSt4moveIRSaIcEEONSt16remove_referenceIT_E4typeEOS3_
FNDA:0,_ZSt4moveIRSaIcEEONSt16remove_referenceIT_E4typeEOS3_
DA:47,810
DA:48,810
DA:47,2097
DA:48,2097
DA:47,31957
DA:48,31957
DA:47,2513
DA:48,2513
DA:74,710720
DA:75,710720
DA:74,2028
DA:75,2028
DA:74,2635
DA:75,2635
DA:74,57030
DA:75,57030
DA:99,98
DA:100,98
DA:99,59
DA:100,59
DA:99,98
DA:100,98
DA:99,260
DA:100,260
DA:99,0
DA:100,0
end_of_record
SF:/usr/include/c++/9/bits/basic_string.tcc
FN:206,_ZNSt7__cxx1112basic_stringIcSt11char_traitsIcESaIcEE12_M_constructIPcEEvT_S7_St20forward_iterator_tag
FNDA:0,_ZNSt7__cxx1112basic_stringIcSt11char_traitsIcESaIcEE12_M_constructIPcEEvT_S7_St20forward_iterator_tag
FN:206,_ZNSt7__cxx1112basic_stringIcSt11char_traitsIcESaIcEE12_M_constructIPKcEEvT_S8_St20forward_iterator_tag
FNDA:0,_ZNSt7__cxx1112basic_stringIcSt11char_traitsIcESaIcEE12_M_constructIPKcEEvT_S8_St20forward_iterator_tag
DA:206,0
DA:211,0
DA:212,0
DA:215,0
DA:217,0
DA:219,0
DA:220,0
DA:225,0
DA:226,0
DA:228,0
DA:229,0
DA:232,0
DA:233,0
DA:206,0
DA:211,0
DA:212,0
DA:215,0
DA:217,0
DA:219,0
DA:220,0
DA:225,0
DA:226,0
DA:228,0
DA:229,0
DA:232,0
DA:233,0
end_of_record
SF:/usr/include/c++/9/bits/shared_ptr_base.h
FN:148,_ZNSt16_Sp_counted_baseILN9__gnu_cxx12_Lock_policyE2EE10_M_releaseEv
FNDA:12433,_ZNSt16_Sp_counted_baseILN9__gnu_cxx12_Lock_policyE2EE10_M_releaseEv
FN:727,_ZNSt14__shared_countILN9__gnu_cxx12_Lock_policyE2EED2Ev
FNDA:44959,_ZNSt14__shared_countILN9__gnu_cxx12_Lock_policyE2EED2Ev
FN:1012,_ZNKSt19__shared_ptr_accessI5PieceLN9__gnu_cxx12_Lock_policyE2ELb0ELb0EEptEv
FNDA:12374,_ZNKSt19__shared_ptr_accessI5PieceLN9__gnu_cxx12_Lock_policyE2ELb0ELb0EEptEv
FN:1020,_ZNKSt19__shared_ptr_accessI5PieceLN9__gnu_cxx12_Lock_policyE2ELb0ELb0EE6_M_getEv
FNDA:12374,_ZNKSt19__shared_ptr_accessI5PieceLN9__gnu_cxx12_Lock_policyE2ELb0ELb0EE6_M_getEv
FN:1169,_ZNSt12__shared_ptrI5PieceLN9__gnu_cxx12_Lock_policyE2EED2Ev
FNDA:36400,_ZNSt12__shared_ptrI5PieceLN9__gnu_cxx12_Lock_policyE2EED2Ev
FN:1309,_ZNKSt12__shared_ptrI5PieceLN9__gnu_cxx12_Lock_policyE2EE3getEv
FNDA:41500,_ZNKSt12__shared_ptrI5PieceLN9__gnu_cxx12_Lock_policyE2EE3getEv
DA:148,12433
DA:152,12433
DA:155,8559
DA:167,8559
DA:168,8559
DA:171,8559
DA:174,12433
DA:727,44959
DA:729,44959
DA:730,12433
DA:731,44959
DA:1012,12374
DA:1015,12374
DA:1020,12374
DA:1021,12374
DA:1169,36400
DA:1309,41500
DA:1310,41500
end_of_record
SF:/usr/include/boost/test/unit_test_suite.hpp
FN:386,_Z14init_unit_testv
FNDA:1,_Z14init_unit_testv
DA:386,1
DA:393,1
end_of_record
SF:/usr/include/c++/9/bits/stl_iterator_base_types.h
FN:205,_ZSt19__iterator_categoryIPcENSt15iterator_traitsIT_E17iterator_categoryERKS2_
FNDA:0,_ZSt19__iterator_categoryIPcENSt15iterator_traitsIT_E17iterator_categoryERKS2_
FN:205,_ZSt19__iterator_categoryIPKcENSt15iterator_traitsIT_E17iterator_categoryERKS3_
FNDA:0,_ZSt19__iterator_categoryIPKcENSt15iterator_traitsIT_E17iterator_categoryERKS3_
DA:205,0
DA:206,0
DA:205,0
DA:206,0
end_of_record
SF:/home/napiad/studia/eiti/mgr/sem1/zpr/checkers-webapp/checkers/src/Piece.h
FN:25,_ZN5PieceD0Ev
FNDA:0,_ZN5PieceD0Ev
FN:25,_ZN5PieceD2Ev
FNDA:8707,_ZN5PieceD2Ev
DA:25,0
DA:25,8707
end_of_record
SF:/usr/include/boost/smart_ptr/shared_ptr.hpp
FN:352,_ZN5boost10shared_ptrINS_23basic_wrap_stringstreamIcEEEC2Ev
FNDA:168,_ZN5boost10shared_ptrINS_23basic_wrap_stringstreamIcEEEC2Ev
DA:352,168
DA:354,168
end_of_record
SF:/usr/include/c++/9/ext/aligned_buffer.h
FN:64,_ZN9__gnu_cxx16__aligned_membufISt4pairIKNSt7__cxx1112basic_stringIcSt11char_traitsIcESaIcEEE8PositionEE7_M_addrEv
FNDA:286080,_ZN9__gnu_cxx16__aligned_membufISt4pairIKNSt7__cxx1112basic_stringIcSt11char_traitsIcESaIcEEE8PositionEE7_M_addrEv
FN:64,_ZN9__gnu_cxx16__aligned_membufISt4pairIK9PieceNamecEE7_M_addrEv
FNDA:25456,_ZN9__gnu_cxx16__aligned_membufISt4pairIK9PieceNamecEE7_M_addrEv
FN:68,_ZNK9__gnu_cxx16__aligned_membufISt4pairIK9PieceNamecEE7_M_addrEv
FNDA:14889,_ZNK9__gnu_cxx16__aligned_membufISt4pairIK9PieceNamecEE7_M_addrEv
FN:68,_ZNK9__gnu_cxx16__aligned_membufISt4pairIKNSt7__cxx1112basic_stringIcSt11char_traitsIcESaIcEEE8PositionEE7_M_addrEv
FNDA:150236,_ZNK9__gnu_cxx16__aligned_membufISt4pairIKNSt7__cxx1112basic_stringIcSt11char_traitsIcESaIcEEE8PositionEE7_M_addrEv
FN:72,_ZN9__gnu_cxx16__aligned_membufISt4pairIKNSt7__cxx1112basic_stringIcSt11char_traitsIcESaIcEEE8PositionEE6_M_ptrEv
FNDA:286080,_ZN9__gnu_cxx16__aligned_membufISt4pairIKNSt7__cxx1112basic_stringIcSt11char_traitsIcESaIcEEE8PositionEE6_M_ptrEv
FN:72,_ZN9__gnu_cxx16__aligned_membufISt4pairIK9PieceNamecEE6_M_ptrEv
FNDA:25456,_ZN9__gnu_cxx16__aligned_membufISt4pairIK9PieceNamecEE6_M_ptrEv
FN:76,_ZNK9__gnu_cxx16__aligned_membufISt4pairIK9PieceNamecEE6_M_ptrEv
FNDA:14889,_ZNK9__gnu_cxx16__aligned_membufISt4pairIK9PieceNamecEE6_M_ptrEv
FN:76,_ZNK9__gnu_cxx16__aligned_membufISt4pairIKNSt7__cxx1112basic_stringIcSt11char_traitsIcESaIcEEE8PositionEE6_M_ptrEv
FNDA:150236,_ZNK9__gnu_cxx16__aligned_membufISt4pairIKNSt7__cxx1112basic_stringIcSt11char_traitsIcESaIcEEE8PositionEE6_M_ptrEv
DA:64,286080
DA:65,286080
DA:64,25456
DA:65,25456
DA:68,14889
DA:69,14889
DA:68,150236
DA:69,150236
DA:72,286080
DA:73,286080
DA:72,25456
DA:73,25456
DA:76,14889
DA:77,14889
DA:76,150236
DA:77,150236
end_of_record
SF:/usr/include/c++/9/bits/stl_iterator.h
FN:806,_ZN9__gnu_cxx17__normal_iteratorIPK4MoveSt6vectorIS1_SaIS1_EEEC2ERKS3_
FNDA:11456,_ZN9__gnu_cxx17__normal_iteratorIPK4MoveSt6vectorIS1_SaIS1_EEEC2ERKS3_
FN:806,_ZN9__gnu_cxx17__normal_iteratorIPK8PositionSt6vectorIS1_SaIS1_EEEC2ERKS3_
FNDA:17335,_ZN9__gnu_cxx17__normal_iteratorIPK8PositionSt6vectorIS1_SaIS1_EEEC2ERKS3_
FN:806,_ZN9__gnu_cxx17__normal_iteratorIPKSt6vectorI4MoveSaIS2_EES1_IS4_SaIS4_EEEC2ERKS6_
FNDA:154,_ZN9__gnu_cxx17__normal_iteratorIPKSt6vectorI4MoveSaIS2_EES1_IS4_SaIS4_EEEC2ERKS6_
FN:806,_ZN9__gnu_cxx17__normal_iteratorIPKSt10shared_ptrI5PieceESt6vectorIS3_SaIS3_EEEC2ERKS5_
FNDA:5413,_ZN9__gnu_cxx17__normal_iteratorIPKSt10shared_ptrI5PieceESt6vectorIS3_SaIS3_EEEC2ERKS5_
FN:819,_ZNK9__gnu_cxx17__normal_iteratorIPK4MoveSt6vectorIS1_SaIS1_EEEdeEv
FNDA:669,_ZNK9__gnu_cxx17__normal_iteratorIPK4MoveSt6vectorIS1_SaIS1_EEEdeEv
FN:819,_ZNK9__gnu_cxx17__normal_iteratorIPK8PositionSt6vectorIS1_SaIS1_EEEdeEv
FNDA:1910,_ZNK9__gnu_cxx17__normal_iteratorIPK8PositionSt6vectorIS1_SaIS1_EEEdeEv
FN:827,_ZN9__gnu_cxx17__normal_iteratorIPK4MoveSt6vectorIS1_SaIS1_EEEppEv
FNDA:665,_ZN9__gnu_cxx17__normal_iteratorIPK4MoveSt6vectorIS1_SaIS1_EEEppEv
FN:827,_ZN9__gnu_cxx17__normal_iteratorIPK8PositionSt6vectorIS1_SaIS1_EEEppEv
FNDA:1910,_ZN9__gnu_cxx17__normal_iteratorIPK8PositionSt6vectorIS1_SaIS1_EEEppEv
FN:871,_ZNK9__gnu_cxx17__normal_iteratorIPKSt10shared_ptrI5PieceESt6vectorIS3_SaIS3_EEE4baseEv
FNDA:33900,_ZNK9__gnu_cxx17__normal_iteratorIPKSt10shared_ptrI5PieceESt6vectorIS3_SaIS3_EEE4baseEv
FN:871,_ZNK9__gnu_cxx17__normal_iteratorIPKSt6vectorI4MoveSaIS2_EES1_IS4_SaIS4_EEE4baseEv
FNDA:154,_ZNK9__gnu_cxx17__normal_iteratorIPKSt6vectorI4MoveSaIS2_EES1_IS4_SaIS4_EEE4baseEv
FN:871,_ZNK9__gnu_cxx17__normal_iteratorIPK8PositionSt6vectorIS1_SaIS1_EEE4baseEv
FNDA:21155,_ZNK9__gnu_cxx17__normal_iteratorIPK8PositionSt6vectorIS1_SaIS1_EEE4baseEv
FN:871,_ZNK9__gnu_cxx17__normal_iteratorIPK4MoveSt6vectorIS1_SaIS1_EEE4baseEv
FNDA:12825,_ZNK9__gnu_cxx17__normal_iteratorIPK4MoveSt6vectorIS1_SaIS1_EEE4baseEv
FN:893,_ZN9__gnu_cxxeqIPKSt10shared_ptrI5PieceESt6vectorIS3_SaIS3_EEEEbRKNS_17__normal_iteratorIT_T0_EESE_
FNDA:18,_ZN9__gnu_cxxeqIPKSt10shared_ptrI5PieceESt6vectorIS3_SaIS3_EEEEbRKNS_17__normal_iteratorIT_T0_EESE_
FN:893,_ZN9__gnu_cxxeqIPKSt6vectorI4MoveSaIS2_EES1_IS4_SaIS4_EEEEbRKNS_17__normal_iteratorIT_T0_EESE_
FNDA:77,_ZN9__gnu_cxxeqIPKSt6vectorI4MoveSaIS2_EES1_IS4_SaIS4_EEEEbRKNS_17__normal_iteratorIT_T0_EESE_
FN:893,_ZN9__gnu_cxxeqIPK8PositionSt6vectorIS1_SaIS1_EEEEbRKNS_17__normal_iteratorIT_T0_EESC_
FNDA:403,_ZN9__gnu_cxxeqIPK8PositionSt6vectorIS1_SaIS1_EEEEbRKNS_17__normal_iteratorIT_T0_EESC_
FN:893,_ZN9__gnu_cxxeqIPK4MoveSt6vectorIS1_SaIS1_EEEEbRKNS_17__normal_iteratorIT_T0_EESC_
FNDA:1154,_ZN9__gnu_cxxeqIPK4MoveSt6vectorIS1_SaIS1_EEEEbRKNS_17__normal_iteratorIT_T0_EESC_
FN:907,_ZN9__gnu_cxxneIPK8PositionSt6vectorIS1_SaIS1_EEEEbRKNS_17__normal_iteratorIT_T0_EESC_
FNDA:8708,_ZN9__gnu_cxxneIPK8PositionSt6vectorIS1_SaIS1_EEEEbRKNS_17__normal_iteratorIT_T0_EESC_
FN:907,_ZN9__gnu_cxxneIPK4MoveSt6vectorIS1_SaIS1_EEEEbRKNS_17__normal_iteratorIT_T0_EESC_
FNDA:3905,_ZN9__gnu_cxxneIPK4MoveSt6vectorIS1_SaIS1_EEEEbRKNS_17__normal_iteratorIT_T0_EESC_
DA:806,5413
DA:807,5413
DA:806,154
DA:807,154
DA:806,17335
DA:807,17335
DA:806,11456
DA:807,11456
DA:819,669
DA:820,669
DA:819,1910
DA:820,1910
DA:827,665
DA:829,665
DA:830,665
DA:827,1910
DA:829,1910
DA:830,1910
DA:871,33900
DA:872,33900
DA:871,154
DA:872,154
DA:871,21155
DA:872,21155
DA:871,12825
DA:872,12825
DA:893,18
DA:896,18
DA:893,77
DA:896,77
DA:893,403
DA:896,403
DA:893,1154
DA:896,1154
DA:907,3905
DA:910,3905
DA:907,8708
DA:910,8708
end_of_record
SF:/usr/include/c++/9/bits/basic_string.h
FN:243,_ZNSt7__cxx1112basic_stringIcSt11char_traitsIcESaIcEE16_M_construct_auxIPcEEvT_S7_St12__false_type
FNDA:0,_ZNSt7__cxx1112basic_stringIcSt11char_traitsIcESaIcEE16_M_construct_auxIPcEEvT_S7_St12__false_type
FN:243,_ZNSt7__cxx1112basic_stringIcSt11char_traitsIcESaIcEE16_M_construct_auxIPKcEEvT_S8_St12__false_type
FNDA:0,_ZNSt7__cxx1112basic_stringIcSt11char_traitsIcESaIcEE16_M_construct_auxIPKcEEvT_S8_St12__false_type
FN:263,_ZNSt7__cxx1112basic_stringIcSt11char_traitsIcESaIcEE12_M_constructIPcEEvT_S7_
FNDA:0,_ZNSt7__cxx1112basic_stringIcSt11char_traitsIcESaIcEE12_M_constructIPcEEvT_S7_
FN:263,_ZNSt7__cxx1112basic_stringIcSt11char_traitsIcESaIcEE12_M_constructIPKcEEvT_S8_
FNDA:0,_ZNSt7__cxx1112basic_stringIcSt11char_traitsIcESaIcEE12_M_constructIPKcEEvT_S8_
FN:6149,_ZSteqIcEN9__gnu_cxx11__enable_ifIXsrSt9__is_charIT_E7__valueEbE6__typeERKNSt7__cxx1112basic_stringIS3_St11char_traitsIS3_ESaIS3_EEESE_
FNDA:5,_ZSteqIcEN9__gnu_cxx11__enable_ifIXsrSt9__is_charIT_E7__valueEbE6__typeERKNSt7__cxx1112basic_stringIS3_St11char_traitsIS3_ESaIS3_EEESE_
FN:6175,_ZSteqIcSt11char_traitsIcESaIcEEbRKNSt7__cxx1112basic_stringIT_T0_T1_EEPKS5_
FNDA:14,_ZSteqIcSt11char_traitsIcESaIcEEbRKNSt7__cxx1112basic_stringIT_T0_T1_EEPKS5_
FN:6213,_ZStneIcSt11char_traitsIcESaIcEEbRKNSt7__cxx1112basic_stringIT_T0_T1_EEPKS5_
FNDA:1,_ZStneIcSt11char_traitsIcESaIcEEbRKNSt7__cxx1112basic_stringIT_T0_T1_EEPKS5_
DA:243,0
DA:247,0
DA:248,0
DA:243,0
DA:247,0
DA:248,0
DA:263,0
DA:266,0
DA:267,0
DA:263,0
DA:266,0
DA:267,0
DA:6149,5
DA:6151,5
DA:6152,5
DA:6153,5
DA:6175,14
DA:6177,14
DA:6213,1
DA:6215,1
end_of_record
