TN:
SF:/usr/include/c++/9/bits/stl_iterator_base_types.h
FN:205,_ZSt19__iterator_categoryIPK4MoveENSt15iterator_traitsIT_E17iterator_categoryERKS4_
FNDA:47,_ZSt19__iterator_categoryIPK4MoveENSt15iterator_traitsIT_E17iterator_categoryERKS4_
FN:205,_ZSt19__iterator_categoryIN9__gnu_cxx17__normal_iteratorIPK4MoveSt6vectorIS2_SaIS2_EEEEENSt15iterator_traitsIT_E17iterator_categoryERKSA_
FNDA:79,_ZSt19__iterator_categoryIN9__gnu_cxx17__normal_iteratorIPK4MoveSt6vectorIS2_SaIS2_EEEEENSt15iterator_traitsIT_E17iterator_categoryERKSA_
DA:205,47
DA:206,47
DA:205,79
DA:206,79
end_of_record
SF:/usr/include/c++/9/bits/stl_algo.h
FN:112,_ZSt9__find_ifIN9__gnu_cxx17__normal_iteratorIPK4MoveSt6vectorIS2_SaIS2_EEEENS0_5__ops16_Iter_equals_valIS3_EEET_SC_SC_T0_St26random_access_iterator_tag
FNDA:79,_ZSt9__find_ifIN9__gnu_cxx17__normal_iteratorIPK4MoveSt6vectorIS2_SaIS2_EEEENS0_5__ops16_Iter_equals_valIS3_EEET_SC_SC_T0_St26random_access_iterator_tag
FN:159,_ZSt9__find_ifIN9__gnu_cxx17__normal_iteratorIPK4MoveSt6vectorIS2_SaIS2_EEEENS0_5__ops16_Iter_equals_valIS3_EEET_SC_SC_T0_
FNDA:79,_ZSt9__find_ifIN9__gnu_cxx17__normal_iteratorIPK4MoveSt6vectorIS2_SaIS2_EEEENS0_5__ops16_Iter_equals_valIS3_EEET_SC_SC_T0_
FN:3930,_ZSt4findIN9__gnu_cxx17__normal_iteratorIPK4MoveSt6vectorIS2_SaIS2_EEEES2_ET_S9_S9_RKT0_
FNDA:79,_ZSt4findIN9__gnu_cxx17__normal_iteratorIPK4MoveSt6vectorIS2_SaIS2_EEEES2_ET_S9_S9_RKT0_
DA:112,79
DA:116,79
DA:118,79
DA:120,0
DA:121,0
DA:122,0
DA:124,0
DA:125,0
DA:126,0
DA:128,0
DA:129,0
DA:130,0
DA:132,0
DA:133,0
DA:134,0
DA:137,79
DA:139,0
DA:140,0
DA:141,0
DA:142,0
DA:143,4
DA:144,4
DA:145,4
DA:146,0
DA:147,0
DA:148,0
DA:149,0
DA:150,0
DA:151,75
DA:153,75
DA:159,79
DA:161,79
DA:162,158
DA:3930,79
DA:3938,79
DA:3939,79
end_of_record
SF:/usr/include/c++/9/new
FN:173,_ZnwmPv
FNDA:0,_ZnwmPv
FN:179,_ZdlPvS_
FNDA:0,_ZdlPvS_
DA:173,0
DA:174,0
DA:179,0
end_of_record
SF:/usr/include/c++/9/bits/stl_iterator_base_funcs.h
FN:98,_ZSt10__distanceIPK4MoveENSt15iterator_traitsIT_E15difference_typeES4_S4_St26random_access_iterator_tag
FNDA:47,_ZSt10__distanceIPK4MoveENSt15iterator_traitsIT_E15difference_typeES4_S4_St26random_access_iterator_tag
FN:138,_ZSt8distanceIPK4MoveENSt15iterator_traitsIT_E15difference_typeES4_S4_
FNDA:47,_ZSt8distanceIPK4MoveENSt15iterator_traitsIT_E15difference_typeES4_S4_
DA:98,47
DA:104,47
DA:138,47
DA:141,47
DA:142,94
end_of_record
SF:/usr/include/c++/9/bits/vector.tcc
FN:198,_ZNSt6vectorI8PositionSaIS0_EEaSERKS2_
FNDA:0,_ZNSt6vectorI8PositionSaIS0_EEaSERKS2_
FN:426,_ZNSt6vectorI4MoveSaIS0_EE17_M_realloc_insertIJRKS0_EEEvN9__gnu_cxx17__normal_iteratorIPS0_S2_EEDpOT_
FNDA:0,_ZNSt6vectorI4MoveSaIS0_EE17_M_realloc_insertIJRKS0_EEEvN9__gnu_cxx17__normal_iteratorIPS0_S2_EEDpOT_
FN:426,_ZNSt6vectorI8PositionSaIS0_EE17_M_realloc_insertIJRKS0_EEEvN9__gnu_cxx17__normal_iteratorIPS0_S2_EEDpOT_
FNDA:532,_ZNSt6vectorI8PositionSaIS0_EE17_M_realloc_insertIJRKS0_EEEvN9__gnu_cxx17__normal_iteratorIPS0_S2_EEDpOT_
DA:198,0
DA:201,0
DA:205,0
DA:207,0
DA:208,0
DA:211,0
DA:212,0
DA:213,0
DA:214,0
DA:215,0
DA:216,0
DA:217,0
DA:219,0
DA:223,0
DA:224,0
DA:226,0
DA:228,0
DA:229,0
DA:230,0
DA:231,0
DA:232,0
DA:233,0
DA:234,0
DA:236,0
DA:238,0
DA:239,0
DA:243,0
DA:245,0
DA:246,0
DA:248,0
DA:250,0
DA:252,0
DA:426,0
DA:435,0
DA:437,0
DA:438,0
DA:439,0
DA:440,0
DA:441,0
DA:449,0
DA:450,0
DA:456,0
DA:459,0
DA:461,0
DA:462,0
DA:464,0
DA:466,0
DA:467,0
DA:474,0
DA:475,0
DA:477,0
DA:481,0
DA:482,0
DA:485,0
DA:487,0
DA:488,0
DA:489,0
DA:491,0
DA:492,0
DA:493,0
DA:496,0
DA:498,0
DA:500,0
DA:501,0
DA:502,0
DA:503,0
DA:504,0
DA:505,0
DA:426,532
DA:435,532
DA:437,532
DA:438,532
DA:439,532
DA:440,532
DA:441,532
DA:449,532
DA:450,532
DA:456,532
DA:459,532
DA:461,532
DA:462,532
DA:464,532
DA:466,532
DA:467,532
DA:474,0
DA:475,0
DA:477,0
DA:481,0
DA:482,0
DA:485,0
DA:487,0
DA:488,0
DA:489,0
DA:491,0
DA:492,0
DA:493,0
DA:496,532
DA:498,0
DA:500,532
DA:501,532
DA:502,532
DA:503,532
DA:504,532
DA:505,532
end_of_record
SF:/usr/include/c++/9/iostream
end_of_record
SF:/usr/include/c++/9/bits/predefined_ops.h
FN:234,_ZN9__gnu_cxx5__ops16_Iter_equals_valIK4MoveEC2ERS3_
FNDA:79,_ZN9__gnu_cxx5__ops16_Iter_equals_valIK4MoveEC2ERS3_
FN:240,_ZN9__gnu_cxx5__ops16_Iter_equals_valIK4MoveEclINS_17__normal_iteratorIPS3_St6vectorIS2_SaIS2_EEEEEEbT_
FNDA:4,_ZN9__gnu_cxx5__ops16_Iter_equals_valIK4MoveEclINS_17__normal_iteratorIPS3_St6vectorIS2_SaIS2_EEEEEEbT_
FN:246,_ZN9__gnu_cxx5__ops17__iter_equals_valIK4MoveEENS0_16_Iter_equals_valIT_EERS5_
FNDA:79,_ZN9__gnu_cxx5__ops17__iter_equals_valIK4MoveEENS0_16_Iter_equals_valIT_EERS5_
DA:234,79
DA:235,79
DA:236,79
DA:240,4
DA:241,4
DA:246,79
DA:247,79
end_of_record
SF:/usr/include/c++/9/bits/allocator.h
FN:138,_ZNSaI8PositionEC2Ev
FNDA:0,_ZNSaI8PositionEC2Ev
FN:138,_ZNSaI4MoveEC2Ev
FNDA:0,_ZNSaI4MoveEC2Ev
FN:141,_ZNSaI4MoveEC2ERKS0_
FNDA:0,_ZNSaI4MoveEC2ERKS0_
FN:141,_ZNSaI8PositionEC2ERKS0_
FNDA:0,_ZNSaI8PositionEC2ERKS0_
FN:153,_ZNSaI4MoveED2Ev
FNDA:0,_ZNSaI4MoveED2Ev
FN:153,_ZNSaI8PositionED2Ev
FNDA:0,_ZNSaI8PositionED2Ev
FN:160,_ZStneRKSaI8PositionES2_
FNDA:0,_ZStneRKSaI8PositionES2_
DA:138,0
DA:138,0
DA:141,0
DA:142,0
DA:141,0
DA:142,0
DA:153,0
DA:153,0
DA:160,0
DA:161,0
end_of_record
SF:/usr/include/c++/9/bits/stl_iterator.h
FN:806,_ZN9__gnu_cxx17__normal_iteratorIP8PositionSt6vectorIS1_SaIS1_EEEC2ERKS2_
FNDA:0,_ZN9__gnu_cxx17__normal_iteratorIP8PositionSt6vectorIS1_SaIS1_EEEC2ERKS2_
FN:806,_ZN9__gnu_cxx17__normal_iteratorIPK4MoveSt6vectorIS1_SaIS1_EEEC2ERKS3_
FNDA:0,_ZN9__gnu_cxx17__normal_iteratorIPK4MoveSt6vectorIS1_SaIS1_EEEC2ERKS3_
FN:806,_ZN9__gnu_cxx17__normal_iteratorIP4MoveSt6vectorIS1_SaIS1_EEEC2ERKS2_
FNDA:0,_ZN9__gnu_cxx17__normal_iteratorIP4MoveSt6vectorIS1_SaIS1_EEEC2ERKS2_
FN:806,_ZN9__gnu_cxx17__normal_iteratorIPK8PositionSt6vectorIS1_SaIS1_EEEC2ERKS3_
FNDA:0,_ZN9__gnu_cxx17__normal_iteratorIPK8PositionSt6vectorIS1_SaIS1_EEEC2ERKS3_
FN:819,_ZNK9__gnu_cxx17__normal_iteratorIP4MoveSt6vectorIS1_SaIS1_EEEdeEv
FNDA:0,_ZNK9__gnu_cxx17__normal_iteratorIP4MoveSt6vectorIS1_SaIS1_EEEdeEv
FN:819,_ZNK9__gnu_cxx17__normal_iteratorIP8PositionSt6vectorIS1_SaIS1_EEEdeEv
FNDA:0,_ZNK9__gnu_cxx17__normal_iteratorIP8PositionSt6vectorIS1_SaIS1_EEEdeEv
FN:819,_ZNK9__gnu_cxx17__normal_iteratorIPK4MoveSt6vectorIS1_SaIS1_EEEdeEv
FNDA:0,_ZNK9__gnu_cxx17__normal_iteratorIPK4MoveSt6vectorIS1_SaIS1_EEEdeEv
FN:819,_ZNK9__gnu_cxx17__normal_iteratorIPK8PositionSt6vectorIS1_SaIS1_EEEdeEv
FNDA:0,_ZNK9__gnu_cxx17__normal_iteratorIPK8PositionSt6vectorIS1_SaIS1_EEEdeEv
FN:827,_ZN9__gnu_cxx17__normal_iteratorIP4MoveSt6vectorIS1_SaIS1_EEEppEv
FNDA:0,_ZN9__gnu_cxx17__normal_iteratorIP4MoveSt6vectorIS1_SaIS1_EEEppEv
FN:827,_ZN9__gnu_cxx17__normal_iteratorIPK4MoveSt6vectorIS1_SaIS1_EEEppEv
FNDA:0,_ZN9__gnu_cxx17__normal_iteratorIPK4MoveSt6vectorIS1_SaIS1_EEEppEv
FN:827,_ZN9__gnu_cxx17__normal_iteratorIP8PositionSt6vectorIS1_SaIS1_EEEppEv
FNDA:0,_ZN9__gnu_cxx17__normal_iteratorIP8PositionSt6vectorIS1_SaIS1_EEEppEv
FN:827,_ZN9__gnu_cxx17__normal_iteratorIPK8PositionSt6vectorIS1_SaIS1_EEEppEv
FNDA:0,_ZN9__gnu_cxx17__normal_iteratorIPK8PositionSt6vectorIS1_SaIS1_EEEppEv
FN:859,_ZNK9__gnu_cxx17__normal_iteratorIP8PositionSt6vectorIS1_SaIS1_EEEplEl
FNDA:0,_ZNK9__gnu_cxx17__normal_iteratorIP8PositionSt6vectorIS1_SaIS1_EEEplEl
FN:871,_ZNK9__gnu_cxx17__normal_iteratorIP8PositionSt6vectorIS1_SaIS1_EEE4baseEv
FNDA:0,_ZNK9__gnu_cxx17__normal_iteratorIP8PositionSt6vectorIS1_SaIS1_EEE4baseEv
FN:871,_ZNK9__gnu_cxx17__normal_iteratorIPK8PositionSt6vectorIS1_SaIS1_EEE4baseEv
FNDA:0,_ZNK9__gnu_cxx17__normal_iteratorIPK8PositionSt6vectorIS1_SaIS1_EEE4baseEv
FN:871,_ZNK9__gnu_cxx17__normal_iteratorIPK4MoveSt6vectorIS1_SaIS1_EEE4baseEv
FNDA:0,_ZNK9__gnu_cxx17__normal_iteratorIPK4MoveSt6vectorIS1_SaIS1_EEE4baseEv
FN:871,_ZNK9__gnu_cxx17__normal_iteratorIP4MoveSt6vectorIS1_SaIS1_EEE4baseEv
FNDA:0,_ZNK9__gnu_cxx17__normal_iteratorIP4MoveSt6vectorIS1_SaIS1_EEE4baseEv
FN:893,_ZN9__gnu_cxxeqIPK8PositionSt6vectorIS1_SaIS1_EEEEbRKNS_17__normal_iteratorIT_T0_EESC_
FNDA:0,_ZN9__gnu_cxxeqIPK8PositionSt6vectorIS1_SaIS1_EEEEbRKNS_17__normal_iteratorIT_T0_EESC_
FN:893,_ZN9__gnu_cxxeqIPK4MoveSt6vectorIS1_SaIS1_EEEEbRKNS_17__normal_iteratorIT_T0_EESC_
FNDA:0,_ZN9__gnu_cxxeqIPK4MoveSt6vectorIS1_SaIS1_EEEEbRKNS_17__normal_iteratorIT_T0_EESC_
FN:907,_ZN9__gnu_cxxneIP4MoveSt6vectorIS1_SaIS1_EEEEbRKNS_17__normal_iteratorIT_T0_EESB_
FNDA:0,_ZN9__gnu_cxxneIP4MoveSt6vectorIS1_SaIS1_EEEEbRKNS_17__normal_iteratorIT_T0_EESB_
FN:907,_ZN9__gnu_cxxneIPK8PositionSt6vectorIS1_SaIS1_EEEEbRKNS_17__normal_iteratorIT_T0_EESC_
FNDA:0,_ZN9__gnu_cxxneIPK8PositionSt6vectorIS1_SaIS1_EEEEbRKNS_17__normal_iteratorIT_T0_EESC_
FN:907,_ZN9__gnu_cxxneIPK4MoveSt6vectorIS1_SaIS1_EEEEbRKNS_17__normal_iteratorIT_T0_EESC_
FNDA:0,_ZN9__gnu_cxxneIPK4MoveSt6vectorIS1_SaIS1_EEEEbRKNS_17__normal_iteratorIT_T0_EESC_
FN:907,_ZN9__gnu_cxxneIP8PositionSt6vectorIS1_SaIS1_EEEEbRKNS_17__normal_iteratorIT_T0_EESB_
FNDA:0,_ZN9__gnu_cxxneIP8PositionSt6vectorIS1_SaIS1_EEEEbRKNS_17__normal_iteratorIT_T0_EESB_
FN:989,_ZN9__gnu_cxxmiIPK4MoveSt6vectorIS1_SaIS1_EEEENS_17__normal_iteratorIT_T0_E15difference_typeERKSA_SD_
FNDA:158,_ZN9__gnu_cxxmiIPK4MoveSt6vectorIS1_SaIS1_EEEENS_17__normal_iteratorIT_T0_E15difference_typeERKSA_SD_
FN:989,_ZN9__gnu_cxxmiIP4MoveSt6vectorIS1_SaIS1_EEEENS_17__normal_iteratorIT_T0_E15difference_typeERKS9_SC_
FNDA:0,_ZN9__gnu_cxxmiIP4MoveSt6vectorIS1_SaIS1_EEEENS_17__normal_iteratorIT_T0_E15difference_typeERKS9_SC_
FN:989,_ZN9__gnu_cxxmiIP8PositionSt6vectorIS1_SaIS1_EEEENS_17__normal_iteratorIT_T0_E15difference_typeERKS9_SC_
FNDA:532,_ZN9__gnu_cxxmiIP8PositionSt6vectorIS1_SaIS1_EEEENS_17__normal_iteratorIT_T0_E15difference_typeERKS9_SC_
FN:1010,_ZSt12__niter_baseIP8PositionSt6vectorIS0_SaIS0_EEET_N9__gnu_cxx17__normal_iteratorIS5_T0_EE
FNDA:0,_ZSt12__niter_baseIP8PositionSt6vectorIS0_SaIS0_EEET_N9__gnu_cxx17__normal_iteratorIS5_T0_EE
FN:1010,_ZSt12__niter_baseIPK8PositionSt6vectorIS0_SaIS0_EEET_N9__gnu_cxx17__normal_iteratorIS6_T0_EE
FNDA:0,_ZSt12__niter_baseIPK8PositionSt6vectorIS0_SaIS0_EEET_N9__gnu_cxx17__normal_iteratorIS6_T0_EE
FN:1010,_ZSt12__niter_baseIPK4MoveSt6vectorIS0_SaIS0_EEET_N9__gnu_cxx17__normal_iteratorIS6_T0_EE
FNDA:0,_ZSt12__niter_baseIPK4MoveSt6vectorIS0_SaIS0_EEET_N9__gnu_cxx17__normal_iteratorIS6_T0_EE
FN:1057,_ZNSt13move_iteratorIP8PositionEC2ES1_
FNDA:0,_ZNSt13move_iteratorIP8PositionEC2ES1_
FN:1057,_ZNSt13move_iteratorIP4MoveEC2ES1_
FNDA:0,_ZNSt13move_iteratorIP4MoveEC2ES1_
FN:1066,_ZNKSt13move_iteratorIP8PositionE4baseEv
FNDA:0,_ZNKSt13move_iteratorIP8PositionE4baseEv
FN:1066,_ZNKSt13move_iteratorIP4MoveE4baseEv
FNDA:0,_ZNKSt13move_iteratorIP4MoveE4baseEv
FN:1070,_ZNKSt13move_iteratorIP8PositionEdeEv
FNDA:0,_ZNKSt13move_iteratorIP8PositionEdeEv
FN:1070,_ZNKSt13move_iteratorIP4MoveEdeEv
FNDA:0,_ZNKSt13move_iteratorIP4MoveEdeEv
FN:1078,_ZNSt13move_iteratorIP8PositionEppEv
FNDA:0,_ZNSt13move_iteratorIP8PositionEppEv
FN:1078,_ZNSt13move_iteratorIP4MoveEppEv
FNDA:0,_ZNSt13move_iteratorIP4MoveEppEv
FN:1145,_ZSteqIP8PositionEbRKSt13move_iteratorIT_ES6_
FNDA:0,_ZSteqIP8PositionEbRKSt13move_iteratorIT_ES6_
FN:1145,_ZSteqIP4MoveEbRKSt13move_iteratorIT_ES6_
FNDA:0,_ZSteqIP4MoveEbRKSt13move_iteratorIT_ES6_
FN:1157,_ZStneIP8PositionEbRKSt13move_iteratorIT_ES6_
FNDA:0,_ZStneIP8PositionEbRKSt13move_iteratorIT_ES6_
FN:1157,_ZStneIP4MoveEbRKSt13move_iteratorIT_ES6_
FNDA:0,_ZStneIP4MoveEbRKSt13move_iteratorIT_ES6_
FN:1242,_ZSt32__make_move_if_noexcept_iteratorI8PositionSt13move_iteratorIPS0_EET0_PT_
FNDA:0,_ZSt32__make_move_if_noexcept_iteratorI8PositionSt13move_iteratorIPS0_EET0_PT_
FN:1242,_ZSt32__make_move_if_noexcept_iteratorI4MoveSt13move_iteratorIPS0_EET0_PT_
FNDA:0,_ZSt32__make_move_if_noexcept_iteratorI4MoveSt13move_iteratorIPS0_EET0_PT_
DA:806,0
DA:807,0
DA:806,0
DA:807,0
DA:806,0
DA:807,0
DA:806,0
DA:807,0
DA:819,0
DA:820,0
DA:819,0
DA:820,0
DA:819,0
DA:820,0
DA:819,0
DA:820,0
DA:827,0
DA:829,0
DA:830,0
DA:827,0
DA:829,0
DA:830,0
DA:827,0
DA:829,0
DA:830,0
DA:827,0
DA:829,0
DA:830,0
DA:859,0
DA:860,0
DA:871,0
DA:872,0
DA:871,0
DA:872,0
DA:871,0
DA:872,0
DA:871,0
DA:872,0
DA:893,0
DA:896,0
DA:893,0
DA:896,0
DA:907,0
DA:910,0
DA:907,0
DA:910,0
DA:907,0
DA:910,0
DA:907,0
DA:910,0
DA:989,158
DA:992,158
DA:989,0
DA:992,0
DA:989,532
DA:992,532
DA:1010,0
DA:1012,0
DA:1010,0
DA:1012,0
DA:1010,0
DA:1012,0
DA:1057,0
DA:1058,0
DA:1057,0
DA:1058,0
DA:1066,0
DA:1067,0
DA:1066,0
DA:1067,0
DA:1070,0
DA:1071,0
DA:1070,0
DA:1071,0
DA:1078,0
DA:1080,0
DA:1081,0
DA:1078,0
DA:1080,0
DA:1081,0
DA:1145,0
DA:1147,0
DA:1145,0
DA:1147,0
DA:1157,0
DA:1159,0
DA:1157,0
DA:1159,0
DA:1242,0
DA:1243,0
DA:1242,0
DA:1243,0
end_of_record
SF:/usr/include/c++/9/bits/stl_vector.h
FN:94,_ZNSt12_Vector_baseI8PositionSaIS0_EE17_Vector_impl_dataC2Ev
FNDA:0,_ZNSt12_Vector_baseI8PositionSaIS0_EE17_Vector_impl_dataC2Ev
FN:94,_ZNSt12_Vector_baseI4MoveSaIS0_EE17_Vector_impl_dataC2Ev
FNDA:0,_ZNSt12_Vector_baseI4MoveSaIS0_EE17_Vector_impl_dataC2Ev
FN:99,_ZNSt12_Vector_baseI8PositionSaIS0_EE17_Vector_impl_dataC2EOS3_
FNDA:0,_ZNSt12_Vector_baseI8PositionSaIS0_EE17_Vector_impl_dataC2EOS3_
FN:99,_ZNSt12_Vector_baseI4MoveSaIS0_EE17_Vector_impl_dataC2EOS3_
FNDA:0,_ZNSt12_Vector_baseI4MoveSaIS0_EE17_Vector_impl_dataC2EOS3_
FN:128,_ZNSt12_Vector_baseI8PositionSaIS0_EE12_Vector_implC2Ev
FNDA:0,_ZNSt12_Vector_baseI8PositionSaIS0_EE12_Vector_implC2Ev
FN:128,_ZNSt12_Vector_baseI4MoveSaIS0_EE12_Vector_implC2Ev
FNDA:0,_ZNSt12_Vector_baseI4MoveSaIS0_EE12_Vector_implC2Ev
FN:133,_ZNSt12_Vector_baseI4MoveSaIS0_EE12_Vector_implC2ERKS1_
FNDA:0,_ZNSt12_Vector_baseI4MoveSaIS0_EE12_Vector_implC2ERKS1_
FN:133,_ZNSt12_Vector_baseI8PositionSaIS0_EE12_Vector_implC2ERKS1_
FNDA:0,_ZNSt12_Vector_baseI8PositionSaIS0_EE12_Vector_implC2ERKS1_
FN:140,_ZNSt12_Vector_baseI8PositionSaIS0_EE12_Vector_implC2EOS3_
FNDA:0,_ZNSt12_Vector_baseI8PositionSaIS0_EE12_Vector_implC2EOS3_
FN:140,_ZNSt12_Vector_baseI4MoveSaIS0_EE12_Vector_implC2EOS3_
FNDA:0,_ZNSt12_Vector_baseI4MoveSaIS0_EE12_Vector_implC2EOS3_
FN:273,_ZNSt12_Vector_baseI8PositionSaIS0_EE19_M_get_Tp_allocatorEv
FNDA:0,_ZNSt12_Vector_baseI8PositionSaIS0_EE19_M_get_Tp_allocatorEv
FN:273,_ZNSt12_Vector_baseI4MoveSaIS0_EE19_M_get_Tp_allocatorEv
FNDA:0,_ZNSt12_Vector_baseI4MoveSaIS0_EE19_M_get_Tp_allocatorEv
FN:277,_ZNKSt12_Vector_baseI8PositionSaIS0_EE19_M_get_Tp_allocatorEv
FNDA:0,_ZNKSt12_Vector_baseI8PositionSaIS0_EE19_M_get_Tp_allocatorEv
FN:277,_ZNKSt12_Vector_baseI4MoveSaIS0_EE19_M_get_Tp_allocatorEv
FNDA:0,_ZNKSt12_Vector_baseI4MoveSaIS0_EE19_M_get_Tp_allocatorEv
FN:285,_ZNSt12_Vector_baseI8PositionSaIS0_EEC2Ev
FNDA:0,_ZNSt12_Vector_baseI8PositionSaIS0_EEC2Ev
FN:285,_ZNSt12_Vector_baseI4MoveSaIS0_EEC2Ev
FNDA:0,_ZNSt12_Vector_baseI4MoveSaIS0_EEC2Ev
FN:290,_ZNSt12_Vector_baseI4MoveSaIS0_EEC2ERKS1_
FNDA:0,_ZNSt12_Vector_baseI4MoveSaIS0_EEC2ERKS1_
FN:300,_ZNSt12_Vector_baseI8PositionSaIS0_EEC2EmRKS1_
FNDA:0,_ZNSt12_Vector_baseI8PositionSaIS0_EEC2EmRKS1_
FN:300,_ZNSt12_Vector_baseI4MoveSaIS0_EEC2EmRKS1_
FNDA:0,_ZNSt12_Vector_baseI4MoveSaIS0_EEC2EmRKS1_
FN:305,_ZNSt12_Vector_baseI4MoveSaIS0_EEC2EOS2_
FNDA:0,_ZNSt12_Vector_baseI4MoveSaIS0_EEC2EOS2_
FN:305,_ZNSt12_Vector_baseI8PositionSaIS0_EEC2EOS2_
FNDA:0,_ZNSt12_Vector_baseI8PositionSaIS0_EEC2EOS2_
FN:330,_ZNSt12_Vector_baseI8PositionSaIS0_EED2Ev
FNDA:0,_ZNSt12_Vector_baseI8PositionSaIS0_EED2Ev
FN:330,_ZNSt12_Vector_baseI4MoveSaIS0_EED2Ev
FNDA:0,_ZNSt12_Vector_baseI4MoveSaIS0_EED2Ev
FN:340,_ZNSt12_Vector_baseI8PositionSaIS0_EE11_M_allocateEm
FNDA:0,_ZNSt12_Vector_baseI8PositionSaIS0_EE11_M_allocateEm
FN:340,_ZNSt12_Vector_baseI4MoveSaIS0_EE11_M_allocateEm
FNDA:0,_ZNSt12_Vector_baseI4MoveSaIS0_EE11_M_allocateEm
FN:347,_ZNSt12_Vector_baseI8PositionSaIS0_EE13_M_deallocateEPS0_m
FNDA:0,_ZNSt12_Vector_baseI8PositionSaIS0_EE13_M_deallocateEPS0_m
FN:347,_ZNSt12_Vector_baseI4MoveSaIS0_EE13_M_deallocateEPS0_m
FNDA:0,_ZNSt12_Vector_baseI4MoveSaIS0_EE13_M_deallocateEPS0_m
FN:356,_ZNSt12_Vector_baseI4MoveSaIS0_EE17_M_create_storageEm
FNDA:0,_ZNSt12_Vector_baseI4MoveSaIS0_EE17_M_create_storageEm
FN:356,_ZNSt12_Vector_baseI8PositionSaIS0_EE17_M_create_storageEm
FNDA:0,_ZNSt12_Vector_baseI8PositionSaIS0_EE17_M_create_storageEm
FN:428,_ZNSt6vectorI4MoveSaIS0_EE19_S_nothrow_relocateESt17integral_constantIbLb1EE
FNDA:0,_ZNSt6vectorI4MoveSaIS0_EE19_S_nothrow_relocateESt17integral_constantIbLb1EE
FN:428,_ZNSt6vectorI8PositionSaIS0_EE19_S_nothrow_relocateESt17integral_constantIbLb1EE
FNDA:1064,_ZNSt6vectorI8PositionSaIS0_EE19_S_nothrow_relocateESt17integral_constantIbLb1EE
FN:441,_ZNSt6vectorI8PositionSaIS0_EE15_S_use_relocateEv
FNDA:1064,_ZNSt6vectorI8PositionSaIS0_EE15_S_use_relocateEv
FN:441,_ZNSt6vectorI4MoveSaIS0_EE15_S_use_relocateEv
FNDA:0,_ZNSt6vectorI4MoveSaIS0_EE15_S_use_relocateEv
FN:450,_ZNSt6vectorI4MoveSaIS0_EE14_S_do_relocateEPS0_S3_S3_RS1_St17integral_constantIbLb1EE
FNDA:0,_ZNSt6vectorI4MoveSaIS0_EE14_S_do_relocateEPS0_S3_S3_RS1_St17integral_constantIbLb1EE
FN:450,_ZNSt6vectorI8PositionSaIS0_EE14_S_do_relocateEPS0_S3_S3_RS1_St17integral_constantIbLb1EE
FNDA:1064,_ZNSt6vectorI8PositionSaIS0_EE14_S_do_relocateEPS0_S3_S3_RS1_St17integral_constantIbLb1EE
FN:462,_ZNSt6vectorI8PositionSaIS0_EE11_S_relocateEPS0_S3_S3_RS1_
FNDA:1064,_ZNSt6vectorI8PositionSaIS0_EE11_S_relocateEPS0_S3_S3_RS1_
FN:462,_ZNSt6vectorI4MoveSaIS0_EE11_S_relocateEPS0_S3_S3_RS1_
FNDA:0,_ZNSt6vectorI4MoveSaIS0_EE11_S_relocateEPS0_S3_S3_RS1_
FN:484,_ZNSt6vectorI8PositionSaIS0_EEC2Ev
FNDA:0,_ZNSt6vectorI8PositionSaIS0_EEC2Ev
FN:484,_ZNSt6vectorI4MoveSaIS0_EEC2Ev
FNDA:0,_ZNSt6vectorI4MoveSaIS0_EEC2Ev
FN:550,_ZNSt6vectorI8PositionSaIS0_EEC2ERKS2_
FNDA:0,_ZNSt6vectorI8PositionSaIS0_EEC2ERKS2_
FN:550,_ZNSt6vectorI4MoveSaIS0_EEC2ERKS2_
FNDA:0,_ZNSt6vectorI4MoveSaIS0_EEC2ERKS2_
FN:569,_ZNSt6vectorI4MoveSaIS0_EEC2EOS2_
FNDA:0,_ZNSt6vectorI4MoveSaIS0_EEC2EOS2_
FN:569,_ZNSt6vectorI8PositionSaIS0_EEC2EOS2_
FNDA:0,_ZNSt6vectorI8PositionSaIS0_EEC2EOS2_
FN:622,_ZNSt6vectorI4MoveSaIS0_EEC2ESt16initializer_listIS0_ERKS1_
FNDA:47,_ZNSt6vectorI4MoveSaIS0_EEC2ESt16initializer_listIS0_ERKS1_
FN:675,_ZNSt6vectorI8PositionSaIS0_EED2Ev
FNDA:0,_ZNSt6vectorI8PositionSaIS0_EED2Ev
FN:675,_ZNSt6vectorI4MoveSaIS0_EED2Ev
FNDA:0,_ZNSt6vectorI4MoveSaIS0_EED2Ev
FN:808,_ZNSt6vectorI8PositionSaIS0_EE5beginEv
FNDA:0,_ZNSt6vectorI8PositionSaIS0_EE5beginEv
FN:808,_ZNSt6vectorI4MoveSaIS0_EE5beginEv
FNDA:0,_ZNSt6vectorI4MoveSaIS0_EE5beginEv
FN:817,_ZNKSt6vectorI4MoveSaIS0_EE5beginEv
FNDA:0,_ZNKSt6vectorI4MoveSaIS0_EE5beginEv
FN:817,_ZNKSt6vectorI8PositionSaIS0_EE5beginEv
FNDA:0,_ZNKSt6vectorI8PositionSaIS0_EE5beginEv
FN:826,_ZNSt6vectorI8PositionSaIS0_EE3endEv
FNDA:0,_ZNSt6vectorI8PositionSaIS0_EE3endEv
FN:826,_ZNSt6vectorI4MoveSaIS0_EE3endEv
FNDA:0,_ZNSt6vectorI4MoveSaIS0_EE3endEv
FN:835,_ZNKSt6vectorI8PositionSaIS0_EE3endEv
FNDA:0,_ZNKSt6vectorI8PositionSaIS0_EE3endEv
FN:835,_ZNKSt6vectorI4MoveSaIS0_EE3endEv
FNDA:0,_ZNKSt6vectorI4MoveSaIS0_EE3endEv
FN:915,_ZNKSt6vectorI4MoveSaIS0_EE4sizeEv
FNDA:0,_ZNKSt6vectorI4MoveSaIS0_EE4sizeEv
FN:915,_ZNKSt6vectorI8PositionSaIS0_EE4sizeEv
FNDA:0,_ZNKSt6vectorI8PositionSaIS0_EE4sizeEv
FN:920,_ZNKSt6vectorI8PositionSaIS0_EE8max_sizeEv
FNDA:1064,_ZNKSt6vectorI8PositionSaIS0_EE8max_sizeEv
FN:920,_ZNKSt6vectorI4MoveSaIS0_EE8max_sizeEv
FNDA:0,_ZNKSt6vectorI4MoveSaIS0_EE8max_sizeEv
FN:995,_ZNKSt6vectorI8PositionSaIS0_EE8capacityEv
FNDA:0,_ZNKSt6vectorI8PositionSaIS0_EE8capacityEv
FN:1004,_ZNKSt6vectorI4MoveSaIS0_EE5emptyEv
FNDA:0,_ZNKSt6vectorI4MoveSaIS0_EE5emptyEv
FN:1004,_ZNKSt6vectorI8PositionSaIS0_EE5emptyEv
FNDA:0,_ZNKSt6vectorI8PositionSaIS0_EE5emptyEv
FN:1184,_ZNSt6vectorI8PositionSaIS0_EE9push_backERKS0_
FNDA:533,_ZNSt6vectorI8PositionSaIS0_EE9push_backERKS0_
FN:1184,_ZNSt6vectorI4MoveSaIS0_EE9push_backERKS0_
FNDA:0,_ZNSt6vectorI4MoveSaIS0_EE9push_backERKS0_
FN:1495,_ZNSt6vectorI8PositionSaIS0_EE5clearEv
FNDA:0,_ZNSt6vectorI8PositionSaIS0_EE5clearEv
FN:1505,_ZNSt6vectorI8PositionSaIS0_EE20_M_allocate_and_copyIN9__gnu_cxx17__normal_iteratorIPKS0_S2_EEEEPS0_mT_SA_
FNDA:0,_ZNSt6vectorI8PositionSaIS0_EE20_M_allocate_and_copyIN9__gnu_cxx17__normal_iteratorIPKS0_S2_EEEEPS0_mT_SA_
FN:1574,_ZNSt6vectorI4MoveSaIS0_EE19_M_range_initializeIPKS0_EEvT_S6_St20forward_iterator_tag
FNDA:47,_ZNSt6vectorI4MoveSaIS0_EE19_M_range_initializeIPKS0_EEvT_S6_St20forward_iterator_tag
FN:1753,_ZNKSt6vectorI8PositionSaIS0_EE12_M_check_lenEmPKc
FNDA:532,_ZNKSt6vectorI8PositionSaIS0_EE12_M_check_lenEmPKc
FN:1753,_ZNKSt6vectorI4MoveSaIS0_EE12_M_check_lenEmPKc
FNDA:0,_ZNKSt6vectorI4MoveSaIS0_EE12_M_check_lenEmPKc
FN:1764,_ZNSt6vectorI4MoveSaIS0_EE17_S_check_init_lenEmRKS1_
FNDA:47,_ZNSt6vectorI4MoveSaIS0_EE17_S_check_init_lenEmRKS1_
FN:1773,_ZNSt6vectorI4MoveSaIS0_EE11_S_max_sizeERKS1_
FNDA:0,_ZNSt6vectorI4MoveSaIS0_EE11_S_max_sizeERKS1_
FN:1773,_ZNSt6vectorI8PositionSaIS0_EE11_S_max_sizeERKS1_
FNDA:1064,_ZNSt6vectorI8PositionSaIS0_EE11_S_max_sizeERKS1_
FN:1789,_ZNSt6vectorI8PositionSaIS0_EE15_M_erase_at_endEPS0_
FNDA:0,_ZNSt6vectorI8PositionSaIS0_EE15_M_erase_at_endEPS0_
FN:1888,_ZSteqI4MoveSaIS0_EEbRKSt6vectorIT_T0_ES7_
FNDA:1898,_ZSteqI4MoveSaIS0_EEbRKSt6vectorIT_T0_ES7_
FN:1888,_ZSteqI8PositionSaIS0_EEbRKSt6vectorIT_T0_ES7_
FNDA:1898,_ZSteqI8PositionSaIS0_EEbRKSt6vectorIT_T0_ES7_
DA:94,0
DA:95,0
DA:96,0
DA:94,0
DA:95,0
DA:96,0
DA:99,0
DA:100,0
DA:101,0
DA:102,0
DA:99,0
DA:100,0
DA:101,0
DA:102,0
DA:128,0
DA:130,0
DA:131,0
DA:128,0
DA:130,0
DA:131,0
DA:133,0
DA:134,0
DA:135,0
DA:133,0
DA:134,0
DA:135,0
DA:140,0
DA:141,0
DA:142,0
DA:140,0
DA:141,0
DA:142,0
DA:273,0
DA:274,0
DA:273,0
DA:274,0
DA:277,0
DA:278,0
DA:277,0
DA:278,0
DA:285,0
DA:285,0
DA:290,0
DA:291,0
DA:300,0
DA:301,0
DA:302,0
DA:300,0
DA:301,0
DA:302,0
DA:305,0
DA:305,0
DA:330,0
DA:332,0
DA:333,0
DA:334,0
DA:330,0
DA:332,0
DA:333,0
DA:334,0
DA:340,0
DA:343,0
DA:340,0
DA:343,0
DA:347,0
DA:350,0
DA:351,0
DA:352,0
DA:347,0
DA:350,0
DA:351,0
DA:352,0
DA:356,0
DA:358,0
DA:359,0
DA:360,0
DA:361,0
DA:356,0
DA:358,0
DA:359,0
DA:360,0
DA:361,0
DA:428,0
DA:433,0
DA:428,1064
DA:433,1064
DA:441,0
DA:446,0
DA:441,1064
DA:446,1064
DA:450,0
DA:453,0
DA:450,1064
DA:453,1064
DA:462,0
DA:466,0
DA:462,1064
DA:466,1064
DA:484,0
DA:484,0
DA:550,0
DA:552,0
DA:554,0
DA:555,0
DA:557,0
DA:558,0
DA:550,0
DA:552,0
DA:554,0
DA:555,0
DA:557,0
DA:558,0
DA:569,0
DA:569,0
DA:622,47
DA:624,47
DA:626,47
DA:628,47
DA:675,0
DA:677,0
DA:678,0
DA:680,0
DA:675,0
DA:677,0
DA:678,0
DA:680,0
DA:808,0
DA:809,0
DA:808,0
DA:809,0
DA:817,0
DA:818,0
DA:817,0
DA:818,0
DA:826,0
DA:827,0
DA:826,0
DA:827,0
DA:835,0
DA:836,0
DA:835,0
DA:836,0
DA:915,0
DA:916,0
DA:915,0
DA:916,0
DA:920,0
DA:921,0
DA:920,1064
DA:921,1064
DA:995,0
DA:996,0
DA:997,0
DA:1004,0
DA:1005,0
DA:1004,0
DA:1005,0
DA:1184,0
DA:1186,0
DA:1189,0
DA:1191,0
DA:1195,0
DA:1196,0
DA:1184,533
DA:1186,533
DA:1189,1
DA:1191,1
DA:1195,532
DA:1196,533
DA:1495,0
DA:1496,0
DA:1505,0
DA:1508,0
DA:1511,0
DA:1512,0
DA:1513,0
DA:1515,0
DA:1517,0
DA:1518,0
DA:1574,47
DA:1577,47
DA:1578,47
DA:1579,47
DA:1580,47
DA:1581,47
DA:1582,47
DA:1584,47
DA:1585,47
DA:1753,0
DA:1755,0
DA:1756,0
DA:1758,0
DA:1759,0
DA:1753,532
DA:1755,532
DA:1756,0
DA:1758,532
DA:1759,532
DA:1764,47
DA:1766,47
DA:1767,0
DA:1769,47
DA:1773,1064
DA:1778,1064
DA:1780,1064
DA:1781,1064
DA:1773,0
DA:1778,0
DA:1780,0
DA:1781,0
DA:1789,0
DA:1791,0
DA:1793,0
DA:1794,0
DA:1795,0
DA:1798,0
DA:1888,1898
DA:1889,1898
DA:1890,1898
DA:1888,1898
DA:1889,1898
DA:1890,1898
end_of_record
SF:/usr/include/c++/9/initializer_list
FN:71,_ZNKSt16initializer_listI4MoveE4sizeEv
FNDA:47,_ZNKSt16initializer_listI4MoveE4sizeEv
FN:75,_ZNKSt16initializer_listI4MoveE5beginEv
FNDA:94,_ZNKSt16initializer_listI4MoveE5beginEv
FN:79,_ZNKSt16initializer_listI4MoveE3endEv
FNDA:47,_ZNKSt16initializer_listI4MoveE3endEv
DA:71,47
DA:75,94
DA:79,47
end_of_record
SF:/usr/include/c++/9/bits/stl_construct.h
FN:74,_ZSt10_ConstructI4MoveJS0_EEvPT_DpOT0_
FNDA:0,_ZSt10_ConstructI4MoveJS0_EEvPT_DpOT0_
FN:74,_ZSt10_ConstructI8PositionJS0_EEvPT_DpOT0_
FNDA:0,_ZSt10_ConstructI8PositionJS0_EEvPT_DpOT0_
FN:74,_ZSt10_ConstructI8PositionJRS0_EEvPT_DpOT0_
FNDA:0,_ZSt10_ConstructI8PositionJRS0_EEvPT_DpOT0_
FN:74,_ZSt10_ConstructI4MoveJRKS0_EEvPT_DpOT0_
FNDA:0,_ZSt10_ConstructI4MoveJRKS0_EEvPT_DpOT0_
FN:74,_ZSt10_ConstructI8PositionJRKS0_EEvPT_DpOT0_
FNDA:0,_ZSt10_ConstructI8PositionJRKS0_EEvPT_DpOT0_
FN:97,_ZSt8_DestroyI4MoveEvPT_
FNDA:0,_ZSt8_DestroyI4MoveEvPT_
FN:105,_ZNSt12_Destroy_auxILb0EE9__destroyIP4MoveEEvT_S4_
FNDA:0,_ZNSt12_Destroy_auxILb0EE9__destroyIP4MoveEEvT_S4_
FN:117,_ZNSt12_Destroy_auxILb1EE9__destroyIN9__gnu_cxx17__normal_iteratorIP8PositionSt6vectorIS4_SaIS4_EEEEEEvT_SA_
FNDA:0,_ZNSt12_Destroy_auxILb1EE9__destroyIN9__gnu_cxx17__normal_iteratorIP8PositionSt6vectorIS4_SaIS4_EEEEEEvT_SA_
FN:117,_ZNSt12_Destroy_auxILb1EE9__destroyIP8PositionEEvT_S4_
FNDA:0,_ZNSt12_Destroy_auxILb1EE9__destroyIP8PositionEEvT_S4_
FN:127,_ZSt8_DestroyIN9__gnu_cxx17__normal_iteratorIP8PositionSt6vectorIS2_SaIS2_EEEEEvT_S8_
FNDA:0,_ZSt8_DestroyIN9__gnu_cxx17__normal_iteratorIP8PositionSt6vectorIS2_SaIS2_EEEEEvT_S8_
FN:127,_ZSt8_DestroyIP4MoveEvT_S2_
FNDA:0,_ZSt8_DestroyIP4MoveEvT_S2_
FN:127,_ZSt8_DestroyIP8PositionEvT_S2_
FNDA:0,_ZSt8_DestroyIP8PositionEvT_S2_
FN:203,_ZSt8_DestroyIN9__gnu_cxx17__normal_iteratorIP8PositionSt6vectorIS2_SaIS2_EEEES2_EvT_S8_RSaIT0_E
FNDA:0,_ZSt8_DestroyIN9__gnu_cxx17__normal_iteratorIP8PositionSt6vectorIS2_SaIS2_EEEES2_EvT_S8_RSaIT0_E
FN:203,_ZSt8_DestroyIP4MoveS0_EvT_S2_RSaIT0_E
FNDA:0,_ZSt8_DestroyIP4MoveS0_EvT_S2_RSaIT0_E
FN:203,_ZSt8_DestroyIP8PositionS0_EvT_S2_RSaIT0_E
FNDA:0,_ZSt8_DestroyIP8PositionS0_EvT_S2_RSaIT0_E
DA:74,0
DA:75,0
DA:74,0
DA:75,0
DA:74,0
DA:75,0
DA:74,0
DA:75,0
DA:74,0
DA:75,0
DA:97,0
DA:98,0
DA:105,0
DA:107,0
DA:108,0
DA:109,0
DA:117,0
DA:117,0
DA:127,0
DA:137,0
DA:138,0
DA:127,0
DA:137,0
DA:138,0
DA:127,0
DA:137,0
DA:138,0
DA:203,0
DA:206,0
DA:207,0
DA:203,0
DA:206,0
DA:207,0
DA:203,0
DA:206,0
DA:207,0
end_of_record
SF:/usr/include/c++/9/bits/move.h
FN:47,_ZSt11__addressofI8PositionEPT_RS1_
FNDA:0,_ZSt11__addressofI8PositionEPT_RS1_
FN:47,_ZSt11__addressofI4MoveEPT_RS1_
FNDA:0,_ZSt11__addressofI4MoveEPT_RS1_
FN:74,_ZSt7forwardI4MoveEOT_RNSt16remove_referenceIS1_E4typeE
FNDA:0,_ZSt7forwardI4MoveEOT_RNSt16remove_referenceIS1_E4typeE
FN:74,_ZSt7forwardI8PositionEOT_RNSt16remove_referenceIS1_E4typeE
FNDA:0,_ZSt7forwardI8PositionEOT_RNSt16remove_referenceIS1_E4typeE
FN:74,_ZSt7forwardIR8PositionEOT_RNSt16remove_referenceIS2_E4typeE
FNDA:0,_ZSt7forwardIR8PositionEOT_RNSt16remove_referenceIS2_E4typeE
FN:74,_ZSt7forwardIRK4MoveEOT_RNSt16remove_referenceIS3_E4typeE
FNDA:0,_ZSt7forwardIRK4MoveEOT_RNSt16remove_referenceIS3_E4typeE
FN:74,_ZSt7forwardIRK8PositionEOT_RNSt16remove_referenceIS3_E4typeE
FNDA:0,_ZSt7forwardIRK8PositionEOT_RNSt16remove_referenceIS3_E4typeE
FN:99,_ZSt4moveIR4MoveEONSt16remove_referenceIT_E4typeEOS3_
FNDA:0,_ZSt4moveIR4MoveEONSt16remove_referenceIT_E4typeEOS3_
FN:99,_ZSt4moveIR8PositionEONSt16remove_referenceIT_E4typeEOS3_
FNDA:57,_ZSt4moveIR8PositionEONSt16remove_referenceIT_E4typeEOS3_
FN:99,_ZSt4moveIRNSt12_Vector_baseI4MoveSaIS1_EE12_Vector_implEEONSt16remove_referenceIT_E4typeEOS7_
FNDA:0,_ZSt4moveIRNSt12_Vector_baseI4MoveSaIS1_EE12_Vector_implEEONSt16remove_referenceIT_E4typeEOS7_
FN:99,_ZSt4moveIRNSt12_Vector_baseI8PositionSaIS1_EE12_Vector_implEEONSt16remove_referenceIT_E4typeEOS7_
FNDA:0,_ZSt4moveIRNSt12_Vector_baseI8PositionSaIS1_EE12_Vector_implEEONSt16remove_referenceIT_E4typeEOS7_
DA:47,0
DA:48,0
DA:47,0
DA:48,0
DA:74,0
DA:75,0
DA:74,0
DA:75,0
DA:74,0
DA:75,0
DA:74,0
DA:75,0
DA:74,0
DA:75,0
DA:99,0
DA:100,0
DA:99,57
DA:100,57
DA:99,0
DA:100,0
DA:99,0
DA:100,0
end_of_record
SF:/usr/include/c++/9/ext/alloc_traits.h
FN:97,_ZN9__gnu_cxx14__alloc_traitsISaI4MoveES1_E17_S_select_on_copyERKS2_
FNDA:0,_ZN9__gnu_cxx14__alloc_traitsISaI4MoveES1_E17_S_select_on_copyERKS2_
FN:97,_ZN9__gnu_cxx14__alloc_traitsISaI8PositionES1_E17_S_select_on_copyERKS2_
FNDA:0,_ZN9__gnu_cxx14__alloc_traitsISaI8PositionES1_E17_S_select_on_copyERKS2_
FN:103,_ZN9__gnu_cxx14__alloc_traitsISaI8PositionES1_E27_S_propagate_on_copy_assignEv
FNDA:0,_ZN9__gnu_cxx14__alloc_traitsISaI8PositionES1_E27_S_propagate_on_copy_assignEv
FN:112,_ZN9__gnu_cxx14__alloc_traitsISaI8PositionES1_E15_S_always_equalEv
FNDA:0,_ZN9__gnu_cxx14__alloc_traitsISaI8PositionES1_E15_S_always_equalEv
DA:97,0
DA:98,0
DA:97,0
DA:98,0
DA:103,0
DA:104,0
DA:112,0
DA:113,0
end_of_record
SF:/usr/include/c++/9/ext/new_allocator.h
FN:80,_ZN9__gnu_cxx13new_allocatorI4MoveEC2Ev
FNDA:0,_ZN9__gnu_cxx13new_allocatorI4MoveEC2Ev
FN:80,_ZN9__gnu_cxx13new_allocatorI8PositionEC2Ev
FNDA:0,_ZN9__gnu_cxx13new_allocatorI8PositionEC2Ev
FN:83,_ZN9__gnu_cxx13new_allocatorI8PositionEC2ERKS2_
FNDA:0,_ZN9__gnu_cxx13new_allocatorI8PositionEC2ERKS2_
FN:83,_ZN9__gnu_cxx13new_allocatorI4MoveEC2ERKS2_
FNDA:0,_ZN9__gnu_cxx13new_allocatorI4MoveEC2ERKS2_
FN:89,_ZN9__gnu_cxx13new_allocatorI8PositionED2Ev
FNDA:0,_ZN9__gnu_cxx13new_allocatorI8PositionED2Ev
FN:89,_ZN9__gnu_cxx13new_allocatorI4MoveED2Ev
FNDA:0,_ZN9__gnu_cxx13new_allocatorI4MoveED2Ev
FN:102,_ZN9__gnu_cxx13new_allocatorI4MoveE8allocateEmPKv
FNDA:0,_ZN9__gnu_cxx13new_allocatorI4MoveE8allocateEmPKv
FN:102,_ZN9__gnu_cxx13new_allocatorI8PositionE8allocateEmPKv
FNDA:0,_ZN9__gnu_cxx13new_allocatorI8PositionE8allocateEmPKv
FN:119,_ZN9__gnu_cxx13new_allocatorI8PositionE10deallocateEPS1_m
FNDA:0,_ZN9__gnu_cxx13new_allocatorI8PositionE10deallocateEPS1_m
FN:119,_ZN9__gnu_cxx13new_allocatorI4MoveE10deallocateEPS1_m
FNDA:0,_ZN9__gnu_cxx13new_allocatorI4MoveE10deallocateEPS1_m
FN:132,_ZNK9__gnu_cxx13new_allocatorI8PositionE8max_sizeEv
FNDA:0,_ZNK9__gnu_cxx13new_allocatorI8PositionE8max_sizeEv
FN:132,_ZNK9__gnu_cxx13new_allocatorI4MoveE8max_sizeEv
FNDA:0,_ZNK9__gnu_cxx13new_allocatorI4MoveE8max_sizeEv
FN:144,_ZN9__gnu_cxx13new_allocatorI4MoveE9constructIS1_JS1_EEEvPT_DpOT0_
FNDA:0,_ZN9__gnu_cxx13new_allocatorI4MoveE9constructIS1_JS1_EEEvPT_DpOT0_
FN:144,_ZN9__gnu_cxx13new_allocatorI4MoveE9constructIS1_JRKS1_EEEvPT_DpOT0_
FNDA:0,_ZN9__gnu_cxx13new_allocatorI4MoveE9constructIS1_JRKS1_EEEvPT_DpOT0_
FN:144,_ZN9__gnu_cxx13new_allocatorI8PositionE9constructIS1_JRKS1_EEEvPT_DpOT0_
FNDA:533,_ZN9__gnu_cxx13new_allocatorI8PositionE9constructIS1_JRKS1_EEEvPT_DpOT0_
FN:144,_ZN9__gnu_cxx13new_allocatorI8PositionE9constructIS1_JS1_EEEvPT_DpOT0_
FNDA:57,_ZN9__gnu_cxx13new_allocatorI8PositionE9constructIS1_JS1_EEEvPT_DpOT0_
FN:151,_ZN9__gnu_cxx13new_allocatorI8PositionE7destroyIS1_EEvPT_
FNDA:57,_ZN9__gnu_cxx13new_allocatorI8PositionE7destroyIS1_EEvPT_
FN:151,_ZN9__gnu_cxx13new_allocatorI4MoveE7destroyIS1_EEvPT_
FNDA:0,_ZN9__gnu_cxx13new_allocatorI4MoveE7destroyIS1_EEvPT_
DA:80,0
DA:80,0
DA:83,0
DA:83,0
DA:89,0
DA:89,0
DA:102,0
DA:104,0
DA:105,0
DA:114,0
DA:102,0
DA:104,0
DA:105,0
DA:114,0
DA:119,0
DA:128,0
DA:129,0
DA:119,0
DA:128,0
DA:129,0
DA:132,0
DA:135,0
DA:132,0
DA:135,0
DA:144,0
DA:147,0
DA:144,57
DA:147,57
DA:144,0
DA:147,0
DA:144,533
DA:147,533
DA:151,0
DA:153,0
DA:151,57
DA:153,57
end_of_record
SF:/home/napiad/studia/eiti/mgr/sem1/zpr/checkers-webapp/checkers/src/Move.cc
FN:12,_ZN4MoveC2E8PositionS0_
FNDA:7441,_ZN4MoveC2E8PositionS0_
FN:14,_ZN4MoveC2E8PositionS0_S0_
FNDA:416,_ZN4MoveC2E8PositionS0_S0_
FN:18,_ZNK4Move9isInitialEv
FNDA:2299,_ZNK4Move9isInitialEv
FN:24,_ZNK4MoveeqERKS_
FNDA:2375,_ZNK4MoveeqERKS_
FN:34,_ZNK4Move5mergeERS_
FNDA:48,_ZNK4Move5mergeERS_
FN:59,_ZN4Move18addUpgradePositionERK8Position
FNDA:15,_ZN4Move18addUpgradePositionERK8Position
FN:63,_ZN4Move19addCapturedPositionERK8Position
FNDA:5,_ZN4Move19addCapturedPositionERK8Position
FN:68,_ZNK4Move19getUpgradePositionsEv
FNDA:2804,_ZNK4Move19getUpgradePositionsEv
FN:70,_ZNK4Move16getStartPositionEv
FNDA:6044,_ZNK4Move16getStartPositionEv
FN:72,_ZNK4Move14getEndPositionEv
FNDA:5998,_ZNK4Move14getEndPositionEv
FN:74,_ZNK4Move20getCapturedPositionsEv
FNDA:6278,_ZNK4Move20getCapturedPositionsEv
FN:76,_ZNK4Move12getStepMovesEv
FNDA:23,_ZNK4Move12getStepMovesEv
FN:81,_ZNK4Move14containsAsStepERKS_
FNDA:79,_ZNK4Move14containsAsStepERKS_
DA:12,7441
DA:14,416
DA:15,416
DA:16,416
DA:18,2299
DA:19,4598
DA:20,2299
DA:21,425
DA:24,2375
DA:25,4330
DA:26,4330
DA:27,477
DA:34,48
DA:35,48
DA:36,1
DA:38,47
DA:40,235
DA:41,94
DA:42,88
DA:45,18
DA:46,12
DA:49,191
DA:50,97
DA:53,47
DA:54,13
DA:56,47
DA:59,15
DA:60,15
DA:61,15
DA:63,5
DA:64,5
DA:65,5
DA:68,2804
DA:70,6044
DA:72,5998
DA:74,6278
DA:76,23
DA:81,79
DA:82,79
DA:83,79
DA:84,4
DA:86,75
end_of_record
SF:/usr/include/c++/9/bits/stl_uninitialized.h
FN:76,_ZNSt20__uninitialized_copyILb0EE13__uninit_copyISt13move_iteratorIP4MoveES4_EET0_T_S7_S6_
FNDA:0,_ZNSt20__uninitialized_copyILb0EE13__uninit_copyISt13move_iteratorIP4MoveES4_EET0_T_S7_S6_
FN:76,_ZNSt20__uninitialized_copyILb0EE13__uninit_copyISt13move_iteratorIP8PositionES4_EET0_T_S7_S6_
FNDA:0,_ZNSt20__uninitialized_copyILb0EE13__uninit_copyISt13move_iteratorIP8PositionES4_EET0_T_S7_S6_
FN:76,_ZNSt20__uninitialized_copyILb0EE13__uninit_copyIPK4MovePS2_EET0_T_S7_S6_
FNDA:47,_ZNSt20__uninitialized_copyILb0EE13__uninit_copyIPK4MovePS2_EET0_T_S7_S6_
FN:76,_ZNSt20__uninitialized_copyILb0EE13__uninit_copyIP8PositionS3_EET0_T_S5_S4_
FNDA:0,_ZNSt20__uninitialized_copyILb0EE13__uninit_copyIP8PositionS3_EET0_T_S5_S4_
FN:76,_ZNSt20__uninitialized_copyILb0EE13__uninit_copyIN9__gnu_cxx17__normal_iteratorIPK4MoveSt6vectorIS4_SaIS4_EEEEPS4_EET0_T_SD_SC_
FNDA:0,_ZNSt20__uninitialized_copyILb0EE13__uninit_copyIN9__gnu_cxx17__normal_iteratorIPK4MoveSt6vectorIS4_SaIS4_EEEEPS4_EET0_T_SD_SC_
FN:76,_ZNSt20__uninitialized_copyILb0EE13__uninit_copyIN9__gnu_cxx17__normal_iteratorIPK8PositionSt6vectorIS4_SaIS4_EEEEPS4_EET0_T_SD_SC_
FNDA:0,_ZNSt20__uninitialized_copyILb0EE13__uninit_copyIN9__gnu_cxx17__normal_iteratorIPK8PositionSt6vectorIS4_SaIS4_EEEEPS4_EET0_T_SD_SC_
FN:115,_ZSt18uninitialized_copyIN9__gnu_cxx17__normal_iteratorIPK8PositionSt6vectorIS2_SaIS2_EEEEPS2_ET0_T_SB_SA_
FNDA:0,_ZSt18uninitialized_copyIN9__gnu_cxx17__normal_iteratorIPK8PositionSt6vectorIS2_SaIS2_EEEEPS2_ET0_T_SB_SA_
FN:115,_ZSt18uninitialized_copyISt13move_iteratorIP4MoveES2_ET0_T_S5_S4_
FNDA:0,_ZSt18uninitialized_copyISt13move_iteratorIP4MoveES2_ET0_T_S5_S4_
FN:115,_ZSt18uninitialized_copyIN9__gnu_cxx17__normal_iteratorIPK4MoveSt6vectorIS2_SaIS2_EEEEPS2_ET0_T_SB_SA_
FNDA:0,_ZSt18uninitialized_copyIN9__gnu_cxx17__normal_iteratorIPK4MoveSt6vectorIS2_SaIS2_EEEEPS2_ET0_T_SB_SA_
FN:115,_ZSt18uninitialized_copyISt13move_iteratorIP8PositionES2_ET0_T_S5_S4_
FNDA:0,_ZSt18uninitialized_copyISt13move_iteratorIP8PositionES2_ET0_T_S5_S4_
FN:115,_ZSt18uninitialized_copyIP8PositionS1_ET0_T_S3_S2_
FNDA:0,_ZSt18uninitialized_copyIP8PositionS1_ET0_T_S3_S2_
FN:115,_ZSt18uninitialized_copyIPK4MovePS0_ET0_T_S5_S4_
FNDA:47,_ZSt18uninitialized_copyIPK4MovePS0_ET0_T_S5_S4_
FN:305,_ZSt22__uninitialized_copy_aIN9__gnu_cxx17__normal_iteratorIPK8PositionSt6vectorIS2_SaIS2_EEEEPS2_S2_ET0_T_SB_SA_RSaIT1_E
FNDA:0,_ZSt22__uninitialized_copy_aIN9__gnu_cxx17__normal_iteratorIPK8PositionSt6vectorIS2_SaIS2_EEEEPS2_S2_ET0_T_SB_SA_RSaIT1_E
FN:305,_ZSt22__uninitialized_copy_aIN9__gnu_cxx17__normal_iteratorIPK4MoveSt6vectorIS2_SaIS2_EEEEPS2_S2_ET0_T_SB_SA_RSaIT1_E
FNDA:0,_ZSt22__uninitialized_copy_aIN9__gnu_cxx17__normal_iteratorIPK4MoveSt6vectorIS2_SaIS2_EEEEPS2_S2_ET0_T_SB_SA_RSaIT1_E
FN:305,_ZSt22__uninitialized_copy_aIP8PositionS1_S0_ET0_T_S3_S2_RSaIT1_E
FNDA:0,_ZSt22__uninitialized_copy_aIP8PositionS1_S0_ET0_T_S3_S2_RSaIT1_E
FN:305,_ZSt22__uninitialized_copy_aIPK4MovePS0_S0_ET0_T_S5_S4_RSaIT1_E
FNDA:47,_ZSt22__uninitialized_copy_aIPK4MovePS0_S0_ET0_T_S5_S4_RSaIT1_E
FN:305,_ZSt22__uninitialized_copy_aISt13move_iteratorIP8PositionES2_S1_ET0_T_S5_S4_RSaIT1_E
FNDA:0,_ZSt22__uninitialized_copy_aISt13move_iteratorIP8PositionES2_S1_ET0_T_S5_S4_RSaIT1_E
FN:305,_ZSt22__uninitialized_copy_aISt13move_iteratorIP4MoveES2_S1_ET0_T_S5_S4_RSaIT1_E
FNDA:0,_ZSt22__uninitialized_copy_aISt13move_iteratorIP4MoveES2_S1_ET0_T_S5_S4_RSaIT1_E
FN:323,_ZSt34__uninitialized_move_if_noexcept_aIP4MoveS1_SaIS0_EET0_T_S4_S3_RT1_
FNDA:0,_ZSt34__uninitialized_move_if_noexcept_aIP4MoveS1_SaIS0_EET0_T_S4_S3_RT1_
FN:323,_ZSt34__uninitialized_move_if_noexcept_aIP8PositionS1_SaIS0_EET0_T_S4_S3_RT1_
FNDA:0,_ZSt34__uninitialized_move_if_noexcept_aIP8PositionS1_SaIS0_EET0_T_S4_S3_RT1_
FN:905,_ZSt19__relocate_object_aI8PositionS0_SaIS0_EEvPT_PT0_RT1_
FNDA:57,_ZSt19__relocate_object_aI8PositionS0_SaIS0_EEvPT_PT0_RT1_
FN:905,_ZSt19__relocate_object_aI4MoveS0_SaIS0_EEvPT_PT0_RT1_
FNDA:0,_ZSt19__relocate_object_aI4MoveS0_SaIS0_EEvPT_PT0_RT1_
FN:936,_ZSt14__relocate_a_1IP8PositionS1_SaIS0_EET0_T_S4_S3_RT1_
FNDA:1064,_ZSt14__relocate_a_1IP8PositionS1_SaIS0_EET0_T_S4_S3_RT1_
FN:936,_ZSt14__relocate_a_1IP4MoveS1_SaIS0_EET0_T_S4_S3_RT1_
FNDA:0,_ZSt14__relocate_a_1IP4MoveS1_SaIS0_EET0_T_S4_S3_RT1_
FN:958,_ZSt12__relocate_aIP8PositionS1_SaIS0_EET0_T_S4_S3_RT1_
FNDA:1064,_ZSt12__relocate_aIP8PositionS1_SaIS0_EET0_T_S4_S3_RT1_
FN:958,_ZSt12__relocate_aIP4MoveS1_SaIS0_EET0_T_S4_S3_RT1_
FNDA:0,_ZSt12__relocate_aIP4MoveS1_SaIS0_EET0_T_S4_S3_RT1_
DA:76,0
DA:79,0
DA:82,0
DA:83,0
DA:84,0
DA:86,0
DA:88,0
DA:89,0
DA:76,0
DA:79,0
DA:82,0
DA:83,0
DA:84,0
DA:86,0
DA:88,0
DA:89,0
DA:76,47
DA:79,47
DA:82,141
DA:83,94
DA:84,47
DA:86,0
DA:88,0
DA:89,0
DA:76,0
DA:79,0
DA:82,0
DA:83,0
DA:84,0
DA:76,0
DA:79,0
DA:82,0
DA:83,0
DA:84,0
DA:86,0
DA:88,0
DA:89,0
DA:76,0
DA:79,0
DA:82,0
DA:83,0
DA:84,0
DA:115,0
DA:134,0
DA:140,0
DA:115,0
DA:134,0
DA:140,0
DA:115,47
DA:134,47
DA:140,47
DA:115,0
DA:134,0
DA:140,0
DA:115,0
DA:134,0
DA:140,0
DA:115,0
DA:134,0
DA:140,0
DA:305,0
DA:307,0
DA:305,0
DA:307,0
DA:305,47
DA:307,47
DA:305,0
DA:307,0
DA:305,0
DA:307,0
DA:305,0
DA:307,0
DA:323,0
DA:329,0
DA:330,0
DA:323,0
DA:329,0
DA:330,0
DA:905,0
DA:912,0
DA:913,0
DA:914,0
DA:905,57
DA:912,57
DA:913,57
DA:914,57
DA:936,0
DA:948,0
DA:949,0
DA:950,0
DA:952,0
DA:936,1064
DA:948,1064
DA:949,1121
DA:950,57
DA:952,1064
DA:958,0
DA:964,0
DA:966,0
DA:958,1064
DA:964,1064
DA:966,1064
end_of_record
SF:/usr/include/c++/9/bits/alloc_traits.h
FN:443,_ZNSt16allocator_traitsISaI4MoveEE8allocateERS1_m
FNDA:0,_ZNSt16allocator_traitsISaI4MoveEE8allocateERS1_m
FN:443,_ZNSt16allocator_traitsISaI8PositionEE8allocateERS1_m
FNDA:0,_ZNSt16allocator_traitsISaI8PositionEE8allocateERS1_m
FN:469,_ZNSt16allocator_traitsISaI4MoveEE10deallocateERS1_PS0_m
FNDA:0,_ZNSt16allocator_traitsISaI4MoveEE10deallocateERS1_PS0_m
FN:469,_ZNSt16allocator_traitsISaI8PositionEE10deallocateERS1_PS0_m
FNDA:0,_ZNSt16allocator_traitsISaI8PositionEE10deallocateERS1_PS0_m
FN:482,_ZNSt16allocator_traitsISaI4MoveEE9constructIS0_JS0_EEEvRS1_PT_DpOT0_
FNDA:0,_ZNSt16allocator_traitsISaI4MoveEE9constructIS0_JS0_EEEvRS1_PT_DpOT0_
FN:482,_ZNSt16allocator_traitsISaI8PositionEE9constructIS0_JS0_EEEvRS1_PT_DpOT0_
FNDA:57,_ZNSt16allocator_traitsISaI8PositionEE9constructIS0_JS0_EEEvRS1_PT_DpOT0_
FN:482,_ZNSt16allocator_traitsISaI4MoveEE9constructIS0_JRKS0_EEEvRS1_PT_DpOT0_
FNDA:0,_ZNSt16allocator_traitsISaI4MoveEE9constructIS0_JRKS0_EEEvRS1_PT_DpOT0_
FN:482,_ZNSt16allocator_traitsISaI8PositionEE9constructIS0_JRKS0_EEEvRS1_PT_DpOT0_
FNDA:533,_ZNSt16allocator_traitsISaI8PositionEE9constructIS0_JRKS0_EEEvRS1_PT_DpOT0_
FN:495,_ZNSt16allocator_traitsISaI4MoveEE7destroyIS0_EEvRS1_PT_
FNDA:0,_ZNSt16allocator_traitsISaI4MoveEE7destroyIS0_EEvRS1_PT_
FN:495,_ZNSt16allocator_traitsISaI8PositionEE7destroyIS0_EEvRS1_PT_
FNDA:57,_ZNSt16allocator_traitsISaI8PositionEE7destroyIS0_EEvRS1_PT_
FN:505,_ZNSt16allocator_traitsISaI8PositionEE8max_sizeERKS1_
FNDA:1064,_ZNSt16allocator_traitsISaI8PositionEE8max_sizeERKS1_
FN:505,_ZNSt16allocator_traitsISaI4MoveEE8max_sizeERKS1_
FNDA:0,_ZNSt16allocator_traitsISaI4MoveEE8max_sizeERKS1_
FN:514,_ZNSt16allocator_traitsISaI4MoveEE37select_on_container_copy_constructionERKS1_
FNDA:0,_ZNSt16allocator_traitsISaI4MoveEE37select_on_container_copy_constructionERKS1_
FN:514,_ZNSt16allocator_traitsISaI8PositionEE37select_on_container_copy_constructionERKS1_
FNDA:0,_ZNSt16allocator_traitsISaI8PositionEE37select_on_container_copy_constructionERKS1_
FN:526,_ZSt18__do_alloc_on_copyISaI8PositionEEvRT_RKS2_St17integral_constantIbLb0EE
FNDA:0,_ZSt18__do_alloc_on_copyISaI8PositionEEvRT_RKS2_St17integral_constantIbLb0EE
FN:530,_ZSt15__alloc_on_copyISaI8PositionEEvRT_RKS2_
FNDA:0,_ZSt15__alloc_on_copyISaI8PositionEEvRT_RKS2_
DA:443,0
DA:444,0
DA:443,0
DA:444,0
DA:469,0
DA:470,0
DA:469,0
DA:470,0
DA:482,0
DA:484,0
DA:482,57
DA:484,57
DA:482,0
DA:484,0
DA:482,533
DA:484,533
DA:495,0
DA:497,0
DA:495,57
DA:497,57
DA:505,1064
DA:506,1064
DA:505,0
DA:506,0
DA:514,0
DA:515,0
DA:514,0
DA:515,0
DA:526,0
DA:527,0
DA:530,0
DA:534,0
DA:535,0
end_of_record
SF:/usr/include/c++/9/bits/stl_algobase.h
FN:198,_ZSt3minImERKT_S2_S2_
FNDA:0,_ZSt3minImERKT_S2_S2_
FN:222,_ZSt3maxImERKT_S2_S2_
FNDA:0,_ZSt3maxImERKT_S2_S2_
FN:280,_ZSt12__niter_baseIP8PositionET_S2_
FNDA:0,_ZSt12__niter_baseIP8PositionET_S2_
FN:280,_ZSt12__niter_baseIP4MoveET_S2_
FNDA:0,_ZSt12__niter_baseIP4MoveET_S2_
FN:289,_ZSt12__niter_wrapIN9__gnu_cxx17__normal_iteratorIP8PositionSt6vectorIS2_SaIS2_EEEES3_ET_S8_T0_
FNDA:0,_ZSt12__niter_wrapIN9__gnu_cxx17__normal_iteratorIP8PositionSt6vectorIS2_SaIS2_EEEES3_ET_S8_T0_
FN:295,_ZSt12__niter_wrapIP8PositionET_RKS2_S2_
FNDA:0,_ZSt12__niter_wrapIP8PositionET_RKS2_S2_
FN:375,_ZNSt11__copy_moveILb0ELb1ESt26random_access_iterator_tagE8__copy_mI8PositionEEPT_PKS4_S7_S5_
FNDA:0,_ZNSt11__copy_moveILb0ELb1ESt26random_access_iterator_tagE8__copy_mI8PositionEEPT_PKS4_S7_S5_
FN:393,_ZSt13__copy_move_aILb0EP8PositionS1_ET1_T0_S3_S2_
FNDA:0,_ZSt13__copy_move_aILb0EP8PositionS1_ET1_T0_S3_S2_
FN:393,_ZSt13__copy_move_aILb0EPK8PositionPS0_ET1_T0_S5_S4_
FNDA:0,_ZSt13__copy_move_aILb0EPK8PositionPS0_ET1_T0_S5_S4_
FN:438,_ZSt14__copy_move_a2ILb0EP8PositionS1_ET1_T0_S3_S2_
FNDA:0,_ZSt14__copy_move_a2ILb0EP8PositionS1_ET1_T0_S3_S2_
FN:438,_ZSt14__copy_move_a2ILb0EN9__gnu_cxx17__normal_iteratorIPK8PositionSt6vectorIS2_SaIS2_EEEENS1_IPS2_S7_EEET1_T0_SC_SB_
FNDA:0,_ZSt14__copy_move_a2ILb0EN9__gnu_cxx17__normal_iteratorIPK8PositionSt6vectorIS2_SaIS2_EEEENS1_IPS2_S7_EEET1_T0_SC_SB_
FN:465,_ZSt4copyIN9__gnu_cxx17__normal_iteratorIPK8PositionSt6vectorIS2_SaIS2_EEEENS1_IPS2_S7_EEET0_T_SC_SB_
FNDA:0,_ZSt4copyIN9__gnu_cxx17__normal_iteratorIPK8PositionSt6vectorIS2_SaIS2_EEEENS1_IPS2_S7_EEET0_T_SC_SB_
FN:465,_ZSt4copyIP8PositionS1_ET0_T_S3_S2_
FNDA:0,_ZSt4copyIP8PositionS1_ET0_T_S3_S2_
FN:817,_ZNSt7__equalILb0EE5equalIPK4MoveS4_EEbT_S5_T0_
FNDA:1898,_ZNSt7__equalILb0EE5equalIPK4MoveS4_EEbT_S5_T0_
FN:817,_ZNSt7__equalILb0EE5equalIPK8PositionS4_EEbT_S5_T0_
FNDA:1898,_ZNSt7__equalILb0EE5equalIPK8PositionS4_EEbT_S5_T0_
FN:841,_ZSt11__equal_auxIPK4MoveS2_EbT_S3_T0_
FNDA:1898,_ZSt11__equal_auxIPK4MoveS2_EbT_S3_T0_
FN:841,_ZSt11__equal_auxIPK8PositionS2_EbT_S3_T0_
FNDA:1898,_ZSt11__equal_auxIPK8PositionS2_EbT_S3_T0_
FN:1059,_ZSt5equalIN9__gnu_cxx17__normal_iteratorIPK8PositionSt6vectorIS2_SaIS2_EEEES8_EbT_S9_T0_
FNDA:1898,_ZSt5equalIN9__gnu_cxx17__normal_iteratorIPK8PositionSt6vectorIS2_SaIS2_EEEES8_EbT_S9_T0_
FN:1059,_ZSt5equalIN9__gnu_cxx17__normal_iteratorIPK4MoveSt6vectorIS2_SaIS2_EEEES8_EbT_S9_T0_
FNDA:1898,_ZSt5equalIN9__gnu_cxx17__normal_iteratorIPK4MoveSt6vectorIS2_SaIS2_EEEES8_EbT_S9_T0_
DA:198,0
DA:203,0
DA:204,0
DA:205,0
DA:222,0
DA:227,0
DA:228,0
DA:229,0
DA:280,0
DA:282,0
DA:280,0
DA:282,0
DA:289,0
DA:290,0
DA:295,0
DA:296,0
DA:375,0
DA:384,0
DA:385,0
DA:386,0
DA:387,0
DA:393,0
DA:398,0
DA:404,0
DA:393,0
DA:398,0
DA:404,0
DA:438,0
DA:440,0
DA:443,0
DA:438,0
DA:440,0
DA:443,0
DA:465,0
DA:474,0
DA:465,0
DA:474,0
DA:817,1905
DA:819,1905
DA:820,7
DA:821,0
DA:822,1898
DA:817,1898
DA:819,1898
DA:820,0
DA:821,0
DA:822,1898
DA:841,1898
DA:845,1898
DA:851,1898
DA:841,1898
DA:845,1898
DA:851,1898
DA:1059,1898
DA:1069,1898
DA:1071,1898
DA:1059,1898
DA:1069,1898
DA:1071,1898
end_of_record
SF:/usr/include/c++/9/bits/cpp_type_traits.h
FN:428,_ZSt12__miter_baseIP8PositionET_S2_
FNDA:0,_ZSt12__miter_baseIP8PositionET_S2_
FN:428,_ZSt12__miter_baseIN9__gnu_cxx17__normal_iteratorIPK8PositionSt6vectorIS2_SaIS2_EEEEET_S9_
FNDA:0,_ZSt12__miter_baseIN9__gnu_cxx17__normal_iteratorIPK8PositionSt6vectorIS2_SaIS2_EEEEET_S9_
DA:428,0
DA:429,0
DA:428,0
DA:429,0
end_of_record
SF:/home/napiad/studia/eiti/mgr/sem1/zpr/checkers-webapp/checkers/src/Move.h
FN:22,_ZN4MoveC2Ev
FNDA:0,_ZN4MoveC2Ev
DA:22,0
end_of_record
TN:
SF:/home/napiad/studia/eiti/mgr/sem1/zpr/checkers-webapp/checkers/src/Piece.cc
FN:14,_ZN5PieceC2E8Positionbb
FNDA:607,_ZN5PieceC2E8Positionbb
FN:17,_ZNK5Piece5cloneEv
FNDA:22268,_ZNK5Piece5cloneEv
FN:21,_ZNK5Piece7isWhiteEv
FNDA:411,_ZNK5Piece7isWhiteEv
FN:23,_ZNK5Piece6isUserEv
FNDA:1066,_ZNK5Piece6isUserEv
FN:25,_ZNK5Piece11getPositionEv
FNDA:12839,_ZNK5Piece11getPositionEv
FN:27,_ZN5Piece14changePositionE8Position
FNDA:2781,_ZN5Piece14changePositionE8Position
FN:31,_ZNK5Piece11isSameColorER9PieceName
FNDA:11934,_ZNK5Piece11isSameColorER9PieceName
FN:38,_ZNK5Piece11isDiffColorE9PieceName
FNDA:14555,_ZNK5Piece11isDiffColorE9PieceName
DA:14,607
DA:15,607
DA:17,22268
DA:18,22268
DA:21,411
DA:23,1066
DA:25,12839
DA:27,2781
DA:28,2781
DA:29,2781
DA:31,11934
DA:32,11934
DA:33,11928
DA:34,11
DA:35,11923
DA:38,14555
DA:39,14555
DA:40,14466
DA:41,395
DA:42,14160
end_of_record
SF:/usr/include/c++/9/iostream
end_of_record
TN:
SF:/usr/include/c++/9/bits/stl_map.h
FN:205,_ZNSt3mapI9PieceNamecSt4lessIS0_ESaISt4pairIKS0_cEEEC2ERKS7_
FNDA:0,_ZNSt3mapI9PieceNamecSt4lessIS0_ESaISt4pairIKS0_cEEEC2ERKS7_
FN:205,_ZNSt3mapINSt7__cxx1112basic_stringIcSt11char_traitsIcESaIcEEE8PositionSt4lessIS5_ESaISt4pairIKS5_S6_EEEC2ERKSD_
FNDA:0,_ZNSt3mapINSt7__cxx1112basic_stringIcSt11char_traitsIcESaIcEEE8PositionSt4lessIS5_ESaISt4pairIKS5_S6_EEEC2ERKSD_
FN:300,_ZNSt3mapINSt7__cxx1112basic_stringIcSt11char_traitsIcESaIcEEE8PositionSt4lessIS5_ESaISt4pairIKS5_S6_EEED2Ev
FNDA:0,_ZNSt3mapINSt7__cxx1112basic_stringIcSt11char_traitsIcESaIcEEE8PositionSt4lessIS5_ESaISt4pairIKS5_S6_EEED2Ev
FN:300,_ZNSt3mapI9PieceNamecSt4lessIS0_ESaISt4pairIKS0_cEEED2Ev
FNDA:0,_ZNSt3mapI9PieceNamecSt4lessIS0_ESaISt4pairIKS0_cEEED2Ev
DA:205,0
DA:205,0
DA:300,0
DA:300,0
end_of_record
SF:/usr/include/c++/9/bits/stl_pair.h
FN:303,_ZNSt4pairIKNSt7__cxx1112basic_stringIcSt11char_traitsIcESaIcEEE8PositionEC2ERKS8_
FNDA:0,_ZNSt4pairIKNSt7__cxx1112basic_stringIcSt11char_traitsIcESaIcEEE8PositionEC2ERKS8_
DA:303,0
end_of_record
SF:/usr/include/c++/9/iostream
end_of_record
SF:/usr/include/c++/9/bits/basic_string.tcc
FN:206,_ZNSt7__cxx1112basic_stringIcSt11char_traitsIcESaIcEE12_M_constructIPcEEvT_S7_St20forward_iterator_tag
FNDA:0,_ZNSt7__cxx1112basic_stringIcSt11char_traitsIcESaIcEE12_M_constructIPcEEvT_S7_St20forward_iterator_tag
DA:206,0
DA:211,0
DA:212,0
DA:215,0
DA:217,0
DA:219,0
DA:220,0
DA:225,0
DA:226,0
DA:228,0
DA:229,0
DA:232,0
DA:233,0
end_of_record
SF:/usr/include/c++/9/bits/stl_iterator_base_funcs.h
FN:98,_ZSt10__distanceIPcENSt15iterator_traitsIT_E15difference_typeES2_S2_St26random_access_iterator_tag
FNDA:0,_ZSt10__distanceIPcENSt15iterator_traitsIT_E15difference_typeES2_S2_St26random_access_iterator_tag
FN:138,_ZSt8distanceIPcENSt15iterator_traitsIT_E15difference_typeES2_S2_
FNDA:0,_ZSt8distanceIPcENSt15iterator_traitsIT_E15difference_typeES2_S2_
DA:98,0
DA:104,0
DA:138,0
DA:141,0
DA:142,0
end_of_record
SF:/usr/include/c++/9/bits/vector.tcc
FN:109,_ZNSt6vectorI4MoveSaIS0_EE12emplace_backIJS0_EEEvDpOT_
FNDA:7136,_ZNSt6vectorI4MoveSaIS0_EE12emplace_backIJS0_EEEvDpOT_
FN:198,_ZNSt6vectorI4MoveSaIS0_EEaSERKS2_
FNDA:0,_ZNSt6vectorI4MoveSaIS0_EEaSERKS2_
FN:198,_ZNSt6vectorI8PositionSaIS0_EEaSERKS2_
FNDA:0,_ZNSt6vectorI8PositionSaIS0_EEaSERKS2_
FN:426,_ZNSt6vectorI4MoveSaIS0_EE17_M_realloc_insertIJS0_EEEvN9__gnu_cxx17__normal_iteratorIPS0_S2_EEDpOT_
FNDA:3768,_ZNSt6vectorI4MoveSaIS0_EE17_M_realloc_insertIJS0_EEEvN9__gnu_cxx17__normal_iteratorIPS0_S2_EEDpOT_
FN:426,_ZNSt6vectorI4MoveSaIS0_EE17_M_realloc_insertIJRKS0_EEEvN9__gnu_cxx17__normal_iteratorIPS0_S2_EEDpOT_
FNDA:0,_ZNSt6vectorI4MoveSaIS0_EE17_M_realloc_insertIJRKS0_EEEvN9__gnu_cxx17__normal_iteratorIPS0_S2_EEDpOT_
DA:109,7136
DA:112,7136
DA:115,3368
DA:117,3368
DA:121,3768
DA:125,7136
DA:198,0
DA:201,0
DA:205,0
DA:207,0
DA:208,0
DA:211,0
DA:212,0
DA:213,0
DA:214,0
DA:215,0
DA:216,0
DA:217,0
DA:219,0
DA:223,0
DA:224,0
DA:226,0
DA:228,0
DA:229,0
DA:230,0
DA:231,0
DA:232,0
DA:233,0
DA:234,0
DA:236,0
DA:238,0
DA:239,0
DA:243,0
DA:245,0
DA:246,0
DA:248,0
DA:250,0
DA:252,0
DA:198,0
DA:201,0
DA:205,0
DA:207,0
DA:208,0
DA:211,0
DA:212,0
DA:213,0
DA:214,0
DA:215,0
DA:216,0
DA:217,0
DA:219,0
DA:223,0
DA:224,0
DA:226,0
DA:228,0
DA:229,0
DA:230,0
DA:231,0
DA:232,0
DA:233,0
DA:234,0
DA:236,0
DA:238,0
DA:239,0
DA:243,0
DA:245,0
DA:246,0
DA:248,0
DA:250,0
DA:252,0
DA:426,3768
DA:435,3768
DA:437,3768
DA:438,3768
DA:439,3768
DA:440,3768
DA:441,3768
DA:449,3768
DA:450,3768
DA:456,3768
DA:459,3768
DA:461,3768
DA:462,3768
DA:464,3768
DA:466,3768
DA:467,3768
DA:474,0
DA:475,0
DA:477,0
DA:481,0
DA:482,0
DA:485,0
DA:487,0
DA:488,0
DA:489,0
DA:491,0
DA:492,0
DA:493,0
DA:496,3768
DA:498,0
DA:500,3768
DA:501,3768
DA:502,3768
DA:503,3768
DA:504,3768
DA:505,3768
DA:426,0
DA:435,0
DA:437,0
DA:438,0
DA:439,0
DA:440,0
DA:441,0
DA:449,0
DA:450,0
DA:456,0
DA:459,0
DA:461,0
DA:462,0
DA:464,0
DA:466,0
DA:467,0
DA:474,0
DA:475,0
DA:477,0
DA:481,0
DA:482,0
DA:485,0
DA:487,0
DA:488,0
DA:489,0
DA:491,0
DA:492,0
DA:493,0
DA:496,0
DA:498,0
DA:500,0
DA:501,0
DA:502,0
DA:503,0
DA:504,0
DA:505,0
end_of_record
SF:/usr/include/c++/9/bits/stl_construct.h
FN:74,_ZSt10_ConstructI4MoveJRS0_EEvPT_DpOT0_
FNDA:0,_ZSt10_ConstructI4MoveJRS0_EEvPT_DpOT0_
FN:74,_ZSt10_ConstructI8PositionJRS0_EEvPT_DpOT0_
FNDA:0,_ZSt10_ConstructI8PositionJRS0_EEvPT_DpOT0_
FN:74,_ZSt10_ConstructI4MoveJRKS0_EEvPT_DpOT0_
FNDA:0,_ZSt10_ConstructI4MoveJRKS0_EEvPT_DpOT0_
FN:74,_ZSt10_ConstructI8PositionJRKS0_EEvPT_DpOT0_
FNDA:0,_ZSt10_ConstructI8PositionJRKS0_EEvPT_DpOT0_
FN:74,_ZSt10_ConstructI4MoveJS0_EEvPT_DpOT0_
FNDA:0,_ZSt10_ConstructI4MoveJS0_EEvPT_DpOT0_
FN:97,_ZSt8_DestroyI4MoveEvPT_
FNDA:0,_ZSt8_DestroyI4MoveEvPT_
FN:105,_ZNSt12_Destroy_auxILb0EE9__destroyIN9__gnu_cxx17__normal_iteratorIP4MoveSt6vectorIS4_SaIS4_EEEEEEvT_SA_
FNDA:0,_ZNSt12_Destroy_auxILb0EE9__destroyIN9__gnu_cxx17__normal_iteratorIP4MoveSt6vectorIS4_SaIS4_EEEEEEvT_SA_
FN:105,_ZNSt12_Destroy_auxILb0EE9__destroyIP4MoveEEvT_S4_
FNDA:0,_ZNSt12_Destroy_auxILb0EE9__destroyIP4MoveEEvT_S4_
FN:117,_ZNSt12_Destroy_auxILb1EE9__destroyIP8PositionEEvT_S4_
FNDA:0,_ZNSt12_Destroy_auxILb1EE9__destroyIP8PositionEEvT_S4_
FN:117,_ZNSt12_Destroy_auxILb1EE9__destroyIN9__gnu_cxx17__normal_iteratorIP8PositionSt6vectorIS4_SaIS4_EEEEEEvT_SA_
FNDA:0,_ZNSt12_Destroy_auxILb1EE9__destroyIN9__gnu_cxx17__normal_iteratorIP8PositionSt6vectorIS4_SaIS4_EEEEEEvT_SA_
FN:127,_ZSt8_DestroyIN9__gnu_cxx17__normal_iteratorIP4MoveSt6vectorIS2_SaIS2_EEEEEvT_S8_
FNDA:0,_ZSt8_DestroyIN9__gnu_cxx17__normal_iteratorIP4MoveSt6vectorIS2_SaIS2_EEEEEvT_S8_
FN:127,_ZSt8_DestroyIN9__gnu_cxx17__normal_iteratorIP8PositionSt6vectorIS2_SaIS2_EEEEEvT_S8_
FNDA:0,_ZSt8_DestroyIN9__gnu_cxx17__normal_iteratorIP8PositionSt6vectorIS2_SaIS2_EEEEEvT_S8_
FN:127,_ZSt8_DestroyIP4MoveEvT_S2_
FNDA:0,_ZSt8_DestroyIP4MoveEvT_S2_
FN:127,_ZSt8_DestroyIP8PositionEvT_S2_
FNDA:0,_ZSt8_DestroyIP8PositionEvT_S2_
FN:203,_ZSt8_DestroyIN9__gnu_cxx17__normal_iteratorIP4MoveSt6vectorIS2_SaIS2_EEEES2_EvT_S8_RSaIT0_E
FNDA:0,_ZSt8_DestroyIN9__gnu_cxx17__normal_iteratorIP4MoveSt6vectorIS2_SaIS2_EEEES2_EvT_S8_RSaIT0_E
FN:203,_ZSt8_DestroyIN9__gnu_cxx17__normal_iteratorIP8PositionSt6vectorIS2_SaIS2_EEEES2_EvT_S8_RSaIT0_E
FNDA:0,_ZSt8_DestroyIN9__gnu_cxx17__normal_iteratorIP8PositionSt6vectorIS2_SaIS2_EEEES2_EvT_S8_RSaIT0_E
FN:203,_ZSt8_DestroyIP4MoveS0_EvT_S2_RSaIT0_E
FNDA:0,_ZSt8_DestroyIP4MoveS0_EvT_S2_RSaIT0_E
FN:203,_ZSt8_DestroyIP8PositionS0_EvT_S2_RSaIT0_E
FNDA:0,_ZSt8_DestroyIP8PositionS0_EvT_S2_RSaIT0_E
DA:74,0
DA:75,0
DA:74,0
DA:75,0
DA:74,0
DA:75,0
DA:74,0
DA:75,0
DA:74,0
DA:75,0
DA:97,0
DA:98,0
DA:105,0
DA:107,0
DA:108,0
DA:109,0
DA:105,0
DA:107,0
DA:108,0
DA:109,0
DA:117,0
DA:117,0
DA:127,0
DA:137,0
DA:138,0
DA:127,0
DA:137,0
DA:138,0
DA:127,0
DA:137,0
DA:138,0
DA:127,0
DA:137,0
DA:138,0
DA:203,0
DA:206,0
DA:207,0
DA:203,0
DA:206,0
DA:207,0
DA:203,0
DA:206,0
DA:207,0
DA:203,0
DA:206,0
DA:207,0
end_of_record
SF:/usr/include/c++/9/bits/shared_ptr.h
FN:139,_ZNSt10shared_ptrI4KingEC2IS0_vEEPT_
FNDA:14030,_ZNSt10shared_ptrI4KingEC2IS0_vEEPT_
FN:263,_ZNSt10shared_ptrI5PieceEC2I4KingvEEOS_IT_E
FNDA:0,_ZNSt10shared_ptrI5PieceEC2I4KingvEEOS_IT_E
DA:139,14030
DA:263,0
DA:264,0
end_of_record
SF:/usr/include/c++/9/ext/alloc_traits.h
FN:97,_ZN9__gnu_cxx14__alloc_traitsISaISt13_Rb_tree_nodeISt4pairIK9PieceNamecEEES6_E17_S_select_on_copyERKS7_
FNDA:0,_ZN9__gnu_cxx14__alloc_traitsISaISt13_Rb_tree_nodeISt4pairIK9PieceNamecEEES6_E17_S_select_on_copyERKS7_
FN:97,_ZN9__gnu_cxx14__alloc_traitsISaISt13_Rb_tree_nodeISt4pairIKNSt7__cxx1112basic_stringIcSt11char_traitsIcESaIcEEE8PositionEEESC_E17_S_select_on_copyERKSD_
FNDA:0,_ZN9__gnu_cxx14__alloc_traitsISaISt13_Rb_tree_nodeISt4pairIKNSt7__cxx1112basic_stringIcSt11char_traitsIcESaIcEEE8PositionEEESC_E17_S_select_on_copyERKSD_
FN:97,_ZN9__gnu_cxx14__alloc_traitsISaIcEcE17_S_select_on_copyERKS1_
FNDA:0,_ZN9__gnu_cxx14__alloc_traitsISaIcEcE17_S_select_on_copyERKS1_
FN:97,_ZN9__gnu_cxx14__alloc_traitsISaI4MoveES1_E17_S_select_on_copyERKS2_
FNDA:0,_ZN9__gnu_cxx14__alloc_traitsISaI4MoveES1_E17_S_select_on_copyERKS2_
FN:97,_ZN9__gnu_cxx14__alloc_traitsISaI8PositionES1_E17_S_select_on_copyERKS2_
FNDA:0,_ZN9__gnu_cxx14__alloc_traitsISaI8PositionES1_E17_S_select_on_copyERKS2_
FN:103,_ZN9__gnu_cxx14__alloc_traitsISaI4MoveES1_E27_S_propagate_on_copy_assignEv
FNDA:0,_ZN9__gnu_cxx14__alloc_traitsISaI4MoveES1_E27_S_propagate_on_copy_assignEv
FN:103,_ZN9__gnu_cxx14__alloc_traitsISaI8PositionES1_E27_S_propagate_on_copy_assignEv
FNDA:0,_ZN9__gnu_cxx14__alloc_traitsISaI8PositionES1_E27_S_propagate_on_copy_assignEv
FN:112,_ZN9__gnu_cxx14__alloc_traitsISaI4MoveES1_E15_S_always_equalEv
FNDA:0,_ZN9__gnu_cxx14__alloc_traitsISaI4MoveES1_E15_S_always_equalEv
FN:112,_ZN9__gnu_cxx14__alloc_traitsISaI8PositionES1_E15_S_always_equalEv
FNDA:0,_ZN9__gnu_cxx14__alloc_traitsISaI8PositionES1_E15_S_always_equalEv
DA:97,0
DA:98,0
DA:97,0
DA:98,0
DA:97,0
DA:98,0
DA:97,0
DA:98,0
DA:97,0
DA:98,0
DA:103,0
DA:104,0
DA:103,0
DA:104,0
DA:112,0
DA:113,0
DA:112,0
DA:113,0
end_of_record
SF:/usr/include/c++/9/bits/move.h
FN:47,_ZSt11__addressofI8PositionEPT_RS1_
FNDA:0,_ZSt11__addressofI8PositionEPT_RS1_
FN:47,_ZSt11__addressofI4MoveEPT_RS1_
FNDA:0,_ZSt11__addressofI4MoveEPT_RS1_
FN:74,_ZSt7forwardIRKSt4pairIKNSt7__cxx1112basic_stringIcSt11char_traitsIcESaIcEEE8PositionEEOT_RNSt16remove_referenceISC_E4typeE
FNDA:0,_ZSt7forwardIRKSt4pairIKNSt7__cxx1112basic_stringIcSt11char_traitsIcESaIcEEE8PositionEEOT_RNSt16remove_referenceISC_E4typeE
FN:74,_ZSt7forwardIR4MoveEOT_RNSt16remove_referenceIS2_E4typeE
FNDA:0,_ZSt7forwardIR4MoveEOT_RNSt16remove_referenceIS2_E4typeE
FN:74,_ZSt7forwardIR8PositionEOT_RNSt16remove_referenceIS2_E4typeE
FNDA:0,_ZSt7forwardIR8PositionEOT_RNSt16remove_referenceIS2_E4typeE
FN:74,_ZSt7forwardIRK8PositionEOT_RNSt16remove_referenceIS3_E4typeE
FNDA:0,_ZSt7forwardIRK8PositionEOT_RNSt16remove_referenceIS3_E4typeE
FN:74,_ZSt7forwardIRKSt4pairIK9PieceNamecEEOT_RNSt16remove_referenceIS6_E4typeE
FNDA:0,_ZSt7forwardIRKSt4pairIK9PieceNamecEEOT_RNSt16remove_referenceIS6_E4typeE
FN:74,_ZSt7forwardI4MoveEOT_RNSt16remove_referenceIS1_E4typeE
FNDA:0,_ZSt7forwardI4MoveEOT_RNSt16remove_referenceIS1_E4typeE
FN:74,_ZSt7forwardIRK4MoveEOT_RNSt16remove_referenceIS3_E4typeE
FNDA:0,_ZSt7forwardIRK4MoveEOT_RNSt16remove_referenceIS3_E4typeE
FN:99,_ZSt4moveIRSaIcEEONSt16remove_referenceIT_E4typeEOS3_
FNDA:0,_ZSt4moveIRSaIcEEONSt16remove_referenceIT_E4typeEOS3_
FN:99,_ZSt4moveIRSt10shared_ptrI4KingEEONSt16remove_referenceIT_E4typeEOS5_
FNDA:0,_ZSt4moveIRSt10shared_ptrI4KingEEONSt16remove_referenceIT_E4typeEOS5_
FN:99,_ZSt4moveIRSt6vectorI8PositionSaIS1_EEEONSt16remove_referenceIT_E4typeEOS6_
FNDA:0,_ZSt4moveIRSt6vectorI8PositionSaIS1_EEEONSt16remove_referenceIT_E4typeEOS6_
FN:99,_ZSt4moveIRSt6vectorI4MoveSaIS1_EEEONSt16remove_referenceIT_E4typeEOS6_
FNDA:0,_ZSt4moveIRSt6vectorI4MoveSaIS1_EEEONSt16remove_referenceIT_E4typeEOS6_
FN:99,_ZSt4moveIRNSt12_Vector_baseI4MoveSaIS1_EE12_Vector_implEEONSt16remove_referenceIT_E4typeEOS7_
FNDA:0,_ZSt4moveIRNSt12_Vector_baseI4MoveSaIS1_EE12_Vector_implEEONSt16remove_referenceIT_E4typeEOS7_
FN:99,_ZSt4moveIR4MoveEONSt16remove_referenceIT_E4typeEOS3_
FNDA:0,_ZSt4moveIR4MoveEONSt16remove_referenceIT_E4typeEOS3_
FN:99,_ZSt4moveIRSaI8PositionEEONSt16remove_referenceIT_E4typeEOS4_
FNDA:0,_ZSt4moveIRSaI8PositionEEONSt16remove_referenceIT_E4typeEOS4_
FN:99,_ZSt4moveIRSaI4MoveEEONSt16remove_referenceIT_E4typeEOS4_
FNDA:0,_ZSt4moveIRSaI4MoveEEONSt16remove_referenceIT_E4typeEOS4_
FN:99,_ZSt4moveIRNSt12_Vector_baseI8PositionSaIS1_EE12_Vector_implEEONSt16remove_referenceIT_E4typeEOS7_
FNDA:0,_ZSt4moveIRNSt12_Vector_baseI8PositionSaIS1_EE12_Vector_implEEONSt16remove_referenceIT_E4typeEOS7_
DA:47,0
DA:48,0
DA:47,0
DA:48,0
DA:74,0
DA:75,0
DA:74,0
DA:75,0
DA:74,0
DA:75,0
DA:74,0
DA:75,0
DA:74,0
DA:75,0
DA:74,0
DA:75,0
DA:74,0
DA:75,0
DA:99,0
DA:100,0
DA:99,0
DA:100,0
DA:99,0
DA:100,0
DA:99,0
DA:100,0
DA:99,0
DA:100,0
DA:99,0
DA:100,0
DA:99,0
DA:100,0
DA:99,0
DA:100,0
DA:99,0
DA:100,0
end_of_record
SF:/usr/include/c++/9/bits/stl_iterator.h
FN:806,_ZN9__gnu_cxx17__normal_iteratorIPK8PositionSt6vectorIS1_SaIS1_EEEC2ERKS3_
FNDA:0,_ZN9__gnu_cxx17__normal_iteratorIPK8PositionSt6vectorIS1_SaIS1_EEEC2ERKS3_
FN:806,_ZN9__gnu_cxx17__normal_iteratorIPK4MoveSt6vectorIS1_SaIS1_EEEC2ERKS3_
FNDA:0,_ZN9__gnu_cxx17__normal_iteratorIPK4MoveSt6vectorIS1_SaIS1_EEEC2ERKS3_
FN:806,_ZN9__gnu_cxx17__normal_iteratorIP8PositionSt6vectorIS1_SaIS1_EEEC2ERKS2_
FNDA:0,_ZN9__gnu_cxx17__normal_iteratorIP8PositionSt6vectorIS1_SaIS1_EEEC2ERKS2_
FN:806,_ZN9__gnu_cxx17__normal_iteratorIP4MoveSt6vectorIS1_SaIS1_EEEC2ERKS2_
FNDA:0,_ZN9__gnu_cxx17__normal_iteratorIP4MoveSt6vectorIS1_SaIS1_EEEC2ERKS2_
FN:819,_ZNK9__gnu_cxx17__normal_iteratorIP4MoveSt6vectorIS1_SaIS1_EEEdeEv
FNDA:0,_ZNK9__gnu_cxx17__normal_iteratorIP4MoveSt6vectorIS1_SaIS1_EEEdeEv
FN:819,_ZNK9__gnu_cxx17__normal_iteratorIPK8PositionSt6vectorIS1_SaIS1_EEEdeEv
FNDA:0,_ZNK9__gnu_cxx17__normal_iteratorIPK8PositionSt6vectorIS1_SaIS1_EEEdeEv
FN:819,_ZNK9__gnu_cxx17__normal_iteratorIPK4MoveSt6vectorIS1_SaIS1_EEEdeEv
FNDA:0,_ZNK9__gnu_cxx17__normal_iteratorIPK4MoveSt6vectorIS1_SaIS1_EEEdeEv
FN:827,_ZN9__gnu_cxx17__normal_iteratorIPK4MoveSt6vectorIS1_SaIS1_EEEppEv
FNDA:0,_ZN9__gnu_cxx17__normal_iteratorIPK4MoveSt6vectorIS1_SaIS1_EEEppEv
FN:827,_ZN9__gnu_cxx17__normal_iteratorIPK8PositionSt6vectorIS1_SaIS1_EEEppEv
FNDA:0,_ZN9__gnu_cxx17__normal_iteratorIPK8PositionSt6vectorIS1_SaIS1_EEEppEv
FN:827,_ZN9__gnu_cxx17__normal_iteratorIP4MoveSt6vectorIS1_SaIS1_EEEppEv
FNDA:0,_ZN9__gnu_cxx17__normal_iteratorIP4MoveSt6vectorIS1_SaIS1_EEEppEv
FN:859,_ZNK9__gnu_cxx17__normal_iteratorIP8PositionSt6vectorIS1_SaIS1_EEEplEl
FNDA:0,_ZNK9__gnu_cxx17__normal_iteratorIP8PositionSt6vectorIS1_SaIS1_EEEplEl
FN:859,_ZNK9__gnu_cxx17__normal_iteratorIP4MoveSt6vectorIS1_SaIS1_EEEplEl
FNDA:0,_ZNK9__gnu_cxx17__normal_iteratorIP4MoveSt6vectorIS1_SaIS1_EEEplEl
FN:871,_ZNK9__gnu_cxx17__normal_iteratorIPK4MoveSt6vectorIS1_SaIS1_EEE4baseEv
FNDA:0,_ZNK9__gnu_cxx17__normal_iteratorIPK4MoveSt6vectorIS1_SaIS1_EEE4baseEv
FN:871,_ZNK9__gnu_cxx17__normal_iteratorIP8PositionSt6vectorIS1_SaIS1_EEE4baseEv
FNDA:0,_ZNK9__gnu_cxx17__normal_iteratorIP8PositionSt6vectorIS1_SaIS1_EEE4baseEv
FN:871,_ZNK9__gnu_cxx17__normal_iteratorIPK8PositionSt6vectorIS1_SaIS1_EEE4baseEv
FNDA:0,_ZNK9__gnu_cxx17__normal_iteratorIPK8PositionSt6vectorIS1_SaIS1_EEE4baseEv
FN:871,_ZNK9__gnu_cxx17__normal_iteratorIP4MoveSt6vectorIS1_SaIS1_EEE4baseEv
FNDA:0,_ZNK9__gnu_cxx17__normal_iteratorIP4MoveSt6vectorIS1_SaIS1_EEE4baseEv
FN:907,_ZN9__gnu_cxxneIPK8PositionSt6vectorIS1_SaIS1_EEEEbRKNS_17__normal_iteratorIT_T0_EESC_
FNDA:0,_ZN9__gnu_cxxneIPK8PositionSt6vectorIS1_SaIS1_EEEEbRKNS_17__normal_iteratorIT_T0_EESC_
FN:907,_ZN9__gnu_cxxneIPK4MoveSt6vectorIS1_SaIS1_EEEEbRKNS_17__normal_iteratorIT_T0_EESC_
FNDA:0,_ZN9__gnu_cxxneIPK4MoveSt6vectorIS1_SaIS1_EEEEbRKNS_17__normal_iteratorIT_T0_EESC_
FN:907,_ZN9__gnu_cxxneIP4MoveSt6vectorIS1_SaIS1_EEEEbRKNS_17__normal_iteratorIT_T0_EESB_
FNDA:0,_ZN9__gnu_cxxneIP4MoveSt6vectorIS1_SaIS1_EEEEbRKNS_17__normal_iteratorIT_T0_EESB_
FN:989,_ZN9__gnu_cxxmiIP4MoveSt6vectorIS1_SaIS1_EEEENS_17__normal_iteratorIT_T0_E15difference_typeERKS9_SC_
FNDA:0,_ZN9__gnu_cxxmiIP4MoveSt6vectorIS1_SaIS1_EEEENS_17__normal_iteratorIT_T0_E15difference_typeERKS9_SC_
FN:1010,_ZSt12__niter_baseIP4MoveSt6vectorIS0_SaIS0_EEET_N9__gnu_cxx17__normal_iteratorIS5_T0_EE
FNDA:0,_ZSt12__niter_baseIP4MoveSt6vectorIS0_SaIS0_EEET_N9__gnu_cxx17__normal_iteratorIS5_T0_EE
FN:1010,_ZSt12__niter_baseIPK4MoveSt6vectorIS0_SaIS0_EEET_N9__gnu_cxx17__normal_iteratorIS6_T0_EE
FNDA:0,_ZSt12__niter_baseIPK4MoveSt6vectorIS0_SaIS0_EEET_N9__gnu_cxx17__normal_iteratorIS6_T0_EE
FN:1010,_ZSt12__niter_baseIP8PositionSt6vectorIS0_SaIS0_EEET_N9__gnu_cxx17__normal_iteratorIS5_T0_EE
FNDA:0,_ZSt12__niter_baseIP8PositionSt6vectorIS0_SaIS0_EEET_N9__gnu_cxx17__normal_iteratorIS5_T0_EE
FN:1010,_ZSt12__niter_baseIPK8PositionSt6vectorIS0_SaIS0_EEET_N9__gnu_cxx17__normal_iteratorIS6_T0_EE
FNDA:0,_ZSt12__niter_baseIPK8PositionSt6vectorIS0_SaIS0_EEET_N9__gnu_cxx17__normal_iteratorIS6_T0_EE
FN:1057,_ZNSt13move_iteratorIP4MoveEC2ES1_
FNDA:0,_ZNSt13move_iteratorIP4MoveEC2ES1_
FN:1066,_ZNKSt13move_iteratorIP4MoveE4baseEv
FNDA:0,_ZNKSt13move_iteratorIP4MoveE4baseEv
FN:1070,_ZNKSt13move_iteratorIP4MoveEdeEv
FNDA:0,_ZNKSt13move_iteratorIP4MoveEdeEv
FN:1078,_ZNSt13move_iteratorIP4MoveEppEv
FNDA:0,_ZNSt13move_iteratorIP4MoveEppEv
FN:1145,_ZSteqIP4MoveEbRKSt13move_iteratorIT_ES6_
FNDA:0,_ZSteqIP4MoveEbRKSt13move_iteratorIT_ES6_
FN:1157,_ZStneIP4MoveEbRKSt13move_iteratorIT_ES6_
FNDA:0,_ZStneIP4MoveEbRKSt13move_iteratorIT_ES6_
FN:1242,_ZSt32__make_move_if_noexcept_iteratorI4MoveSt13move_iteratorIPS0_EET0_PT_
FNDA:0,_ZSt32__make_move_if_noexcept_iteratorI4MoveSt13move_iteratorIPS0_EET0_PT_
DA:806,0
DA:807,0
DA:806,0
DA:807,0
DA:806,0
DA:807,0
DA:806,0
DA:807,0
DA:819,0
DA:820,0
DA:819,0
DA:820,0
DA:819,0
DA:820,0
DA:827,0
DA:829,0
DA:830,0
DA:827,0
DA:829,0
DA:830,0
DA:827,0
DA:829,0
DA:830,0
DA:859,0
DA:860,0
DA:859,0
DA:860,0
DA:871,0
DA:872,0
DA:871,0
DA:872,0
DA:871,0
DA:872,0
DA:871,0
DA:872,0
DA:907,0
DA:910,0
DA:907,0
DA:910,0
DA:907,0
DA:910,0
DA:989,0
DA:992,0
DA:1010,0
DA:1012,0
DA:1010,0
DA:1012,0
DA:1010,0
DA:1012,0
DA:1010,0
DA:1012,0
DA:1057,0
DA:1058,0
DA:1066,0
DA:1067,0
DA:1070,0
DA:1071,0
DA:1078,0
DA:1080,0
DA:1081,0
DA:1145,0
DA:1147,0
DA:1157,0
DA:1159,0
DA:1242,0
DA:1243,0
end_of_record
SF:/usr/include/c++/9/bits/stl_tree.h
FN:112,_ZNSt18_Rb_tree_node_base10_S_minimumEPS_
FNDA:0,_ZNSt18_Rb_tree_node_base10_S_minimumEPS_
FN:126,_ZNSt18_Rb_tree_node_base10_S_maximumEPS_
FNDA:0,_ZNSt18_Rb_tree_node_base10_S_maximumEPS_
FN:152,_ZNSt20_Rb_tree_key_compareISt4lessI9PieceNameEEC2ERKS2_
FNDA:0,_ZNSt20_Rb_tree_key_compareISt4lessI9PieceNameEEC2ERKS2_
FN:152,_ZNSt20_Rb_tree_key_compareISt4lessINSt7__cxx1112basic_stringIcSt11char_traitsIcESaIcEEEEEC2ERKS7_
FNDA:0,_ZNSt20_Rb_tree_key_compareISt4lessINSt7__cxx1112basic_stringIcSt11char_traitsIcESaIcEEEEEC2ERKS7_
FN:173,_ZNSt15_Rb_tree_headerC2Ev
FNDA:0,_ZNSt15_Rb_tree_headerC2Ev
FN:206,_ZNSt15_Rb_tree_header8_M_resetEv
FNDA:0,_ZNSt15_Rb_tree_header8_M_resetEv
FN:234,_ZNSt13_Rb_tree_nodeISt4pairIK9PieceNamecEE9_M_valptrEv
FNDA:0,_ZNSt13_Rb_tree_nodeISt4pairIK9PieceNamecEE9_M_valptrEv
FN:234,_ZNSt13_Rb_tree_nodeISt4pairIKNSt7__cxx1112basic_stringIcSt11char_traitsIcESaIcEEE8PositionEE9_M_valptrEv
FNDA:0,_ZNSt13_Rb_tree_nodeISt4pairIKNSt7__cxx1112basic_stringIcSt11char_traitsIcESaIcEEE8PositionEE9_M_valptrEv
FN:238,_ZNKSt13_Rb_tree_nodeISt4pairIKNSt7__cxx1112basic_stringIcSt11char_traitsIcESaIcEEE8PositionEE9_M_valptrEv
FNDA:0,_ZNKSt13_Rb_tree_nodeISt4pairIKNSt7__cxx1112basic_stringIcSt11char_traitsIcESaIcEEE8PositionEE9_M_valptrEv
FN:238,_ZNKSt13_Rb_tree_nodeISt4pairIK9PieceNamecEE9_M_valptrEv
FNDA:0,_ZNKSt13_Rb_tree_nodeISt4pairIK9PieceNamecEE9_M_valptrEv
FN:538,_ZNSt8_Rb_treeI9PieceNameSt4pairIKS0_cESt10_Select1stIS3_ESt4lessIS0_ESaIS3_EE11_Alloc_nodeC2ERS9_
FNDA:0,_ZNSt8_Rb_treeI9PieceNameSt4pairIKS0_cESt10_Select1stIS3_ESt4lessIS0_ESaIS3_EE11_Alloc_nodeC2ERS9_
FN:538,_ZNSt8_Rb_treeINSt7__cxx1112basic_stringIcSt11char_traitsIcESaIcEEESt4pairIKS5_8PositionESt10_Select1stIS9_ESt4lessIS5_ESaIS9_EE11_Alloc_nodeC2ERSF_
FNDA:0,_ZNSt8_Rb_treeINSt7__cxx1112basic_stringIcSt11char_traitsIcESaIcEEESt4pairIKS5_8PositionESt10_Select1stIS9_ESt4lessIS5_ESaIS9_EE11_Alloc_nodeC2ERSF_
FN:546,_ZNKSt8_Rb_treeINSt7__cxx1112basic_stringIcSt11char_traitsIcESaIcEEESt4pairIKS5_8PositionESt10_Select1stIS9_ESt4lessIS5_ESaIS9_EE11_Alloc_nodeclIRKS9_EEPSt13_Rb_tree_nodeIS9_EOT_
FNDA:0,_ZNKSt8_Rb_treeINSt7__cxx1112basic_stringIcSt11char_traitsIcESaIcEEESt4pairIKS5_8PositionESt10_Select1stIS9_ESt4lessIS5_ESaIS9_EE11_Alloc_nodeclIRKS9_EEPSt13_Rb_tree_nodeIS9_EOT_
FN:546,_ZNKSt8_Rb_treeI9PieceNameSt4pairIKS0_cESt10_Select1stIS3_ESt4lessIS0_ESaIS3_EE11_Alloc_nodeclIRKS3_EEPSt13_Rb_tree_nodeIS3_EOT_
FNDA:0,_ZNKSt8_Rb_treeI9PieceNameSt4pairIKS0_cESt10_Select1stIS3_ESt4lessIS0_ESaIS3_EE11_Alloc_nodeclIRKS3_EEPSt13_Rb_tree_nodeIS3_EOT_
FN:566,_ZNSt8_Rb_treeINSt7__cxx1112basic_stringIcSt11char_traitsIcESaIcEEESt4pairIKS5_8PositionESt10_Select1stIS9_ESt4lessIS5_ESaIS9_EE21_M_get_Node_allocatorEv
FNDA:0,_ZNSt8_Rb_treeINSt7__cxx1112basic_stringIcSt11char_traitsIcESaIcEEESt4pairIKS5_8PositionESt10_Select1stIS9_ESt4lessIS5_ESaIS9_EE21_M_get_Node_allocatorEv
FN:566,_ZNSt8_Rb_treeI9PieceNameSt4pairIKS0_cESt10_Select1stIS3_ESt4lessIS0_ESaIS3_EE21_M_get_Node_allocatorEv
FNDA:0,_ZNSt8_Rb_treeI9PieceNameSt4pairIKS0_cESt10_Select1stIS3_ESt4lessIS0_ESaIS3_EE21_M_get_Node_allocatorEv
FN:579,_ZNSt8_Rb_treeINSt7__cxx1112basic_stringIcSt11char_traitsIcESaIcEEESt4pairIKS5_8PositionESt10_Select1stIS9_ESt4lessIS5_ESaIS9_EE11_M_get_nodeEv
FNDA:0,_ZNSt8_Rb_treeINSt7__cxx1112basic_stringIcSt11char_traitsIcESaIcEEESt4pairIKS5_8PositionESt10_Select1stIS9_ESt4lessIS5_ESaIS9_EE11_M_get_nodeEv
FN:579,_ZNSt8_Rb_treeI9PieceNameSt4pairIKS0_cESt10_Select1stIS3_ESt4lessIS0_ESaIS3_EE11_M_get_nodeEv
FNDA:0,_ZNSt8_Rb_treeI9PieceNameSt4pairIKS0_cESt10_Select1stIS3_ESt4lessIS0_ESaIS3_EE11_M_get_nodeEv
FN:583,_ZNSt8_Rb_treeI9PieceNameSt4pairIKS0_cESt10_Select1stIS3_ESt4lessIS0_ESaIS3_EE11_M_put_nodeEPSt13_Rb_tree_nodeIS3_E
FNDA:0,_ZNSt8_Rb_treeI9PieceNameSt4pairIKS0_cESt10_Select1stIS3_ESt4lessIS0_ESaIS3_EE11_M_put_nodeEPSt13_Rb_tree_nodeIS3_E
FN:583,_ZNSt8_Rb_treeINSt7__cxx1112basic_stringIcSt11char_traitsIcESaIcEEESt4pairIKS5_8PositionESt10_Select1stIS9_ESt4lessIS5_ESaIS9_EE11_M_put_nodeEPSt13_Rb_tree_nodeIS9_E
FNDA:0,_ZNSt8_Rb_treeINSt7__cxx1112basic_stringIcSt11char_traitsIcESaIcEEESt4pairIKS5_8PositionESt10_Select1stIS9_ESt4lessIS5_ESaIS9_EE11_M_put_nodeEPSt13_Rb_tree_nodeIS9_E
FN:609,_ZNSt8_Rb_treeINSt7__cxx1112basic_stringIcSt11char_traitsIcESaIcEEESt4pairIKS5_8PositionESt10_Select1stIS9_ESt4lessIS5_ESaIS9_EE17_M_construct_nodeIJRKS9_EEEvPSt13_Rb_tree_nodeIS9_EDpOT_
FNDA:0,_ZNSt8_Rb_treeINSt7__cxx1112basic_stringIcSt11char_traitsIcESaIcEEESt4pairIKS5_8PositionESt10_Select1stIS9_ESt4lessIS5_ESaIS9_EE17_M_construct_nodeIJRKS9_EEEvPSt13_Rb_tree_nodeIS9_EDpOT_
FN:609,_ZNSt8_Rb_treeI9PieceNameSt4pairIKS0_cESt10_Select1stIS3_ESt4lessIS0_ESaIS3_EE17_M_construct_nodeIJRKS3_EEEvPSt13_Rb_tree_nodeIS3_EDpOT_
FNDA:0,_ZNSt8_Rb_treeI9PieceNameSt4pairIKS0_cESt10_Select1stIS3_ESt4lessIS0_ESaIS3_EE17_M_construct_nodeIJRKS3_EEEvPSt13_Rb_tree_nodeIS3_EDpOT_
FN:628,_ZNSt8_Rb_treeINSt7__cxx1112basic_stringIcSt11char_traitsIcESaIcEEESt4pairIKS5_8PositionESt10_Select1stIS9_ESt4lessIS5_ESaIS9_EE14_M_create_nodeIJRKS9_EEEPSt13_Rb_tree_nodeIS9_EDpOT_
FNDA:0,_ZNSt8_Rb_treeINSt7__cxx1112basic_stringIcSt11char_traitsIcESaIcEEESt4pairIKS5_8PositionESt10_Select1stIS9_ESt4lessIS5_ESaIS9_EE14_M_create_nodeIJRKS9_EEEPSt13_Rb_tree_nodeIS9_EDpOT_
FN:628,_ZNSt8_Rb_treeI9PieceNameSt4pairIKS0_cESt10_Select1stIS3_ESt4lessIS0_ESaIS3_EE14_M_create_nodeIJRKS3_EEEPSt13_Rb_tree_nodeIS3_EDpOT_
FNDA:0,_ZNSt8_Rb_treeI9PieceNameSt4pairIKS0_cESt10_Select1stIS3_ESt4lessIS0_ESaIS3_EE14_M_create_nodeIJRKS3_EEEPSt13_Rb_tree_nodeIS3_EDpOT_
FN:637,_ZNSt8_Rb_treeI9PieceNameSt4pairIKS0_cESt10_Select1stIS3_ESt4lessIS0_ESaIS3_EE15_M_destroy_nodeEPSt13_Rb_tree_nodeIS3_E
FNDA:0,_ZNSt8_Rb_treeI9PieceNameSt4pairIKS0_cESt10_Select1stIS3_ESt4lessIS0_ESaIS3_EE15_M_destroy_nodeEPSt13_Rb_tree_nodeIS3_E
FN:637,_ZNSt8_Rb_treeINSt7__cxx1112basic_stringIcSt11char_traitsIcESaIcEEESt4pairIKS5_8PositionESt10_Select1stIS9_ESt4lessIS5_ESaIS9_EE15_M_destroy_nodeEPSt13_Rb_tree_nodeIS9_E
FNDA:0,_ZNSt8_Rb_treeINSt7__cxx1112basic_stringIcSt11char_traitsIcESaIcEEESt4pairIKS5_8PositionESt10_Select1stIS9_ESt4lessIS5_ESaIS9_EE15_M_destroy_nodeEPSt13_Rb_tree_nodeIS9_E
FN:648,_ZNSt8_Rb_treeI9PieceNameSt4pairIKS0_cESt10_Select1stIS3_ESt4lessIS0_ESaIS3_EE12_M_drop_nodeEPSt13_Rb_tree_nodeIS3_E
FNDA:0,_ZNSt8_Rb_treeI9PieceNameSt4pairIKS0_cESt10_Select1stIS3_ESt4lessIS0_ESaIS3_EE12_M_drop_nodeEPSt13_Rb_tree_nodeIS3_E
FN:648,_ZNSt8_Rb_treeINSt7__cxx1112basic_stringIcSt11char_traitsIcESaIcEEESt4pairIKS5_8PositionESt10_Select1stIS9_ESt4lessIS5_ESaIS9_EE12_M_drop_nodeEPSt13_Rb_tree_nodeIS9_E
FNDA:0,_ZNSt8_Rb_treeINSt7__cxx1112basic_stringIcSt11char_traitsIcESaIcEEESt4pairIKS5_8PositionESt10_Select1stIS9_ESt4lessIS5_ESaIS9_EE12_M_drop_nodeEPSt13_Rb_tree_nodeIS9_E
FN:656,_ZNSt8_Rb_treeINSt7__cxx1112basic_stringIcSt11char_traitsIcESaIcEEESt4pairIKS5_8PositionESt10_Select1stIS9_ESt4lessIS5_ESaIS9_EE13_M_clone_nodeINSF_11_Alloc_nodeEEEPSt13_Rb_tree_nodeIS9_EPKSJ_RT_
FNDA:0,_ZNSt8_Rb_treeINSt7__cxx1112basic_stringIcSt11char_traitsIcESaIcEEESt4pairIKS5_8PositionESt10_Select1stIS9_ESt4lessIS5_ESaIS9_EE13_M_clone_nodeINSF_11_Alloc_nodeEEEPSt13_Rb_tree_nodeIS9_EPKSJ_RT_
FN:656,_ZNSt8_Rb_treeI9PieceNameSt4pairIKS0_cESt10_Select1stIS3_ESt4lessIS0_ESaIS3_EE13_M_clone_nodeINS9_11_Alloc_nodeEEEPSt13_Rb_tree_nodeIS3_EPKSD_RT_
FNDA:0,_ZNSt8_Rb_treeI9PieceNameSt4pairIKS0_cESt10_Select1stIS3_ESt4lessIS0_ESaIS3_EE13_M_clone_nodeINS9_11_Alloc_nodeEEEPSt13_Rb_tree_nodeIS3_EPKSD_RT_
FN:687,_ZNSt8_Rb_treeI9PieceNameSt4pairIKS0_cESt10_Select1stIS3_ESt4lessIS0_ESaIS3_EE13_Rb_tree_implIS7_Lb1EEC2ERKSB_
FNDA:0,_ZNSt8_Rb_treeI9PieceNameSt4pairIKS0_cESt10_Select1stIS3_ESt4lessIS0_ESaIS3_EE13_Rb_tree_implIS7_Lb1EEC2ERKSB_
FN:687,_ZNSt8_Rb_treeINSt7__cxx1112basic_stringIcSt11char_traitsIcESaIcEEESt4pairIKS5_8PositionESt10_Select1stIS9_ESt4lessIS5_ESaIS9_EE13_Rb_tree_implISD_Lb1EEC2ERKSH_
FNDA:0,_ZNSt8_Rb_treeINSt7__cxx1112basic_stringIcSt11char_traitsIcESaIcEEESt4pairIKS5_8PositionESt10_Select1stIS9_ESt4lessIS5_ESaIS9_EE13_Rb_tree_implISD_Lb1EEC2ERKSH_
FN:720,_ZNSt8_Rb_treeINSt7__cxx1112basic_stringIcSt11char_traitsIcESaIcEEESt4pairIKS5_8PositionESt10_Select1stIS9_ESt4lessIS5_ESaIS9_EE7_M_rootEv
FNDA:0,_ZNSt8_Rb_treeINSt7__cxx1112basic_stringIcSt11char_traitsIcESaIcEEESt4pairIKS5_8PositionESt10_Select1stIS9_ESt4lessIS5_ESaIS9_EE7_M_rootEv
FN:720,_ZNSt8_Rb_treeI9PieceNameSt4pairIKS0_cESt10_Select1stIS3_ESt4lessIS0_ESaIS3_EE7_M_rootEv
FNDA:0,_ZNSt8_Rb_treeI9PieceNameSt4pairIKS0_cESt10_Select1stIS3_ESt4lessIS0_ESaIS3_EE7_M_rootEv
FN:724,_ZNKSt8_Rb_treeINSt7__cxx1112basic_stringIcSt11char_traitsIcESaIcEEESt4pairIKS5_8PositionESt10_Select1stIS9_ESt4lessIS5_ESaIS9_EE7_M_rootEv
FNDA:0,_ZNKSt8_Rb_treeINSt7__cxx1112basic_stringIcSt11char_traitsIcESaIcEEESt4pairIKS5_8PositionESt10_Select1stIS9_ESt4lessIS5_ESaIS9_EE7_M_rootEv
FN:724,_ZNKSt8_Rb_treeI9PieceNameSt4pairIKS0_cESt10_Select1stIS3_ESt4lessIS0_ESaIS3_EE7_M_rootEv
FNDA:0,_ZNKSt8_Rb_treeI9PieceNameSt4pairIKS0_cESt10_Select1stIS3_ESt4lessIS0_ESaIS3_EE7_M_rootEv
FN:728,_ZNSt8_Rb_treeINSt7__cxx1112basic_stringIcSt11char_traitsIcESaIcEEESt4pairIKS5_8PositionESt10_Select1stIS9_ESt4lessIS5_ESaIS9_EE11_M_leftmostEv
FNDA:0,_ZNSt8_Rb_treeINSt7__cxx1112basic_stringIcSt11char_traitsIcESaIcEEESt4pairIKS5_8PositionESt10_Select1stIS9_ESt4lessIS5_ESaIS9_EE11_M_leftmostEv
FN:728,_ZNSt8_Rb_treeI9PieceNameSt4pairIKS0_cESt10_Select1stIS3_ESt4lessIS0_ESaIS3_EE11_M_leftmostEv
FNDA:0,_ZNSt8_Rb_treeI9PieceNameSt4pairIKS0_cESt10_Select1stIS3_ESt4lessIS0_ESaIS3_EE11_M_leftmostEv
FN:736,_ZNSt8_Rb_treeINSt7__cxx1112basic_stringIcSt11char_traitsIcESaIcEEESt4pairIKS5_8PositionESt10_Select1stIS9_ESt4lessIS5_ESaIS9_EE12_M_rightmostEv
FNDA:0,_ZNSt8_Rb_treeINSt7__cxx1112basic_stringIcSt11char_traitsIcESaIcEEESt4pairIKS5_8PositionESt10_Select1stIS9_ESt4lessIS5_ESaIS9_EE12_M_rightmostEv
FN:736,_ZNSt8_Rb_treeI9PieceNameSt4pairIKS0_cESt10_Select1stIS3_ESt4lessIS0_ESaIS3_EE12_M_rightmostEv
FNDA:0,_ZNSt8_Rb_treeI9PieceNameSt4pairIKS0_cESt10_Select1stIS3_ESt4lessIS0_ESaIS3_EE12_M_rightmostEv
FN:744,_ZNSt8_Rb_treeI9PieceNameSt4pairIKS0_cESt10_Select1stIS3_ESt4lessIS0_ESaIS3_EE8_M_beginEv
FNDA:0,_ZNSt8_Rb_treeI9PieceNameSt4pairIKS0_cESt10_Select1stIS3_ESt4lessIS0_ESaIS3_EE8_M_beginEv
FN:744,_ZNSt8_Rb_treeINSt7__cxx1112basic_stringIcSt11char_traitsIcESaIcEEESt4pairIKS5_8PositionESt10_Select1stIS9_ESt4lessIS5_ESaIS9_EE8_M_beginEv
FNDA:0,_ZNSt8_Rb_treeINSt7__cxx1112basic_stringIcSt11char_traitsIcESaIcEEESt4pairIKS5_8PositionESt10_Select1stIS9_ESt4lessIS5_ESaIS9_EE8_M_beginEv
FN:748,_ZNKSt8_Rb_treeINSt7__cxx1112basic_stringIcSt11char_traitsIcESaIcEEESt4pairIKS5_8PositionESt10_Select1stIS9_ESt4lessIS5_ESaIS9_EE8_M_beginEv
FNDA:0,_ZNKSt8_Rb_treeINSt7__cxx1112basic_stringIcSt11char_traitsIcESaIcEEESt4pairIKS5_8PositionESt10_Select1stIS9_ESt4lessIS5_ESaIS9_EE8_M_beginEv
FN:748,_ZNKSt8_Rb_treeI9PieceNameSt4pairIKS0_cESt10_Select1stIS3_ESt4lessIS0_ESaIS3_EE8_M_beginEv
FNDA:0,_ZNKSt8_Rb_treeI9PieceNameSt4pairIKS0_cESt10_Select1stIS3_ESt4lessIS0_ESaIS3_EE8_M_beginEv
FN:755,_ZNSt8_Rb_treeINSt7__cxx1112basic_stringIcSt11char_traitsIcESaIcEEESt4pairIKS5_8PositionESt10_Select1stIS9_ESt4lessIS5_ESaIS9_EE6_M_endEv
FNDA:0,_ZNSt8_Rb_treeINSt7__cxx1112basic_stringIcSt11char_traitsIcESaIcEEESt4pairIKS5_8PositionESt10_Select1stIS9_ESt4lessIS5_ESaIS9_EE6_M_endEv
FN:755,_ZNSt8_Rb_treeI9PieceNameSt4pairIKS0_cESt10_Select1stIS3_ESt4lessIS0_ESaIS3_EE6_M_endEv
FNDA:0,_ZNSt8_Rb_treeI9PieceNameSt4pairIKS0_cESt10_Select1stIS3_ESt4lessIS0_ESaIS3_EE6_M_endEv
FN:789,_ZNSt8_Rb_treeI9PieceNameSt4pairIKS0_cESt10_Select1stIS3_ESt4lessIS0_ESaIS3_EE7_S_leftEPSt18_Rb_tree_node_base
FNDA:0,_ZNSt8_Rb_treeI9PieceNameSt4pairIKS0_cESt10_Select1stIS3_ESt4lessIS0_ESaIS3_EE7_S_leftEPSt18_Rb_tree_node_base
FN:789,_ZNSt8_Rb_treeINSt7__cxx1112basic_stringIcSt11char_traitsIcESaIcEEESt4pairIKS5_8PositionESt10_Select1stIS9_ESt4lessIS5_ESaIS9_EE7_S_leftEPSt18_Rb_tree_node_base
FNDA:0,_ZNSt8_Rb_treeINSt7__cxx1112basic_stringIcSt11char_traitsIcESaIcEEESt4pairIKS5_8PositionESt10_Select1stIS9_ESt4lessIS5_ESaIS9_EE7_S_leftEPSt18_Rb_tree_node_base
FN:793,_ZNSt8_Rb_treeI9PieceNameSt4pairIKS0_cESt10_Select1stIS3_ESt4lessIS0_ESaIS3_EE7_S_leftEPKSt18_Rb_tree_node_base
FNDA:0,_ZNSt8_Rb_treeI9PieceNameSt4pairIKS0_cESt10_Select1stIS3_ESt4lessIS0_ESaIS3_EE7_S_leftEPKSt18_Rb_tree_node_base
FN:793,_ZNSt8_Rb_treeINSt7__cxx1112basic_stringIcSt11char_traitsIcESaIcEEESt4pairIKS5_8PositionESt10_Select1stIS9_ESt4lessIS5_ESaIS9_EE7_S_leftEPKSt18_Rb_tree_node_base
FNDA:0,_ZNSt8_Rb_treeINSt7__cxx1112basic_stringIcSt11char_traitsIcESaIcEEESt4pairIKS5_8PositionESt10_Select1stIS9_ESt4lessIS5_ESaIS9_EE7_S_leftEPKSt18_Rb_tree_node_base
FN:797,_ZNSt8_Rb_treeI9PieceNameSt4pairIKS0_cESt10_Select1stIS3_ESt4lessIS0_ESaIS3_EE8_S_rightEPSt18_Rb_tree_node_base
FNDA:0,_ZNSt8_Rb_treeI9PieceNameSt4pairIKS0_cESt10_Select1stIS3_ESt4lessIS0_ESaIS3_EE8_S_rightEPSt18_Rb_tree_node_base
FN:797,_ZNSt8_Rb_treeINSt7__cxx1112basic_stringIcSt11char_traitsIcESaIcEEESt4pairIKS5_8PositionESt10_Select1stIS9_ESt4lessIS5_ESaIS9_EE8_S_rightEPSt18_Rb_tree_node_base
FNDA:0,_ZNSt8_Rb_treeINSt7__cxx1112basic_stringIcSt11char_traitsIcESaIcEEESt4pairIKS5_8PositionESt10_Select1stIS9_ESt4lessIS5_ESaIS9_EE8_S_rightEPSt18_Rb_tree_node_base
FN:801,_ZNSt8_Rb_treeINSt7__cxx1112basic_stringIcSt11char_traitsIcESaIcEEESt4pairIKS5_8PositionESt10_Select1stIS9_ESt4lessIS5_ESaIS9_EE8_S_rightEPKSt18_Rb_tree_node_base
FNDA:0,_ZNSt8_Rb_treeINSt7__cxx1112basic_stringIcSt11char_traitsIcESaIcEEESt4pairIKS5_8PositionESt10_Select1stIS9_ESt4lessIS5_ESaIS9_EE8_S_rightEPKSt18_Rb_tree_node_base
FN:801,_ZNSt8_Rb_treeI9PieceNameSt4pairIKS0_cESt10_Select1stIS3_ESt4lessIS0_ESaIS3_EE8_S_rightEPKSt18_Rb_tree_node_base
FNDA:0,_ZNSt8_Rb_treeI9PieceNameSt4pairIKS0_cESt10_Select1stIS3_ESt4lessIS0_ESaIS3_EE8_S_rightEPKSt18_Rb_tree_node_base
FN:813,_ZNSt8_Rb_treeI9PieceNameSt4pairIKS0_cESt10_Select1stIS3_ESt4lessIS0_ESaIS3_EE10_S_minimumEPSt18_Rb_tree_node_base
FNDA:0,_ZNSt8_Rb_treeI9PieceNameSt4pairIKS0_cESt10_Select1stIS3_ESt4lessIS0_ESaIS3_EE10_S_minimumEPSt18_Rb_tree_node_base
FN:813,_ZNSt8_Rb_treeINSt7__cxx1112basic_stringIcSt11char_traitsIcESaIcEEESt4pairIKS5_8PositionESt10_Select1stIS9_ESt4lessIS5_ESaIS9_EE10_S_minimumEPSt18_Rb_tree_node_base
FNDA:0,_ZNSt8_Rb_treeINSt7__cxx1112basic_stringIcSt11char_traitsIcESaIcEEESt4pairIKS5_8PositionESt10_Select1stIS9_ESt4lessIS5_ESaIS9_EE10_S_minimumEPSt18_Rb_tree_node_base
FN:821,_ZNSt8_Rb_treeI9PieceNameSt4pairIKS0_cESt10_Select1stIS3_ESt4lessIS0_ESaIS3_EE10_S_maximumEPSt18_Rb_tree_node_base
FNDA:0,_ZNSt8_Rb_treeI9PieceNameSt4pairIKS0_cESt10_Select1stIS3_ESt4lessIS0_ESaIS3_EE10_S_maximumEPSt18_Rb_tree_node_base
FN:821,_ZNSt8_Rb_treeINSt7__cxx1112basic_stringIcSt11char_traitsIcESaIcEEESt4pairIKS5_8PositionESt10_Select1stIS9_ESt4lessIS5_ESaIS9_EE10_S_maximumEPSt18_Rb_tree_node_base
FNDA:0,_ZNSt8_Rb_treeINSt7__cxx1112basic_stringIcSt11char_traitsIcESaIcEEESt4pairIKS5_8PositionESt10_Select1stIS9_ESt4lessIS5_ESaIS9_EE10_S_maximumEPSt18_Rb_tree_node_base
FN:899,_ZNSt8_Rb_treeI9PieceNameSt4pairIKS0_cESt10_Select1stIS3_ESt4lessIS0_ESaIS3_EE7_M_copyINS9_11_Alloc_nodeEEEPSt13_Rb_tree_nodeIS3_ERKS9_RT_
FNDA:0,_ZNSt8_Rb_treeI9PieceNameSt4pairIKS0_cESt10_Select1stIS3_ESt4lessIS0_ESaIS3_EE7_M_copyINS9_11_Alloc_nodeEEEPSt13_Rb_tree_nodeIS3_ERKS9_RT_
FN:899,_ZNSt8_Rb_treeINSt7__cxx1112basic_stringIcSt11char_traitsIcESaIcEEESt4pairIKS5_8PositionESt10_Select1stIS9_ESt4lessIS5_ESaIS9_EE7_M_copyINSF_11_Alloc_nodeEEEPSt13_Rb_tree_nodeIS9_ERKSF_RT_
FNDA:0,_ZNSt8_Rb_treeINSt7__cxx1112basic_stringIcSt11char_traitsIcESaIcEEESt4pairIKS5_8PositionESt10_Select1stIS9_ESt4lessIS5_ESaIS9_EE7_M_copyINSF_11_Alloc_nodeEEEPSt13_Rb_tree_nodeIS9_ERKSF_RT_
FN:909,_ZNSt8_Rb_treeINSt7__cxx1112basic_stringIcSt11char_traitsIcESaIcEEESt4pairIKS5_8PositionESt10_Select1stIS9_ESt4lessIS5_ESaIS9_EE7_M_copyERKSF_
FNDA:0,_ZNSt8_Rb_treeINSt7__cxx1112basic_stringIcSt11char_traitsIcESaIcEEESt4pairIKS5_8PositionESt10_Select1stIS9_ESt4lessIS5_ESaIS9_EE7_M_copyERKSF_
FN:909,_ZNSt8_Rb_treeI9PieceNameSt4pairIKS0_cESt10_Select1stIS3_ESt4lessIS0_ESaIS3_EE7_M_copyERKS9_
FNDA:0,_ZNSt8_Rb_treeI9PieceNameSt4pairIKS0_cESt10_Select1stIS3_ESt4lessIS0_ESaIS3_EE7_M_copyERKS9_
FN:946,_ZNSt8_Rb_treeI9PieceNameSt4pairIKS0_cESt10_Select1stIS3_ESt4lessIS0_ESaIS3_EEC2ERKS9_
FNDA:0,_ZNSt8_Rb_treeI9PieceNameSt4pairIKS0_cESt10_Select1stIS3_ESt4lessIS0_ESaIS3_EEC2ERKS9_
FN:946,_ZNSt8_Rb_treeINSt7__cxx1112basic_stringIcSt11char_traitsIcESaIcEEESt4pairIKS5_8PositionESt10_Select1stIS9_ESt4lessIS5_ESaIS9_EEC2ERKSF_
FNDA:0,_ZNSt8_Rb_treeINSt7__cxx1112basic_stringIcSt11char_traitsIcESaIcEEESt4pairIKS5_8PositionESt10_Select1stIS9_ESt4lessIS5_ESaIS9_EEC2ERKSF_
FN:994,_ZNSt8_Rb_treeINSt7__cxx1112basic_stringIcSt11char_traitsIcESaIcEEESt4pairIKS5_8PositionESt10_Select1stIS9_ESt4lessIS5_ESaIS9_EED2Ev
FNDA:0,_ZNSt8_Rb_treeINSt7__cxx1112basic_stringIcSt11char_traitsIcESaIcEEESt4pairIKS5_8PositionESt10_Select1stIS9_ESt4lessIS5_ESaIS9_EED2Ev
FN:994,_ZNSt8_Rb_treeI9PieceNameSt4pairIKS0_cESt10_Select1stIS3_ESt4lessIS0_ESaIS3_EED2Ev
FNDA:0,_ZNSt8_Rb_treeI9PieceNameSt4pairIKS0_cESt10_Select1stIS3_ESt4lessIS0_ESaIS3_EED2Ev
FN:1871,_ZNSt8_Rb_treeINSt7__cxx1112basic_stringIcSt11char_traitsIcESaIcEEESt4pairIKS5_8PositionESt10_Select1stIS9_ESt4lessIS5_ESaIS9_EE7_M_copyINSF_11_Alloc_nodeEEEPSt13_Rb_tree_nodeIS9_EPKSJ_PSt18_Rb_tree_node_baseRT_
FNDA:0,_ZNSt8_Rb_treeINSt7__cxx1112basic_stringIcSt11char_traitsIcESaIcEEESt4pairIKS5_8PositionESt10_Select1stIS9_ESt4lessIS5_ESaIS9_EE7_M_copyINSF_11_Alloc_nodeEEEPSt13_Rb_tree_nodeIS9_EPKSJ_PSt18_Rb_tree_node_baseRT_
[...]
FN:1871,_ZNSt8_Rb_treeINSt7__cxx1112basic_stringIcSt11char_traitsIcESaIcEEESt4pairIKS5_8PositionESt10_Select1stIS9_ESt4lessIS5_ESaIS9_EE7_M_copyINSF_11_Alloc_nodeEEEPSt13_Rb_tree_nodeIS9_EPKSJ_PSt18_Rb_tree_node_baseRT_
FNDA:403953,_ZNSt8_Rb_treeINSt7__cxx1112basic_stringIcSt11char_traitsIcESaIcEEESt4pairIKS5_8PositionESt10_Select1stIS9_ESt4lessIS5_ESaIS9_EE7_M_copyINSF_11_Alloc_nodeEEEPSt13_Rb_tree_nodeIS9_EPKSJ_PSt18_Rb_tree_node_baseRT_
FN:1907,_ZNSt8_Rb_treeINSt7__cxx1112basic_stringIcSt11char_traitsIcESaIcEEESt4pairIKS5_8PositionESt10_Select1stIS9_ESt4lessIS5_ESaIS9_EE8_M_eraseEPSt13_Rb_tree_nodeIS9_E
FNDA:796585,_ZNSt8_Rb_treeINSt7__cxx1112basic_stringIcSt11char_traitsIcESaIcEEESt4pairIKS5_8PositionESt10_Select1stIS9_ESt4lessIS5_ESaIS9_EE8_M_eraseEPSt13_Rb_tree_nodeIS9_E
FN:1907,_ZNSt8_Rb_treeI9PieceNameSt4pairIKS0_cESt10_Select1stIS3_ESt4lessIS0_ESaIS3_EE8_M_eraseEPSt13_Rb_tree_nodeIS3_E
FNDA:73932,_ZNSt8_Rb_treeI9PieceNameSt4pairIKS0_cESt10_Select1stIS3_ESt4lessIS0_ESaIS3_EE8_M_eraseEPSt13_Rb_tree_nodeIS3_E
DA:112,85687
DA:114,85687
DA:115,24482
DA:126,159133
DA:128,159133
DA:129,24482
DA:152,12322
DA:154,12322
DA:152,12241
DA:154,12241
DA:173,24587
DA:174,24587
DA:175,24587
DA:176,24587
DA:177,24587
DA:206,24587
DA:208,24587
DA:209,24587
DA:210,24587
DA:211,24587
DA:212,24587
DA:234,1568640
DA:235,1568640
DA:234,130516
DA:235,130516
DA:238,70107
DA:239,70107
DA:238,791773
DA:239,791773
DA:538,13137
DA:539,13137
DA:538,12322
DA:539,12322
DA:546,783424
DA:548,783424
DA:546,61610
DA:548,61610
DA:566,3137280
DA:567,3137280
DA:566,246440
DA:567,246440
DA:579,784320
DA:580,784320
DA:579,61610
DA:580,61610
DA:583,784320
DA:584,784320
DA:583,61610
DA:584,61610
DA:609,783424
DA:613,783424
DA:614,783424
DA:618,0
DA:620,0
DA:621,0
DA:622,0
DA:624,783424
DA:609,61610
DA:613,61610
DA:614,61610
DA:624,61610
DA:628,783424
DA:630,783424
DA:631,783424
DA:632,783424
DA:628,61610
DA:630,61610
DA:631,61610
DA:632,61610
DA:637,784320
DA:642,784320
DA:643,784320
DA:645,784320
DA:637,61610
DA:642,61610
DA:643,61610
DA:645,61610
DA:648,784320
DA:650,784320
DA:651,784320
DA:652,784320
DA:648,61610
DA:650,61610
DA:651,61610
DA:652,61610
DA:656,61205
DA:658,61205
DA:659,61205
DA:660,61205
DA:661,61205
DA:662,61205
DA:656,783424
DA:658,783424
DA:659,783424
DA:660,783424
DA:661,783424
DA:662,783424
DA:687,12241
DA:689,12241
DA:690,12241
DA:687,12241
DA:689,12241
DA:690,12241
DA:720,12241
DA:721,12241
DA:720,12241
DA:721,12241
DA:724,12241
DA:725,12241
DA:724,12241
DA:725,12241
DA:728,12241
DA:729,12241
DA:728,12241
DA:729,12241
DA:736,12727
DA:737,12727
DA:736,12241
DA:737,12241
DA:744,13161
DA:745,13161
DA:744,16213
DA:745,16213
DA:748,12241
DA:751,12241
DA:748,12289
DA:751,12289
DA:755,16942
DA:756,16942
DA:755,14033
DA:756,14033
DA:789,784320
DA:790,784320
DA:789,68886
DA:790,68886
DA:793,61205
DA:794,61205
DA:793,783593
DA:794,783593
DA:797,790522
DA:798,790522
DA:797,62268
DA:798,62268
DA:801,24482
DA:802,24482
DA:801,391830
DA:802,391830
DA:813,12241
DA:814,12241
DA:813,12241
DA:814,12241
DA:821,12241
DA:822,12241
DA:821,12241
DA:822,12241
DA:899,12241
DA:901,12241
DA:902,12241
DA:903,12241
DA:904,12241
DA:905,12241
DA:899,12241
DA:901,12241
DA:902,12241
DA:903,12241
DA:904,12241
DA:905,12241
DA:909,12241
DA:911,12241
DA:912,12241
DA:909,12241
DA:911,12241
DA:912,12241
DA:946,12241
DA:947,12241
DA:949,12241
DA:950,12241
DA:951,12241
DA:946,12241
DA:947,12241
DA:949,12241
DA:950,12241
DA:951,12241
DA:994,12265
DA:995,12265
DA:994,12322
DA:995,12322
DA:1871,36723
DA:1875,36723
DA:1876,36723
DA:1880,36723
DA:1881,24482
DA:1882,36723
DA:1883,36723
DA:1885,61205
DA:1887,24482
DA:1888,24482
DA:1889,24482
DA:1890,24482
DA:1891,0
DA:1892,24482
DA:1893,24482
DA:1896,0
DA:1898,0
DA:1899,0
DA:1901,36723
DA:1871,403953
DA:1875,403953
DA:1876,403953
DA:1880,403953
DA:1881,208097
DA:1882,403953
DA:1883,403953
DA:1885,783424
DA:1887,379471
DA:1888,379471
DA:1889,379471
DA:1890,379471
DA:1891,183615
DA:1892,379471
DA:1893,379471
DA:1896,0
DA:1898,0
DA:1899,0
DA:1901,403953
DA:1907,1580900
DA:1911,1580900
DA:1913,784320
DA:1914,784320
DA:1915,784320
DA:1916,784320
DA:1918,796585
DA:1907,135542
DA:1911,135542
DA:1913,61610
DA:1914,61610
DA:1915,61610
DA:1916,61610
DA:1918,73932
end_of_record
SF:/usr/include/c++/9/bits/stl_vector.h
FN:94,_ZNSt12_Vector_baseI8PositionSaIS0_EE17_Vector_impl_dataC2Ev
FNDA:59920,_ZNSt12_Vector_baseI8PositionSaIS0_EE17_Vector_impl_dataC2Ev
FN:94,_ZNSt12_Vector_baseINSt7__cxx1112basic_stringIcSt11char_traitsIcESaIcEEESaIS5_EE17_Vector_impl_dataC2Ev
FNDA:1,_ZNSt12_Vector_baseINSt7__cxx1112basic_stringIcSt11char_traitsIcESaIcEEESaIS5_EE17_Vector_impl_dataC2Ev
FN:94,_ZNSt12_Vector_baseI4MoveSaIS0_EE17_Vector_impl_dataC2Ev
FNDA:29663,_ZNSt12_Vector_baseI4MoveSaIS0_EE17_Vector_impl_dataC2Ev
FN:106,_ZNSt12_Vector_baseI8PositionSaIS0_EE17_Vector_impl_data12_M_copy_dataERKS3_
FNDA:600,_ZNSt12_Vector_baseI8PositionSaIS0_EE17_Vector_impl_data12_M_copy_dataERKS3_
FN:106,_ZNSt12_Vector_baseI4MoveSaIS0_EE17_Vector_impl_data12_M_copy_dataERKS3_
FNDA:450,_ZNSt12_Vector_baseI4MoveSaIS0_EE17_Vector_impl_data12_M_copy_dataERKS3_
FN:114,_ZNSt12_Vector_baseI4MoveSaIS0_EE17_Vector_impl_data12_M_swap_dataERS3_
FNDA:150,_ZNSt12_Vector_baseI4MoveSaIS0_EE17_Vector_impl_data12_M_swap_dataERS3_
FN:114,_ZNSt12_Vector_baseI8PositionSaIS0_EE17_Vector_impl_data12_M_swap_dataERS3_
FNDA:200,_ZNSt12_Vector_baseI8PositionSaIS0_EE17_Vector_impl_data12_M_swap_dataERS3_
FN:128,_ZNSt12_Vector_baseI4MoveSaIS0_EE12_Vector_implC2Ev
FNDA:14808,_ZNSt12_Vector_baseI4MoveSaIS0_EE12_Vector_implC2Ev
FN:133,_ZNSt12_Vector_baseI8PositionSaIS0_EE12_Vector_implC2ERKS1_
FNDA:35942,_ZNSt12_Vector_baseI8PositionSaIS0_EE12_Vector_implC2ERKS1_
FN:133,_ZNSt12_Vector_baseI4MoveSaIS0_EE12_Vector_implC2ERKS1_
FNDA:14705,_ZNSt12_Vector_baseI4MoveSaIS0_EE12_Vector_implC2ERKS1_
FN:133,_ZNSt12_Vector_baseINSt7__cxx1112basic_stringIcSt11char_traitsIcESaIcEEESaIS5_EE12_Vector_implC2ERKS6_
FNDA:1,_ZNSt12_Vector_baseINSt7__cxx1112basic_stringIcSt11char_traitsIcESaIcEEESaIS5_EE12_Vector_implC2ERKS6_
FN:273,_ZNSt12_Vector_baseISt10shared_ptrI5PieceESaIS2_EE19_M_get_Tp_allocatorEv
FNDA:40918,_ZNSt12_Vector_baseISt10shared_ptrI5PieceESaIS2_EE19_M_get_Tp_allocatorEv
FN:273,_ZNSt12_Vector_baseISt6vectorI4MoveSaIS1_EESaIS3_EE19_M_get_Tp_allocatorEv
FNDA:9002,_ZNSt12_Vector_baseISt6vectorI4MoveSaIS1_EESaIS3_EE19_M_get_Tp_allocatorEv
FN:273,_ZNSt12_Vector_baseI4MoveSaIS0_EE19_M_get_Tp_allocatorEv
FNDA:71448,_ZNSt12_Vector_baseI4MoveSaIS0_EE19_M_get_Tp_allocatorEv
FN:273,_ZNSt12_Vector_baseI8PositionSaIS0_EE19_M_get_Tp_allocatorEv
FNDA:133061,_ZNSt12_Vector_baseI8PositionSaIS0_EE19_M_get_Tp_allocatorEv
FN:273,_ZNSt12_Vector_baseINSt7__cxx1112basic_stringIcSt11char_traitsIcESaIcEEESaIS5_EE19_M_get_Tp_allocatorEv
FNDA:3,_ZNSt12_Vector_baseINSt7__cxx1112basic_stringIcSt11char_traitsIcESaIcEEESaIS5_EE19_M_get_Tp_allocatorEv
FN:277,_ZNKSt12_Vector_baseI8PositionSaIS0_EE19_M_get_Tp_allocatorEv
FNDA:37006,_ZNKSt12_Vector_baseI8PositionSaIS0_EE19_M_get_Tp_allocatorEv
FN:277,_ZNKSt12_Vector_baseI4MoveSaIS0_EE19_M_get_Tp_allocatorEv
FNDA:23574,_ZNKSt12_Vector_baseI4MoveSaIS0_EE19_M_get_Tp_allocatorEv
FN:281,_ZNKSt12_Vector_baseI8PositionSaIS0_EE13get_allocatorEv
FNDA:100,_ZNKSt12_Vector_baseI8PositionSaIS0_EE13get_allocatorEv
FN:281,_ZNKSt12_Vector_baseI4MoveSaIS0_EE13get_allocatorEv
FNDA:75,_ZNKSt12_Vector_baseI4MoveSaIS0_EE13get_allocatorEv
FN:285,_ZNSt12_Vector_baseI4MoveSaIS0_EEC2Ev
FNDA:14808,_ZNSt12_Vector_baseI4MoveSaIS0_EEC2Ev
FN:290,_ZNSt12_Vector_baseI8PositionSaIS0_EEC2ERKS1_
FNDA:100,_ZNSt12_Vector_baseI8PositionSaIS0_EEC2ERKS1_
FN:290,_ZNSt12_Vector_baseI4MoveSaIS0_EEC2ERKS1_
FNDA:122,_ZNSt12_Vector_baseI4MoveSaIS0_EEC2ERKS1_
FN:290,_ZNSt12_Vector_baseINSt7__cxx1112basic_stringIcSt11char_traitsIcESaIcEEESaIS5_EEC2ERKS6_
FNDA:1,_ZNSt12_Vector_baseINSt7__cxx1112basic_stringIcSt11char_traitsIcESaIcEEESaIS5_EEC2ERKS6_
FN:300,_ZNSt12_Vector_baseI8PositionSaIS0_EEC2EmRKS1_
FNDA:35842,_ZNSt12_Vector_baseI8PositionSaIS0_EEC2EmRKS1_
FN:300,_ZNSt12_Vector_baseI4MoveSaIS0_EEC2EmRKS1_
FNDA:14583,_ZNSt12_Vector_baseI4MoveSaIS0_EEC2EmRKS1_
FN:330,_ZNSt12_Vector_baseI8PositionSaIS0_EED2Ev
FNDA:94030,_ZNSt12_Vector_baseI8PositionSaIS0_EED2Ev
FN:330,_ZNSt12_Vector_baseINSt7__cxx1112basic_stringIcSt11char_traitsIcESaIcEEESaIS5_EED2Ev
FNDA:1,_ZNSt12_Vector_baseINSt7__cxx1112basic_stringIcSt11char_traitsIcESaIcEEESaIS5_EED2Ev
FN:330,_ZNSt12_Vector_baseISt6vectorI4MoveSaIS1_EESaIS3_EED2Ev
FNDA:4764,_ZNSt12_Vector_baseISt6vectorI4MoveSaIS1_EESaIS3_EED2Ev
FN:330,_ZNSt12_Vector_baseISt10shared_ptrI5PieceESaIS2_EED2Ev
FNDA:13138,_ZNSt12_Vector_baseISt10shared_ptrI5PieceESaIS2_EED2Ev
FN:330,_ZNSt12_Vector_baseI4MoveSaIS0_EED2Ev
FNDA:46869,_ZNSt12_Vector_baseI4MoveSaIS0_EED2Ev
FN:340,_ZNSt12_Vector_baseI4MoveSaIS0_EE11_M_allocateEm
FNDA:19092,_ZNSt12_Vector_baseI4MoveSaIS0_EE11_M_allocateEm
FN:340,_ZNSt12_Vector_baseI8PositionSaIS0_EE11_M_allocateEm
FNDA:36622,_ZNSt12_Vector_baseI8PositionSaIS0_EE11_M_allocateEm
FN:340,_ZNSt12_Vector_baseINSt7__cxx1112basic_stringIcSt11char_traitsIcESaIcEEESaIS5_EE11_M_allocateEm
FNDA:1,_ZNSt12_Vector_baseINSt7__cxx1112basic_stringIcSt11char_traitsIcESaIcEEESaIS5_EE11_M_allocateEm
FN:347,_ZNSt12_Vector_baseI8PositionSaIS0_EE13_M_deallocateEPS0_m
FNDA:94810,_ZNSt12_Vector_baseI8PositionSaIS0_EE13_M_deallocateEPS0_m
FN:347,_ZNSt12_Vector_baseI4MoveSaIS0_EE13_M_deallocateEPS0_m
FNDA:51331,_ZNSt12_Vector_baseI4MoveSaIS0_EE13_M_deallocateEPS0_m
FN:347,_ZNSt12_Vector_baseISt10shared_ptrI5PieceESaIS2_EE13_M_deallocateEPS2_m
FNDA:25990,_ZNSt12_Vector_baseISt10shared_ptrI5PieceESaIS2_EE13_M_deallocateEPS2_m
FN:347,_ZNSt12_Vector_baseINSt7__cxx1112basic_stringIcSt11char_traitsIcESaIcEEESaIS5_EE13_M_deallocateEPS5_m
FNDA:1,_ZNSt12_Vector_baseINSt7__cxx1112basic_stringIcSt11char_traitsIcESaIcEEESaIS5_EE13_M_deallocateEPS5_m
FN:347,_ZNSt12_Vector_baseISt6vectorI4MoveSaIS1_EESaIS3_EE13_M_deallocateEPS3_m
FNDA:5900,_ZNSt12_Vector_baseISt6vectorI4MoveSaIS1_EESaIS3_EE13_M_deallocateEPS3_m
FN:356,_ZNSt12_Vector_baseI4MoveSaIS0_EE17_M_create_storageEm
FNDA:14583,_ZNSt12_Vector_baseI4MoveSaIS0_EE17_M_create_storageEm
FN:356,_ZNSt12_Vector_baseI8PositionSaIS0_EE17_M_create_storageEm
FNDA:35842,_ZNSt12_Vector_baseI8PositionSaIS0_EE17_M_create_storageEm
FN:484,_ZNSt6vectorI4MoveSaIS0_EEC2Ev
FNDA:14808,_ZNSt6vectorI4MoveSaIS0_EEC2Ev
FN:494,_ZNSt6vectorI8PositionSaIS0_EEC2ERKS1_
FNDA:100,_ZNSt6vectorI8PositionSaIS0_EEC2ERKS1_
FN:494,_ZNSt6vectorI4MoveSaIS0_EEC2ERKS1_
FNDA:75,_ZNSt6vectorI4MoveSaIS0_EEC2ERKS1_
FN:550,_ZNSt6vectorI8PositionSaIS0_EEC2ERKS2_
FNDA:35842,_ZNSt6vectorI8PositionSaIS0_EEC2ERKS2_
FN:550,_ZNSt6vectorI4MoveSaIS0_EEC2ERKS2_
FNDA:14583,_ZNSt6vectorI4MoveSaIS0_EEC2ERKS2_
FN:622,_ZNSt6vectorINSt7__cxx1112basic_stringIcSt11char_traitsIcESaIcEEESaIS5_EEC2ESt16initializer_listIS5_ERKS6_
FNDA:1,_ZNSt6vectorINSt7__cxx1112basic_stringIcSt11char_traitsIcESaIcEEESaIS5_EEC2ESt16initializer_listIS5_ERKS6_
FN:675,_ZNSt6vectorINSt7__cxx1112basic_stringIcSt11char_traitsIcESaIcEEESaIS5_EED2Ev
FNDA:1,_ZNSt6vectorINSt7__cxx1112basic_stringIcSt11char_traitsIcESaIcEEESaIS5_EED2Ev
FN:675,_ZNSt6vectorI8PositionSaIS0_EED2Ev
FNDA:94030,_ZNSt6vectorI8PositionSaIS0_EED2Ev
FN:675,_ZNSt6vectorI4MoveSaIS0_EED2Ev
FNDA:46869,_ZNSt6vectorI4MoveSaIS0_EED2Ev
FN:675,_ZNSt6vectorISt10shared_ptrI5PieceESaIS2_EED2Ev
FNDA:13138,_ZNSt6vectorISt10shared_ptrI5PieceESaIS2_EED2Ev
FN:675,_ZNSt6vectorIS_I4MoveSaIS0_EESaIS2_EED2Ev
FNDA:4764,_ZNSt6vectorIS_I4MoveSaIS0_EESaIS2_EED2Ev
FN:706,_ZNSt6vectorI8PositionSaIS0_EEaSEOS2_
FNDA:100,_ZNSt6vectorI8PositionSaIS0_EEaSEOS2_
FN:706,_ZNSt6vectorI4MoveSaIS0_EEaSEOS2_
FNDA:75,_ZNSt6vectorI4MoveSaIS0_EEaSEOS2_
FN:817,_ZNKSt6vectorISt10shared_ptrI5PieceESaIS2_EE5beginEv
FNDA:25012,_ZNKSt6vectorISt10shared_ptrI5PieceESaIS2_EE5beginEv
FN:817,_ZNKSt6vectorI8PositionSaIS0_EE5beginEv
FNDA:46846,_ZNKSt6vectorI8PositionSaIS0_EE5beginEv
FN:817,_ZNKSt6vectorI4MoveSaIS0_EE5beginEv
FNDA:22265,_ZNKSt6vectorI4MoveSaIS0_EE5beginEv
FN:817,_ZNKSt6vectorIS_I4MoveSaIS0_EESaIS2_EE5beginEv
FNDA:1079,_ZNKSt6vectorIS_I4MoveSaIS0_EESaIS2_EE5beginEv
FN:835,_ZNKSt6vectorISt10shared_ptrI5PieceESaIS2_EE3endEv
FNDA:25012,_ZNKSt6vectorISt10shared_ptrI5PieceESaIS2_EE3endEv
FN:835,_ZNKSt6vectorI4MoveSaIS0_EE3endEv
FNDA:20446,_ZNKSt6vectorI4MoveSaIS0_EE3endEv
FN:835,_ZNKSt6vectorIS_I4MoveSaIS0_EESaIS2_EE3endEv
FNDA:1079,_ZNKSt6vectorIS_I4MoveSaIS0_EESaIS2_EE3endEv
FN:835,_ZNKSt6vectorI8PositionSaIS0_EE3endEv
FNDA:44948,_ZNKSt6vectorI8PositionSaIS0_EE3endEv
FN:915,_ZNKSt6vectorINSt7__cxx1112basic_stringIcSt11char_traitsIcESaIcEEESaIS5_EE4sizeEv
FNDA:30,_ZNKSt6vectorINSt7__cxx1112basic_stringIcSt11char_traitsIcESaIcEEESaIS5_EE4sizeEv
FN:915,_ZNKSt6vectorI4MoveSaIS0_EE4sizeEv
FNDA:37919,_ZNKSt6vectorI4MoveSaIS0_EE4sizeEv
FN:915,_ZNKSt6vectorI8PositionSaIS0_EE4sizeEv
FNDA:45175,_ZNKSt6vectorI8PositionSaIS0_EE4sizeEv
FN:915,_ZNKSt6vectorISt10shared_ptrI5PieceESaIS2_EE4sizeEv
FNDA:59530,_ZNKSt6vectorISt10shared_ptrI5PieceESaIS2_EE4sizeEv
FN:915,_ZNKSt6vectorIS_I4MoveSaIS0_EESaIS2_EE4sizeEv
FNDA:5531,_ZNKSt6vectorIS_I4MoveSaIS0_EESaIS2_EE4sizeEv
FN:1004,_ZNKSt6vectorI8PositionSaIS0_EE5emptyEv
FNDA:5674,_ZNKSt6vectorI8PositionSaIS0_EE5emptyEv
FN:1004,_ZNKSt6vectorI4MoveSaIS0_EE5emptyEv
FNDA:2975,_ZNKSt6vectorI4MoveSaIS0_EE5emptyEv
FN:1004,_ZNKSt6vectorIS_I4MoveSaIS0_EESaIS2_EE5emptyEv
FNDA:1079,_ZNKSt6vectorIS_I4MoveSaIS0_EESaIS2_EE5emptyEv
FN:1004,_ZNKSt6vectorISt10shared_ptrI5PieceESaIS2_EE5emptyEv
FNDA:79,_ZNKSt6vectorISt10shared_ptrI5PieceESaIS2_EE5emptyEv
FN:1040,_ZNSt6vectorI4MoveSaIS0_EEixEm
FNDA:55,_ZNSt6vectorI4MoveSaIS0_EEixEm
FN:1040,_ZNSt6vectorI8PositionSaIS0_EEixEm
FNDA:22,_ZNSt6vectorI8PositionSaIS0_EEixEm
FN:1040,_ZNSt6vectorISt10shared_ptrI5PieceESaIS2_EEixEm
FNDA:3,_ZNSt6vectorISt10shared_ptrI5PieceESaIS2_EEixEm
FN:1040,_ZNSt6vectorIS_I4MoveSaIS0_EESaIS2_EEixEm
FNDA:7,_ZNSt6vectorIS_I4MoveSaIS0_EESaIS2_EEixEm
FN:1040,_ZNSt6vectorINSt7__cxx1112basic_stringIcSt11char_traitsIcESaIcEEESaIS5_EEixEm
FNDA:30,_ZNSt6vectorINSt7__cxx1112basic_stringIcSt11char_traitsIcESaIcEEESaIS5_EEixEm
FN:1067,_ZNKSt6vectorINSt7__cxx1112basic_stringIcSt11char_traitsIcESaIcEEESaIS5_EE14_M_range_checkEm
FNDA:30,_ZNKSt6vectorINSt7__cxx1112basic_stringIcSt11char_traitsIcESaIcEEESaIS5_EE14_M_range_checkEm
FN:1089,_ZNSt6vectorINSt7__cxx1112basic_stringIcSt11char_traitsIcESaIcEEESaIS5_EE2atEm
FNDA:30,_ZNSt6vectorINSt7__cxx1112basic_stringIcSt11char_traitsIcESaIcEEESaIS5_EE2atEm
FN:1574,_ZNSt6vectorINSt7__cxx1112basic_stringIcSt11char_traitsIcESaIcEEESaIS5_EE19_M_range_initializeIPKS5_EEvT_SB_St20forward_iterator_tag
FNDA:1,_ZNSt6vectorINSt7__cxx1112basic_stringIcSt11char_traitsIcESaIcEEESaIS5_EE19_M_range_initializeIPKS5_EEvT_SB_St20forward_iterator_tag
FN:1764,_ZNSt6vectorINSt7__cxx1112basic_stringIcSt11char_traitsIcESaIcEEESaIS5_EE17_S_check_init_lenEmRKS6_
FNDA:1,_ZNSt6vectorINSt7__cxx1112basic_stringIcSt11char_traitsIcESaIcEEESaIS5_EE17_S_check_init_lenEmRKS6_
FN:1773,_ZNSt6vectorINSt7__cxx1112basic_stringIcSt11char_traitsIcESaIcEEESaIS5_EE11_S_max_sizeERKS6_
FNDA:1,_ZNSt6vectorINSt7__cxx1112basic_stringIcSt11char_traitsIcESaIcEEESaIS5_EE11_S_max_sizeERKS6_
FN:1812,_ZNSt6vectorI8PositionSaIS0_EE14_M_move_assignEOS2_St17integral_constantIbLb1EE
FNDA:100,_ZNSt6vectorI8PositionSaIS0_EE14_M_move_assignEOS2_St17integral_constantIbLb1EE
FN:1812,_ZNSt6vectorI4MoveSaIS0_EE14_M_move_assignEOS2_St17integral_constantIbLb1EE
FNDA:75,_ZNSt6vectorI4MoveSaIS0_EE14_M_move_assignEOS2_St17integral_constantIbLb1EE
DA:94,1
DA:95,1
DA:96,1
DA:94,29663
DA:95,29663
DA:96,29663
DA:94,59920
DA:95,59920
DA:96,59920
DA:106,600
DA:108,600
DA:109,600
DA:110,600
DA:111,600
DA:106,450
DA:108,450
DA:109,450
DA:110,450
DA:111,450
DA:114,200
DA:118,200
DA:119,200
DA:120,200
DA:121,200
DA:122,200
DA:114,150
DA:118,150
DA:119,150
DA:120,150
DA:121,150
DA:122,150
DA:128,14808
DA:130,14808
DA:131,14808
DA:133,1
DA:134,1
DA:135,1
DA:133,14705
DA:134,14705
DA:135,14705
DA:133,35942
DA:134,35942
DA:135,35942
DA:273,9002
DA:274,9002
DA:273,40918
DA:274,40918
DA:273,71448
DA:274,71448
DA:273,133061
DA:274,133061
DA:273,3
DA:274,3
DA:277,23574
DA:278,23574
DA:277,37006
DA:278,37006
DA:281,100
DA:282,100
DA:281,75
DA:282,75
DA:285,14808
DA:290,100
DA:291,100
DA:290,122
DA:291,122
DA:290,1
DA:291,1
DA:300,14583
DA:301,14583
DA:302,14583
DA:300,35842
DA:301,35842
DA:302,35842
DA:330,1
DA:332,1
DA:333,1
DA:334,1
DA:330,4764
DA:332,4764
DA:333,4764
DA:334,4764
DA:330,13138
DA:332,13138
DA:333,13138
DA:334,13138
DA:330,46869
DA:332,46869
DA:333,46869
DA:334,46869
DA:330,94030
DA:332,94030
DA:333,94030
DA:334,94030
DA:340,19092
DA:343,19092
DA:340,36622
DA:343,36622
DA:340,1
DA:343,1
DA:347,1
DA:350,1
DA:351,1
DA:352,1
DA:347,5900
DA:350,5900
DA:351,1136
DA:352,5900
DA:347,25990
DA:350,25990
DA:351,14901
DA:352,25990
DA:347,51331
DA:350,51331
DA:351,5869
DA:352,51331
DA:347,94810
DA:350,94810
DA:351,4339
DA:352,94810
DA:356,14583
DA:358,14583
DA:359,14583
DA:360,14583
DA:361,14583
DA:356,35842
DA:358,35842
DA:359,35842
DA:360,35842
DA:361,35842
DA:484,14808
DA:494,100
DA:495,100
DA:494,75
DA:495,75
DA:550,14583
DA:552,14583
DA:554,14583
DA:555,14583
DA:557,14583
DA:558,14583
DA:550,35842
DA:552,35842
DA:554,35842
DA:555,35842
DA:557,35842
DA:558,35842
DA:622,1
DA:624,1
DA:626,1
DA:628,1
DA:675,4764
DA:677,4764
DA:678,4764
DA:680,4764
DA:675,13138
DA:677,13138
DA:678,13138
DA:680,13138
DA:675,46869
DA:677,46869
DA:678,46869
DA:680,46869
DA:675,94030
DA:677,94030
DA:678,94030
DA:680,94030
DA:675,1
DA:677,1
DA:678,1
DA:680,1
DA:706,100
DA:708,100
DA:711,100
DA:712,100
DA:706,75
DA:708,75
DA:711,75
DA:712,75
DA:817,25012
DA:818,25012
DA:817,1079
DA:818,1079
DA:817,46846
DA:818,46846
DA:817,22265
DA:818,22265
DA:835,25012
DA:836,25012
DA:835,1079
DA:836,1079
DA:835,44948
DA:836,44948
DA:835,20446
DA:836,20446
DA:915,30
DA:916,30
DA:915,5531
DA:916,5531
DA:915,59530
DA:916,59530
DA:915,45175
DA:916,45175
DA:915,37919
DA:916,37919
DA:1004,79
DA:1005,79
DA:1004,1079
DA:1005,1079
DA:1004,5674
DA:1005,5674
DA:1004,2975
DA:1005,2975
DA:1040,30
DA:1043,30
DA:1040,7
DA:1043,7
DA:1040,3
DA:1043,3
DA:1040,55
DA:1043,55
DA:1040,22
DA:1043,22
DA:1067,30
DA:1069,30
DA:1070,0
DA:1074,30
DA:1089,30
DA:1091,30
DA:1092,30
DA:1574,1
DA:1577,1
DA:1578,1
DA:1579,1
DA:1580,1
DA:1581,1
DA:1582,1
DA:1584,1
DA:1585,1
DA:1764,1
DA:1766,1
DA:1767,0
DA:1769,1
DA:1773,1
DA:1778,1
DA:1780,1
DA:1781,1
DA:1812,100
DA:1814,200
DA:1815,100
DA:1816,100
DA:1817,100
DA:1818,100
DA:1812,75
DA:1814,150
DA:1815,75
DA:1816,75
DA:1817,75
DA:1818,75
end_of_record
SF:/usr/include/c++/9/bits/shared_ptr.h
end_of_record
SF:/usr/include/c++/9/ext/alloc_traits.h
FN:97,_ZN9__gnu_cxx14__alloc_traitsISaISt13_Rb_tree_nodeISt4pairIK9PieceNamecEEES6_E17_S_select_on_copyERKS7_
FNDA:12241,_ZN9__gnu_cxx14__alloc_traitsISaISt13_Rb_tree_nodeISt4pairIK9PieceNamecEEES6_E17_S_select_on_copyERKS7_
FN:97,_ZN9__gnu_cxx14__alloc_traitsISaISt13_Rb_tree_nodeISt4pairIKNSt7__cxx1112basic_stringIcSt11char_traitsIcESaIcEEE8PositionEEESC_E17_S_select_on_copyERKSD_
FNDA:12241,_ZN9__gnu_cxx14__alloc_traitsISaISt13_Rb_tree_nodeISt4pairIKNSt7__cxx1112basic_stringIcSt11char_traitsIcESaIcEEE8PositionEEESC_E17_S_select_on_copyERKSD_
FN:97,_ZN9__gnu_cxx14__alloc_traitsISaI4MoveES1_E17_S_select_on_copyERKS2_
FNDA:14583,_ZN9__gnu_cxx14__alloc_traitsISaI4MoveES1_E17_S_select_on_copyERKS2_
FN:97,_ZN9__gnu_cxx14__alloc_traitsISaI8PositionES1_E17_S_select_on_copyERKS2_
FNDA:35842,_ZN9__gnu_cxx14__alloc_traitsISaI8PositionES1_E17_S_select_on_copyERKS2_
FN:97,_ZN9__gnu_cxx14__alloc_traitsISaIcEcE17_S_select_on_copyERKS1_
FNDA:0,_ZN9__gnu_cxx14__alloc_traitsISaIcEcE17_S_select_on_copyERKS1_
DA:97,12241
DA:98,12241
DA:97,12241
DA:98,12241
DA:97,14583
DA:98,14583
DA:97,35842
DA:98,35842
DA:97,0
DA:98,0
end_of_record
SF:/home/napiad/studia/eiti/mgr/sem1/zpr/checkers-webapp/checkers/src/Player.h
FN:29,_ZN6PlayerD0Ev
FNDA:0,_ZN6PlayerD0Ev
FN:29,_ZN6PlayerD2Ev
FNDA:11062,_ZN6PlayerD2Ev
DA:29,0
DA:29,11062
end_of_record
